[2024-07-20T15:18:44.789+0000] {processor.py:161} INFO - Started process (PID=78) to work on /home/airflow/.local/lib/python3.12/site-packages/airflow/example_dags/example_datasets.py
[2024-07-20T15:18:44.791+0000] {processor.py:830} INFO - Processing file /home/airflow/.local/lib/python3.12/site-packages/airflow/example_dags/example_datasets.py for tasks to queue
[2024-07-20T15:18:44.793+0000] {logging_mixin.py:188} INFO - [2024-07-20T15:18:44.793+0000] {dagbag.py:545} INFO - Filling up the DagBag from /home/airflow/.local/lib/python3.12/site-packages/airflow/example_dags/example_datasets.py
[2024-07-20T15:18:44.834+0000] {processor.py:840} INFO - DAG(s) 'dataset_consumes_unknown_never_scheduled', 'dataset_consumes_1_and_2', 'consume_1_and_2_with_dataset_expressions', 'consume_1_or_2_with_dataset_expressions', 'dataset_produces_2', 'dataset_produces_1', 'consume_1_or_both_2_and_3_with_dataset_expressions', 'conditional_dataset_and_time_based_timetable', 'dataset_consumes_1', 'dataset_consumes_1_never_scheduled' retrieved from /home/airflow/.local/lib/python3.12/site-packages/airflow/example_dags/example_datasets.py
[2024-07-20T15:18:45.108+0000] {logging_mixin.py:188} INFO - [2024-07-20T15:18:45.108+0000] {dag.py:3089} INFO - Sync 10 DAGs
[2024-07-20T15:18:45.140+0000] {logging_mixin.py:188} INFO - [2024-07-20T15:18:45.139+0000] {dag.py:3947} INFO - Setting next_dagrun for conditional_dataset_and_time_based_timetable to 2024-07-17 01:00:00+00:00, run_after=2024-07-17 01:00:00+00:00
[2024-07-20T15:18:45.143+0000] {logging_mixin.py:188} INFO - [2024-07-20T15:18:45.143+0000] {dag.py:3947} INFO - Setting next_dagrun for consume_1_and_2_with_dataset_expressions to None, run_after=None
[2024-07-20T15:18:45.145+0000] {logging_mixin.py:188} INFO - [2024-07-20T15:18:45.145+0000] {dag.py:3947} INFO - Setting next_dagrun for consume_1_or_2_with_dataset_expressions to None, run_after=None
[2024-07-20T15:18:45.146+0000] {logging_mixin.py:188} INFO - [2024-07-20T15:18:45.146+0000] {dag.py:3947} INFO - Setting next_dagrun for consume_1_or_both_2_and_3_with_dataset_expressions to None, run_after=None
[2024-07-20T15:18:45.148+0000] {logging_mixin.py:188} INFO - [2024-07-20T15:18:45.148+0000] {dag.py:3947} INFO - Setting next_dagrun for dataset_consumes_1 to None, run_after=None
[2024-07-20T15:18:45.150+0000] {logging_mixin.py:188} INFO - [2024-07-20T15:18:45.149+0000] {dag.py:3947} INFO - Setting next_dagrun for dataset_consumes_1_and_2 to None, run_after=None
[2024-07-20T15:18:45.151+0000] {logging_mixin.py:188} INFO - [2024-07-20T15:18:45.151+0000] {dag.py:3947} INFO - Setting next_dagrun for dataset_consumes_1_never_scheduled to None, run_after=None
[2024-07-20T15:18:45.152+0000] {logging_mixin.py:188} INFO - [2024-07-20T15:18:45.152+0000] {dag.py:3947} INFO - Setting next_dagrun for dataset_consumes_unknown_never_scheduled to None, run_after=None
[2024-07-20T15:18:45.154+0000] {logging_mixin.py:188} INFO - [2024-07-20T15:18:45.154+0000] {dag.py:3947} INFO - Setting next_dagrun for dataset_produces_1 to 2024-07-19 00:00:00+00:00, run_after=2024-07-20 00:00:00+00:00
[2024-07-20T15:18:45.156+0000] {logging_mixin.py:188} INFO - [2024-07-20T15:18:45.155+0000] {dag.py:3947} INFO - Setting next_dagrun for dataset_produces_2 to None, run_after=None
[2024-07-20T15:18:45.210+0000] {processor.py:183} INFO - Processing /home/airflow/.local/lib/python3.12/site-packages/airflow/example_dags/example_datasets.py took 0.430 seconds
[2024-07-20T15:19:15.262+0000] {processor.py:161} INFO - Started process (PID=138) to work on /home/airflow/.local/lib/python3.12/site-packages/airflow/example_dags/example_datasets.py
[2024-07-20T15:19:15.263+0000] {processor.py:830} INFO - Processing file /home/airflow/.local/lib/python3.12/site-packages/airflow/example_dags/example_datasets.py for tasks to queue
[2024-07-20T15:19:15.265+0000] {logging_mixin.py:188} INFO - [2024-07-20T15:19:15.265+0000] {dagbag.py:545} INFO - Filling up the DagBag from /home/airflow/.local/lib/python3.12/site-packages/airflow/example_dags/example_datasets.py
[2024-07-20T15:19:15.286+0000] {processor.py:840} INFO - DAG(s) 'dataset_consumes_1', 'consume_1_and_2_with_dataset_expressions', 'consume_1_or_both_2_and_3_with_dataset_expressions', 'dataset_consumes_1_never_scheduled', 'dataset_produces_2', 'dataset_consumes_unknown_never_scheduled', 'consume_1_or_2_with_dataset_expressions', 'dataset_consumes_1_and_2', 'conditional_dataset_and_time_based_timetable', 'dataset_produces_1' retrieved from /home/airflow/.local/lib/python3.12/site-packages/airflow/example_dags/example_datasets.py
[2024-07-20T15:19:15.375+0000] {logging_mixin.py:188} INFO - [2024-07-20T15:19:15.375+0000] {dag.py:3089} INFO - Sync 10 DAGs
[2024-07-20T15:19:15.403+0000] {logging_mixin.py:188} INFO - [2024-07-20T15:19:15.403+0000] {dag.py:3947} INFO - Setting next_dagrun for conditional_dataset_and_time_based_timetable to 2024-07-17 01:00:00+00:00, run_after=2024-07-17 01:00:00+00:00
[2024-07-20T15:19:15.411+0000] {logging_mixin.py:188} INFO - [2024-07-20T15:19:15.411+0000] {dag.py:3947} INFO - Setting next_dagrun for consume_1_and_2_with_dataset_expressions to None, run_after=None
[2024-07-20T15:19:15.413+0000] {logging_mixin.py:188} INFO - [2024-07-20T15:19:15.412+0000] {dag.py:3947} INFO - Setting next_dagrun for consume_1_or_2_with_dataset_expressions to None, run_after=None
[2024-07-20T15:19:15.414+0000] {logging_mixin.py:188} INFO - [2024-07-20T15:19:15.414+0000] {dag.py:3947} INFO - Setting next_dagrun for consume_1_or_both_2_and_3_with_dataset_expressions to None, run_after=None
[2024-07-20T15:19:15.416+0000] {logging_mixin.py:188} INFO - [2024-07-20T15:19:15.415+0000] {dag.py:3947} INFO - Setting next_dagrun for dataset_consumes_1 to None, run_after=None
[2024-07-20T15:19:15.417+0000] {logging_mixin.py:188} INFO - [2024-07-20T15:19:15.417+0000] {dag.py:3947} INFO - Setting next_dagrun for dataset_consumes_1_and_2 to None, run_after=None
[2024-07-20T15:19:15.419+0000] {logging_mixin.py:188} INFO - [2024-07-20T15:19:15.419+0000] {dag.py:3947} INFO - Setting next_dagrun for dataset_consumes_1_never_scheduled to None, run_after=None
[2024-07-20T15:19:15.421+0000] {logging_mixin.py:188} INFO - [2024-07-20T15:19:15.420+0000] {dag.py:3947} INFO - Setting next_dagrun for dataset_consumes_unknown_never_scheduled to None, run_after=None
[2024-07-20T15:19:15.424+0000] {logging_mixin.py:188} INFO - [2024-07-20T15:19:15.423+0000] {dag.py:3947} INFO - Setting next_dagrun for dataset_produces_1 to 2024-07-19 00:00:00+00:00, run_after=2024-07-20 00:00:00+00:00
[2024-07-20T15:19:15.426+0000] {logging_mixin.py:188} INFO - [2024-07-20T15:19:15.425+0000] {dag.py:3947} INFO - Setting next_dagrun for dataset_produces_2 to None, run_after=None
[2024-07-20T15:19:15.483+0000] {processor.py:183} INFO - Processing /home/airflow/.local/lib/python3.12/site-packages/airflow/example_dags/example_datasets.py took 0.230 seconds
[2024-07-20T15:19:45.529+0000] {processor.py:161} INFO - Started process (PID=199) to work on /home/airflow/.local/lib/python3.12/site-packages/airflow/example_dags/example_datasets.py
[2024-07-20T15:19:45.530+0000] {processor.py:830} INFO - Processing file /home/airflow/.local/lib/python3.12/site-packages/airflow/example_dags/example_datasets.py for tasks to queue
[2024-07-20T15:19:45.531+0000] {logging_mixin.py:188} INFO - [2024-07-20T15:19:45.531+0000] {dagbag.py:545} INFO - Filling up the DagBag from /home/airflow/.local/lib/python3.12/site-packages/airflow/example_dags/example_datasets.py
[2024-07-20T15:19:45.544+0000] {processor.py:840} INFO - DAG(s) 'dataset_consumes_1_never_scheduled', 'consume_1_and_2_with_dataset_expressions', 'dataset_produces_1', 'consume_1_or_both_2_and_3_with_dataset_expressions', 'dataset_consumes_1', 'consume_1_or_2_with_dataset_expressions', 'dataset_consumes_1_and_2', 'dataset_produces_2', 'dataset_consumes_unknown_never_scheduled', 'conditional_dataset_and_time_based_timetable' retrieved from /home/airflow/.local/lib/python3.12/site-packages/airflow/example_dags/example_datasets.py
[2024-07-20T15:19:45.592+0000] {logging_mixin.py:188} INFO - [2024-07-20T15:19:45.592+0000] {dag.py:3089} INFO - Sync 10 DAGs
[2024-07-20T15:19:45.615+0000] {logging_mixin.py:188} INFO - [2024-07-20T15:19:45.615+0000] {dag.py:3947} INFO - Setting next_dagrun for conditional_dataset_and_time_based_timetable to 2024-07-17 01:00:00+00:00, run_after=2024-07-17 01:00:00+00:00
[2024-07-20T15:19:45.620+0000] {logging_mixin.py:188} INFO - [2024-07-20T15:19:45.620+0000] {dag.py:3947} INFO - Setting next_dagrun for consume_1_and_2_with_dataset_expressions to None, run_after=None
[2024-07-20T15:19:45.621+0000] {logging_mixin.py:188} INFO - [2024-07-20T15:19:45.621+0000] {dag.py:3947} INFO - Setting next_dagrun for consume_1_or_2_with_dataset_expressions to None, run_after=None
[2024-07-20T15:19:45.622+0000] {logging_mixin.py:188} INFO - [2024-07-20T15:19:45.622+0000] {dag.py:3947} INFO - Setting next_dagrun for consume_1_or_both_2_and_3_with_dataset_expressions to None, run_after=None
[2024-07-20T15:19:45.623+0000] {logging_mixin.py:188} INFO - [2024-07-20T15:19:45.623+0000] {dag.py:3947} INFO - Setting next_dagrun for dataset_consumes_1 to None, run_after=None
[2024-07-20T15:19:45.624+0000] {logging_mixin.py:188} INFO - [2024-07-20T15:19:45.624+0000] {dag.py:3947} INFO - Setting next_dagrun for dataset_consumes_1_and_2 to None, run_after=None
[2024-07-20T15:19:45.625+0000] {logging_mixin.py:188} INFO - [2024-07-20T15:19:45.625+0000] {dag.py:3947} INFO - Setting next_dagrun for dataset_consumes_1_never_scheduled to None, run_after=None
[2024-07-20T15:19:45.626+0000] {logging_mixin.py:188} INFO - [2024-07-20T15:19:45.626+0000] {dag.py:3947} INFO - Setting next_dagrun for dataset_consumes_unknown_never_scheduled to None, run_after=None
[2024-07-20T15:19:45.629+0000] {logging_mixin.py:188} INFO - [2024-07-20T15:19:45.628+0000] {dag.py:3947} INFO - Setting next_dagrun for dataset_produces_1 to 2024-07-19 00:00:00+00:00, run_after=2024-07-20 00:00:00+00:00
[2024-07-20T15:19:45.630+0000] {logging_mixin.py:188} INFO - [2024-07-20T15:19:45.630+0000] {dag.py:3947} INFO - Setting next_dagrun for dataset_produces_2 to None, run_after=None
[2024-07-20T15:19:45.662+0000] {processor.py:183} INFO - Processing /home/airflow/.local/lib/python3.12/site-packages/airflow/example_dags/example_datasets.py took 0.138 seconds
[2024-07-20T15:20:16.644+0000] {processor.py:161} INFO - Started process (PID=257) to work on /home/airflow/.local/lib/python3.12/site-packages/airflow/example_dags/example_datasets.py
[2024-07-20T15:20:16.644+0000] {processor.py:830} INFO - Processing file /home/airflow/.local/lib/python3.12/site-packages/airflow/example_dags/example_datasets.py for tasks to queue
[2024-07-20T15:20:16.646+0000] {logging_mixin.py:188} INFO - [2024-07-20T15:20:16.645+0000] {dagbag.py:545} INFO - Filling up the DagBag from /home/airflow/.local/lib/python3.12/site-packages/airflow/example_dags/example_datasets.py
[2024-07-20T15:20:16.662+0000] {processor.py:840} INFO - DAG(s) 'dataset_produces_1', 'consume_1_and_2_with_dataset_expressions', 'dataset_consumes_unknown_never_scheduled', 'dataset_consumes_1_and_2', 'consume_1_or_both_2_and_3_with_dataset_expressions', 'dataset_consumes_1_never_scheduled', 'dataset_consumes_1', 'conditional_dataset_and_time_based_timetable', 'consume_1_or_2_with_dataset_expressions', 'dataset_produces_2' retrieved from /home/airflow/.local/lib/python3.12/site-packages/airflow/example_dags/example_datasets.py
[2024-07-20T15:20:16.709+0000] {logging_mixin.py:188} INFO - [2024-07-20T15:20:16.709+0000] {dag.py:3089} INFO - Sync 10 DAGs
[2024-07-20T15:20:16.738+0000] {logging_mixin.py:188} INFO - [2024-07-20T15:20:16.738+0000] {dag.py:3947} INFO - Setting next_dagrun for conditional_dataset_and_time_based_timetable to 2024-07-17 01:00:00+00:00, run_after=2024-07-17 01:00:00+00:00
[2024-07-20T15:20:16.743+0000] {logging_mixin.py:188} INFO - [2024-07-20T15:20:16.742+0000] {dag.py:3947} INFO - Setting next_dagrun for consume_1_and_2_with_dataset_expressions to None, run_after=None
[2024-07-20T15:20:16.744+0000] {logging_mixin.py:188} INFO - [2024-07-20T15:20:16.744+0000] {dag.py:3947} INFO - Setting next_dagrun for consume_1_or_2_with_dataset_expressions to None, run_after=None
[2024-07-20T15:20:16.745+0000] {logging_mixin.py:188} INFO - [2024-07-20T15:20:16.745+0000] {dag.py:3947} INFO - Setting next_dagrun for consume_1_or_both_2_and_3_with_dataset_expressions to None, run_after=None
[2024-07-20T15:20:16.746+0000] {logging_mixin.py:188} INFO - [2024-07-20T15:20:16.746+0000] {dag.py:3947} INFO - Setting next_dagrun for dataset_consumes_1 to None, run_after=None
[2024-07-20T15:20:16.747+0000] {logging_mixin.py:188} INFO - [2024-07-20T15:20:16.747+0000] {dag.py:3947} INFO - Setting next_dagrun for dataset_consumes_1_and_2 to None, run_after=None
[2024-07-20T15:20:16.749+0000] {logging_mixin.py:188} INFO - [2024-07-20T15:20:16.749+0000] {dag.py:3947} INFO - Setting next_dagrun for dataset_consumes_1_never_scheduled to None, run_after=None
[2024-07-20T15:20:16.750+0000] {logging_mixin.py:188} INFO - [2024-07-20T15:20:16.750+0000] {dag.py:3947} INFO - Setting next_dagrun for dataset_consumes_unknown_never_scheduled to None, run_after=None
[2024-07-20T15:20:16.753+0000] {logging_mixin.py:188} INFO - [2024-07-20T15:20:16.753+0000] {dag.py:3947} INFO - Setting next_dagrun for dataset_produces_1 to 2024-07-19 00:00:00+00:00, run_after=2024-07-20 00:00:00+00:00
[2024-07-20T15:20:16.754+0000] {logging_mixin.py:188} INFO - [2024-07-20T15:20:16.754+0000] {dag.py:3947} INFO - Setting next_dagrun for dataset_produces_2 to None, run_after=None
[2024-07-20T15:20:16.787+0000] {processor.py:183} INFO - Processing /home/airflow/.local/lib/python3.12/site-packages/airflow/example_dags/example_datasets.py took 0.149 seconds
[2024-07-20T15:20:47.553+0000] {processor.py:161} INFO - Started process (PID=315) to work on /home/airflow/.local/lib/python3.12/site-packages/airflow/example_dags/example_datasets.py
[2024-07-20T15:20:47.554+0000] {processor.py:830} INFO - Processing file /home/airflow/.local/lib/python3.12/site-packages/airflow/example_dags/example_datasets.py for tasks to queue
[2024-07-20T15:20:47.556+0000] {logging_mixin.py:188} INFO - [2024-07-20T15:20:47.556+0000] {dagbag.py:545} INFO - Filling up the DagBag from /home/airflow/.local/lib/python3.12/site-packages/airflow/example_dags/example_datasets.py
[2024-07-20T15:20:47.570+0000] {processor.py:840} INFO - DAG(s) 'conditional_dataset_and_time_based_timetable', 'dataset_produces_1', 'dataset_consumes_1_and_2', 'dataset_produces_2', 'consume_1_or_2_with_dataset_expressions', 'dataset_consumes_1_never_scheduled', 'consume_1_or_both_2_and_3_with_dataset_expressions', 'dataset_consumes_unknown_never_scheduled', 'dataset_consumes_1', 'consume_1_and_2_with_dataset_expressions' retrieved from /home/airflow/.local/lib/python3.12/site-packages/airflow/example_dags/example_datasets.py
[2024-07-20T15:20:47.615+0000] {logging_mixin.py:188} INFO - [2024-07-20T15:20:47.615+0000] {dag.py:3089} INFO - Sync 10 DAGs
[2024-07-20T15:20:47.640+0000] {logging_mixin.py:188} INFO - [2024-07-20T15:20:47.640+0000] {dag.py:3947} INFO - Setting next_dagrun for conditional_dataset_and_time_based_timetable to 2024-07-17 01:00:00+00:00, run_after=2024-07-17 01:00:00+00:00
[2024-07-20T15:20:47.645+0000] {logging_mixin.py:188} INFO - [2024-07-20T15:20:47.645+0000] {dag.py:3947} INFO - Setting next_dagrun for consume_1_and_2_with_dataset_expressions to None, run_after=None
[2024-07-20T15:20:47.646+0000] {logging_mixin.py:188} INFO - [2024-07-20T15:20:47.646+0000] {dag.py:3947} INFO - Setting next_dagrun for consume_1_or_2_with_dataset_expressions to None, run_after=None
[2024-07-20T15:20:47.647+0000] {logging_mixin.py:188} INFO - [2024-07-20T15:20:47.647+0000] {dag.py:3947} INFO - Setting next_dagrun for consume_1_or_both_2_and_3_with_dataset_expressions to None, run_after=None
[2024-07-20T15:20:47.648+0000] {logging_mixin.py:188} INFO - [2024-07-20T15:20:47.648+0000] {dag.py:3947} INFO - Setting next_dagrun for dataset_consumes_1 to None, run_after=None
[2024-07-20T15:20:47.650+0000] {logging_mixin.py:188} INFO - [2024-07-20T15:20:47.649+0000] {dag.py:3947} INFO - Setting next_dagrun for dataset_consumes_1_and_2 to None, run_after=None
[2024-07-20T15:20:47.651+0000] {logging_mixin.py:188} INFO - [2024-07-20T15:20:47.651+0000] {dag.py:3947} INFO - Setting next_dagrun for dataset_consumes_1_never_scheduled to None, run_after=None
[2024-07-20T15:20:47.652+0000] {logging_mixin.py:188} INFO - [2024-07-20T15:20:47.652+0000] {dag.py:3947} INFO - Setting next_dagrun for dataset_consumes_unknown_never_scheduled to None, run_after=None
[2024-07-20T15:20:47.654+0000] {logging_mixin.py:188} INFO - [2024-07-20T15:20:47.654+0000] {dag.py:3947} INFO - Setting next_dagrun for dataset_produces_1 to 2024-07-19 00:00:00+00:00, run_after=2024-07-20 00:00:00+00:00
[2024-07-20T15:20:47.656+0000] {logging_mixin.py:188} INFO - [2024-07-20T15:20:47.655+0000] {dag.py:3947} INFO - Setting next_dagrun for dataset_produces_2 to None, run_after=None
[2024-07-20T15:20:47.689+0000] {processor.py:183} INFO - Processing /home/airflow/.local/lib/python3.12/site-packages/airflow/example_dags/example_datasets.py took 0.142 seconds
[2024-07-20T15:21:18.050+0000] {processor.py:161} INFO - Started process (PID=373) to work on /home/airflow/.local/lib/python3.12/site-packages/airflow/example_dags/example_datasets.py
[2024-07-20T15:21:18.051+0000] {processor.py:830} INFO - Processing file /home/airflow/.local/lib/python3.12/site-packages/airflow/example_dags/example_datasets.py for tasks to queue
[2024-07-20T15:21:18.053+0000] {logging_mixin.py:188} INFO - [2024-07-20T15:21:18.052+0000] {dagbag.py:545} INFO - Filling up the DagBag from /home/airflow/.local/lib/python3.12/site-packages/airflow/example_dags/example_datasets.py
[2024-07-20T15:21:18.071+0000] {processor.py:840} INFO - DAG(s) 'dataset_produces_2', 'dataset_consumes_unknown_never_scheduled', 'dataset_consumes_1', 'consume_1_or_both_2_and_3_with_dataset_expressions', 'consume_1_or_2_with_dataset_expressions', 'conditional_dataset_and_time_based_timetable', 'consume_1_and_2_with_dataset_expressions', 'dataset_consumes_1_and_2', 'dataset_produces_1', 'dataset_consumes_1_never_scheduled' retrieved from /home/airflow/.local/lib/python3.12/site-packages/airflow/example_dags/example_datasets.py
[2024-07-20T15:21:18.127+0000] {logging_mixin.py:188} INFO - [2024-07-20T15:21:18.127+0000] {dag.py:3089} INFO - Sync 10 DAGs
[2024-07-20T15:21:18.158+0000] {logging_mixin.py:188} INFO - [2024-07-20T15:21:18.158+0000] {dag.py:3947} INFO - Setting next_dagrun for conditional_dataset_and_time_based_timetable to 2024-07-17 01:00:00+00:00, run_after=2024-07-17 01:00:00+00:00
[2024-07-20T15:21:18.163+0000] {logging_mixin.py:188} INFO - [2024-07-20T15:21:18.163+0000] {dag.py:3947} INFO - Setting next_dagrun for consume_1_and_2_with_dataset_expressions to None, run_after=None
[2024-07-20T15:21:18.166+0000] {logging_mixin.py:188} INFO - [2024-07-20T15:21:18.166+0000] {dag.py:3947} INFO - Setting next_dagrun for consume_1_or_2_with_dataset_expressions to None, run_after=None
[2024-07-20T15:21:18.168+0000] {logging_mixin.py:188} INFO - [2024-07-20T15:21:18.167+0000] {dag.py:3947} INFO - Setting next_dagrun for consume_1_or_both_2_and_3_with_dataset_expressions to None, run_after=None
[2024-07-20T15:21:18.169+0000] {logging_mixin.py:188} INFO - [2024-07-20T15:21:18.169+0000] {dag.py:3947} INFO - Setting next_dagrun for dataset_consumes_1 to None, run_after=None
[2024-07-20T15:21:18.170+0000] {logging_mixin.py:188} INFO - [2024-07-20T15:21:18.170+0000] {dag.py:3947} INFO - Setting next_dagrun for dataset_consumes_1_and_2 to None, run_after=None
[2024-07-20T15:21:18.171+0000] {logging_mixin.py:188} INFO - [2024-07-20T15:21:18.171+0000] {dag.py:3947} INFO - Setting next_dagrun for dataset_consumes_1_never_scheduled to None, run_after=None
[2024-07-20T15:21:18.172+0000] {logging_mixin.py:188} INFO - [2024-07-20T15:21:18.172+0000] {dag.py:3947} INFO - Setting next_dagrun for dataset_consumes_unknown_never_scheduled to None, run_after=None
[2024-07-20T15:21:18.175+0000] {logging_mixin.py:188} INFO - [2024-07-20T15:21:18.175+0000] {dag.py:3947} INFO - Setting next_dagrun for dataset_produces_1 to 2024-07-19 00:00:00+00:00, run_after=2024-07-20 00:00:00+00:00
[2024-07-20T15:21:18.176+0000] {logging_mixin.py:188} INFO - [2024-07-20T15:21:18.176+0000] {dag.py:3947} INFO - Setting next_dagrun for dataset_produces_2 to None, run_after=None
[2024-07-20T15:21:18.217+0000] {processor.py:183} INFO - Processing /home/airflow/.local/lib/python3.12/site-packages/airflow/example_dags/example_datasets.py took 0.173 seconds
[2024-07-20T15:21:48.619+0000] {processor.py:161} INFO - Started process (PID=431) to work on /home/airflow/.local/lib/python3.12/site-packages/airflow/example_dags/example_datasets.py
[2024-07-20T15:21:48.620+0000] {processor.py:830} INFO - Processing file /home/airflow/.local/lib/python3.12/site-packages/airflow/example_dags/example_datasets.py for tasks to queue
[2024-07-20T15:21:48.623+0000] {logging_mixin.py:188} INFO - [2024-07-20T15:21:48.622+0000] {dagbag.py:545} INFO - Filling up the DagBag from /home/airflow/.local/lib/python3.12/site-packages/airflow/example_dags/example_datasets.py
[2024-07-20T15:21:48.640+0000] {processor.py:840} INFO - DAG(s) 'dataset_consumes_unknown_never_scheduled', 'consume_1_and_2_with_dataset_expressions', 'dataset_consumes_1_and_2', 'consume_1_or_2_with_dataset_expressions', 'dataset_produces_2', 'dataset_produces_1', 'dataset_consumes_1', 'consume_1_or_both_2_and_3_with_dataset_expressions', 'conditional_dataset_and_time_based_timetable', 'dataset_consumes_1_never_scheduled' retrieved from /home/airflow/.local/lib/python3.12/site-packages/airflow/example_dags/example_datasets.py
[2024-07-20T15:21:48.695+0000] {logging_mixin.py:188} INFO - [2024-07-20T15:21:48.695+0000] {dag.py:3089} INFO - Sync 10 DAGs
[2024-07-20T15:21:48.726+0000] {logging_mixin.py:188} INFO - [2024-07-20T15:21:48.726+0000] {dag.py:3947} INFO - Setting next_dagrun for conditional_dataset_and_time_based_timetable to 2024-07-17 01:00:00+00:00, run_after=2024-07-17 01:00:00+00:00
[2024-07-20T15:21:48.731+0000] {logging_mixin.py:188} INFO - [2024-07-20T15:21:48.731+0000] {dag.py:3947} INFO - Setting next_dagrun for consume_1_and_2_with_dataset_expressions to None, run_after=None
[2024-07-20T15:21:48.733+0000] {logging_mixin.py:188} INFO - [2024-07-20T15:21:48.732+0000] {dag.py:3947} INFO - Setting next_dagrun for consume_1_or_2_with_dataset_expressions to None, run_after=None
[2024-07-20T15:21:48.734+0000] {logging_mixin.py:188} INFO - [2024-07-20T15:21:48.734+0000] {dag.py:3947} INFO - Setting next_dagrun for consume_1_or_both_2_and_3_with_dataset_expressions to None, run_after=None
[2024-07-20T15:21:48.736+0000] {logging_mixin.py:188} INFO - [2024-07-20T15:21:48.736+0000] {dag.py:3947} INFO - Setting next_dagrun for dataset_consumes_1 to None, run_after=None
[2024-07-20T15:21:48.738+0000] {logging_mixin.py:188} INFO - [2024-07-20T15:21:48.737+0000] {dag.py:3947} INFO - Setting next_dagrun for dataset_consumes_1_and_2 to None, run_after=None
[2024-07-20T15:21:48.739+0000] {logging_mixin.py:188} INFO - [2024-07-20T15:21:48.739+0000] {dag.py:3947} INFO - Setting next_dagrun for dataset_consumes_1_never_scheduled to None, run_after=None
[2024-07-20T15:21:48.741+0000] {logging_mixin.py:188} INFO - [2024-07-20T15:21:48.741+0000] {dag.py:3947} INFO - Setting next_dagrun for dataset_consumes_unknown_never_scheduled to None, run_after=None
[2024-07-20T15:21:48.744+0000] {logging_mixin.py:188} INFO - [2024-07-20T15:21:48.744+0000] {dag.py:3947} INFO - Setting next_dagrun for dataset_produces_1 to 2024-07-19 00:00:00+00:00, run_after=2024-07-20 00:00:00+00:00
[2024-07-20T15:21:48.745+0000] {logging_mixin.py:188} INFO - [2024-07-20T15:21:48.745+0000] {dag.py:3947} INFO - Setting next_dagrun for dataset_produces_2 to None, run_after=None
[2024-07-20T15:21:48.788+0000] {processor.py:183} INFO - Processing /home/airflow/.local/lib/python3.12/site-packages/airflow/example_dags/example_datasets.py took 0.174 seconds
[2024-07-20T15:22:19.332+0000] {processor.py:161} INFO - Started process (PID=489) to work on /home/airflow/.local/lib/python3.12/site-packages/airflow/example_dags/example_datasets.py
[2024-07-20T15:22:19.333+0000] {processor.py:830} INFO - Processing file /home/airflow/.local/lib/python3.12/site-packages/airflow/example_dags/example_datasets.py for tasks to queue
[2024-07-20T15:22:19.335+0000] {logging_mixin.py:188} INFO - [2024-07-20T15:22:19.334+0000] {dagbag.py:545} INFO - Filling up the DagBag from /home/airflow/.local/lib/python3.12/site-packages/airflow/example_dags/example_datasets.py
[2024-07-20T15:22:19.348+0000] {processor.py:840} INFO - DAG(s) 'conditional_dataset_and_time_based_timetable', 'dataset_produces_2', 'consume_1_and_2_with_dataset_expressions', 'consume_1_or_2_with_dataset_expressions', 'dataset_consumes_1_never_scheduled', 'dataset_consumes_1', 'consume_1_or_both_2_and_3_with_dataset_expressions', 'dataset_consumes_1_and_2', 'dataset_produces_1', 'dataset_consumes_unknown_never_scheduled' retrieved from /home/airflow/.local/lib/python3.12/site-packages/airflow/example_dags/example_datasets.py
[2024-07-20T15:22:19.393+0000] {logging_mixin.py:188} INFO - [2024-07-20T15:22:19.393+0000] {dag.py:3089} INFO - Sync 10 DAGs
[2024-07-20T15:22:19.417+0000] {logging_mixin.py:188} INFO - [2024-07-20T15:22:19.417+0000] {dag.py:3947} INFO - Setting next_dagrun for conditional_dataset_and_time_based_timetable to 2024-07-17 01:00:00+00:00, run_after=2024-07-17 01:00:00+00:00
[2024-07-20T15:22:19.420+0000] {logging_mixin.py:188} INFO - [2024-07-20T15:22:19.420+0000] {dag.py:3947} INFO - Setting next_dagrun for consume_1_and_2_with_dataset_expressions to None, run_after=None
[2024-07-20T15:22:19.422+0000] {logging_mixin.py:188} INFO - [2024-07-20T15:22:19.421+0000] {dag.py:3947} INFO - Setting next_dagrun for consume_1_or_2_with_dataset_expressions to None, run_after=None
[2024-07-20T15:22:19.423+0000] {logging_mixin.py:188} INFO - [2024-07-20T15:22:19.423+0000] {dag.py:3947} INFO - Setting next_dagrun for consume_1_or_both_2_and_3_with_dataset_expressions to None, run_after=None
[2024-07-20T15:22:19.424+0000] {logging_mixin.py:188} INFO - [2024-07-20T15:22:19.424+0000] {dag.py:3947} INFO - Setting next_dagrun for dataset_consumes_1 to None, run_after=None
[2024-07-20T15:22:19.425+0000] {logging_mixin.py:188} INFO - [2024-07-20T15:22:19.425+0000] {dag.py:3947} INFO - Setting next_dagrun for dataset_consumes_1_and_2 to None, run_after=None
[2024-07-20T15:22:19.426+0000] {logging_mixin.py:188} INFO - [2024-07-20T15:22:19.426+0000] {dag.py:3947} INFO - Setting next_dagrun for dataset_consumes_1_never_scheduled to None, run_after=None
[2024-07-20T15:22:19.427+0000] {logging_mixin.py:188} INFO - [2024-07-20T15:22:19.427+0000] {dag.py:3947} INFO - Setting next_dagrun for dataset_consumes_unknown_never_scheduled to None, run_after=None
[2024-07-20T15:22:19.429+0000] {logging_mixin.py:188} INFO - [2024-07-20T15:22:19.429+0000] {dag.py:3947} INFO - Setting next_dagrun for dataset_produces_1 to 2024-07-19 00:00:00+00:00, run_after=2024-07-20 00:00:00+00:00
[2024-07-20T15:22:19.430+0000] {logging_mixin.py:188} INFO - [2024-07-20T15:22:19.430+0000] {dag.py:3947} INFO - Setting next_dagrun for dataset_produces_2 to None, run_after=None
[2024-07-20T15:22:19.459+0000] {processor.py:183} INFO - Processing /home/airflow/.local/lib/python3.12/site-packages/airflow/example_dags/example_datasets.py took 0.132 seconds
[2024-07-20T15:23:28.780+0000] {processor.py:161} INFO - Started process (PID=73) to work on /home/airflow/.local/lib/python3.12/site-packages/airflow/example_dags/example_datasets.py
[2024-07-20T15:23:28.781+0000] {processor.py:830} INFO - Processing file /home/airflow/.local/lib/python3.12/site-packages/airflow/example_dags/example_datasets.py for tasks to queue
[2024-07-20T15:23:28.783+0000] {logging_mixin.py:188} INFO - [2024-07-20T15:23:28.783+0000] {dagbag.py:545} INFO - Filling up the DagBag from /home/airflow/.local/lib/python3.12/site-packages/airflow/example_dags/example_datasets.py
[2024-07-20T15:23:28.798+0000] {processor.py:840} INFO - DAG(s) 'dataset_consumes_1_and_2', 'consume_1_and_2_with_dataset_expressions', 'dataset_consumes_unknown_never_scheduled', 'dataset_produces_1', 'dataset_produces_2', 'consume_1_or_both_2_and_3_with_dataset_expressions', 'consume_1_or_2_with_dataset_expressions', 'dataset_consumes_1', 'conditional_dataset_and_time_based_timetable', 'dataset_consumes_1_never_scheduled' retrieved from /home/airflow/.local/lib/python3.12/site-packages/airflow/example_dags/example_datasets.py
[2024-07-20T15:23:28.813+0000] {logging_mixin.py:188} INFO - [2024-07-20T15:23:28.812+0000] {dag.py:3089} INFO - Sync 10 DAGs
[2024-07-20T15:23:28.844+0000] {logging_mixin.py:188} INFO - [2024-07-20T15:23:28.843+0000] {dag.py:3947} INFO - Setting next_dagrun for conditional_dataset_and_time_based_timetable to 2024-07-17 01:00:00+00:00, run_after=2024-07-17 01:00:00+00:00
[2024-07-20T15:23:28.848+0000] {logging_mixin.py:188} INFO - [2024-07-20T15:23:28.848+0000] {dag.py:3947} INFO - Setting next_dagrun for consume_1_and_2_with_dataset_expressions to None, run_after=None
[2024-07-20T15:23:28.850+0000] {logging_mixin.py:188} INFO - [2024-07-20T15:23:28.850+0000] {dag.py:3947} INFO - Setting next_dagrun for consume_1_or_2_with_dataset_expressions to None, run_after=None
[2024-07-20T15:23:28.851+0000] {logging_mixin.py:188} INFO - [2024-07-20T15:23:28.851+0000] {dag.py:3947} INFO - Setting next_dagrun for consume_1_or_both_2_and_3_with_dataset_expressions to None, run_after=None
[2024-07-20T15:23:28.852+0000] {logging_mixin.py:188} INFO - [2024-07-20T15:23:28.852+0000] {dag.py:3947} INFO - Setting next_dagrun for dataset_consumes_1 to None, run_after=None
[2024-07-20T15:23:28.853+0000] {logging_mixin.py:188} INFO - [2024-07-20T15:23:28.853+0000] {dag.py:3947} INFO - Setting next_dagrun for dataset_consumes_1_and_2 to None, run_after=None
[2024-07-20T15:23:28.854+0000] {logging_mixin.py:188} INFO - [2024-07-20T15:23:28.854+0000] {dag.py:3947} INFO - Setting next_dagrun for dataset_consumes_1_never_scheduled to None, run_after=None
[2024-07-20T15:23:28.856+0000] {logging_mixin.py:188} INFO - [2024-07-20T15:23:28.856+0000] {dag.py:3947} INFO - Setting next_dagrun for dataset_consumes_unknown_never_scheduled to None, run_after=None
[2024-07-20T15:23:28.859+0000] {logging_mixin.py:188} INFO - [2024-07-20T15:23:28.859+0000] {dag.py:3947} INFO - Setting next_dagrun for dataset_produces_1 to 2024-07-19 00:00:00+00:00, run_after=2024-07-20 00:00:00+00:00
[2024-07-20T15:23:28.860+0000] {logging_mixin.py:188} INFO - [2024-07-20T15:23:28.860+0000] {dag.py:3947} INFO - Setting next_dagrun for dataset_produces_2 to None, run_after=None
[2024-07-20T15:23:28.907+0000] {processor.py:183} INFO - Processing /home/airflow/.local/lib/python3.12/site-packages/airflow/example_dags/example_datasets.py took 0.134 seconds
[2024-07-20T15:24:01.350+0000] {processor.py:161} INFO - Started process (PID=133) to work on /home/airflow/.local/lib/python3.12/site-packages/airflow/example_dags/example_datasets.py
[2024-07-20T15:24:01.351+0000] {processor.py:830} INFO - Processing file /home/airflow/.local/lib/python3.12/site-packages/airflow/example_dags/example_datasets.py for tasks to queue
[2024-07-20T15:24:01.353+0000] {logging_mixin.py:188} INFO - [2024-07-20T15:24:01.352+0000] {dagbag.py:545} INFO - Filling up the DagBag from /home/airflow/.local/lib/python3.12/site-packages/airflow/example_dags/example_datasets.py
[2024-07-20T15:24:01.370+0000] {processor.py:840} INFO - DAG(s) 'dataset_produces_1', 'consume_1_or_both_2_and_3_with_dataset_expressions', 'consume_1_or_2_with_dataset_expressions', 'dataset_consumes_1', 'dataset_consumes_1_and_2', 'conditional_dataset_and_time_based_timetable', 'consume_1_and_2_with_dataset_expressions', 'dataset_consumes_unknown_never_scheduled', 'dataset_produces_2', 'dataset_consumes_1_never_scheduled' retrieved from /home/airflow/.local/lib/python3.12/site-packages/airflow/example_dags/example_datasets.py
[2024-07-20T15:24:01.602+0000] {logging_mixin.py:188} INFO - [2024-07-20T15:24:01.602+0000] {dag.py:3089} INFO - Sync 10 DAGs
[2024-07-20T15:24:01.628+0000] {logging_mixin.py:188} INFO - [2024-07-20T15:24:01.628+0000] {dag.py:3947} INFO - Setting next_dagrun for conditional_dataset_and_time_based_timetable to 2024-07-17 01:00:00+00:00, run_after=2024-07-17 01:00:00+00:00
[2024-07-20T15:24:01.632+0000] {logging_mixin.py:188} INFO - [2024-07-20T15:24:01.632+0000] {dag.py:3947} INFO - Setting next_dagrun for consume_1_and_2_with_dataset_expressions to None, run_after=None
[2024-07-20T15:24:01.634+0000] {logging_mixin.py:188} INFO - [2024-07-20T15:24:01.634+0000] {dag.py:3947} INFO - Setting next_dagrun for consume_1_or_2_with_dataset_expressions to None, run_after=None
[2024-07-20T15:24:01.635+0000] {logging_mixin.py:188} INFO - [2024-07-20T15:24:01.635+0000] {dag.py:3947} INFO - Setting next_dagrun for consume_1_or_both_2_and_3_with_dataset_expressions to None, run_after=None
[2024-07-20T15:24:01.637+0000] {logging_mixin.py:188} INFO - [2024-07-20T15:24:01.636+0000] {dag.py:3947} INFO - Setting next_dagrun for dataset_consumes_1 to None, run_after=None
[2024-07-20T15:24:01.638+0000] {logging_mixin.py:188} INFO - [2024-07-20T15:24:01.638+0000] {dag.py:3947} INFO - Setting next_dagrun for dataset_consumes_1_and_2 to None, run_after=None
[2024-07-20T15:24:01.639+0000] {logging_mixin.py:188} INFO - [2024-07-20T15:24:01.639+0000] {dag.py:3947} INFO - Setting next_dagrun for dataset_consumes_1_never_scheduled to None, run_after=None
[2024-07-20T15:24:01.640+0000] {logging_mixin.py:188} INFO - [2024-07-20T15:24:01.640+0000] {dag.py:3947} INFO - Setting next_dagrun for dataset_consumes_unknown_never_scheduled to None, run_after=None
[2024-07-20T15:24:01.643+0000] {logging_mixin.py:188} INFO - [2024-07-20T15:24:01.643+0000] {dag.py:3947} INFO - Setting next_dagrun for dataset_produces_1 to 2024-07-19 00:00:00+00:00, run_after=2024-07-20 00:00:00+00:00
[2024-07-20T15:24:01.645+0000] {logging_mixin.py:188} INFO - [2024-07-20T15:24:01.645+0000] {dag.py:3947} INFO - Setting next_dagrun for dataset_produces_2 to None, run_after=None
[2024-07-20T15:24:01.683+0000] {processor.py:183} INFO - Processing /home/airflow/.local/lib/python3.12/site-packages/airflow/example_dags/example_datasets.py took 0.339 seconds
