[2024-07-20T15:18:39.976+0000] {processor.py:161} INFO - Started process (PID=63) to work on /home/airflow/.local/lib/python3.12/site-packages/airflow/example_dags/example_dag_decorator.py
[2024-07-20T15:18:39.977+0000] {processor.py:830} INFO - Processing file /home/airflow/.local/lib/python3.12/site-packages/airflow/example_dags/example_dag_decorator.py for tasks to queue
[2024-07-20T15:18:39.978+0000] {logging_mixin.py:188} INFO - [2024-07-20T15:18:39.978+0000] {dagbag.py:545} INFO - Filling up the DagBag from /home/airflow/.local/lib/python3.12/site-packages/airflow/example_dags/example_dag_decorator.py
[2024-07-20T15:18:41.220+0000] {processor.py:840} INFO - DAG(s) 'example_dag_decorator' retrieved from /home/airflow/.local/lib/python3.12/site-packages/airflow/example_dags/example_dag_decorator.py
[2024-07-20T15:18:41.605+0000] {logging_mixin.py:188} INFO - [2024-07-20T15:18:41.605+0000] {dag.py:3089} INFO - Sync 1 DAGs
[2024-07-20T15:18:41.656+0000] {logging_mixin.py:188} INFO - [2024-07-20T15:18:41.656+0000] {dag.py:3947} INFO - Setting next_dagrun for example_dag_decorator to None, run_after=None
[2024-07-20T15:18:41.728+0000] {processor.py:183} INFO - Processing /home/airflow/.local/lib/python3.12/site-packages/airflow/example_dags/example_dag_decorator.py took 1.771 seconds
[2024-07-20T15:19:12.132+0000] {processor.py:161} INFO - Started process (PID=122) to work on /home/airflow/.local/lib/python3.12/site-packages/airflow/example_dags/example_dag_decorator.py
[2024-07-20T15:19:12.135+0000] {processor.py:830} INFO - Processing file /home/airflow/.local/lib/python3.12/site-packages/airflow/example_dags/example_dag_decorator.py for tasks to queue
[2024-07-20T15:19:12.137+0000] {logging_mixin.py:188} INFO - [2024-07-20T15:19:12.136+0000] {dagbag.py:545} INFO - Filling up the DagBag from /home/airflow/.local/lib/python3.12/site-packages/airflow/example_dags/example_dag_decorator.py
[2024-07-20T15:19:12.277+0000] {processor.py:840} INFO - DAG(s) 'example_dag_decorator' retrieved from /home/airflow/.local/lib/python3.12/site-packages/airflow/example_dags/example_dag_decorator.py
[2024-07-20T15:19:12.413+0000] {logging_mixin.py:188} INFO - [2024-07-20T15:19:12.413+0000] {dag.py:3089} INFO - Sync 1 DAGs
[2024-07-20T15:19:12.425+0000] {logging_mixin.py:188} INFO - [2024-07-20T15:19:12.424+0000] {dag.py:3947} INFO - Setting next_dagrun for example_dag_decorator to None, run_after=None
[2024-07-20T15:19:12.448+0000] {processor.py:183} INFO - Processing /home/airflow/.local/lib/python3.12/site-packages/airflow/example_dags/example_dag_decorator.py took 0.321 seconds
[2024-07-20T15:19:42.536+0000] {processor.py:161} INFO - Started process (PID=183) to work on /home/airflow/.local/lib/python3.12/site-packages/airflow/example_dags/example_dag_decorator.py
[2024-07-20T15:19:42.537+0000] {processor.py:830} INFO - Processing file /home/airflow/.local/lib/python3.12/site-packages/airflow/example_dags/example_dag_decorator.py for tasks to queue
[2024-07-20T15:19:42.538+0000] {logging_mixin.py:188} INFO - [2024-07-20T15:19:42.538+0000] {dagbag.py:545} INFO - Filling up the DagBag from /home/airflow/.local/lib/python3.12/site-packages/airflow/example_dags/example_dag_decorator.py
[2024-07-20T15:19:42.636+0000] {processor.py:840} INFO - DAG(s) 'example_dag_decorator' retrieved from /home/airflow/.local/lib/python3.12/site-packages/airflow/example_dags/example_dag_decorator.py
[2024-07-20T15:19:42.738+0000] {logging_mixin.py:188} INFO - [2024-07-20T15:19:42.737+0000] {dag.py:3089} INFO - Sync 1 DAGs
[2024-07-20T15:19:42.747+0000] {logging_mixin.py:188} INFO - [2024-07-20T15:19:42.747+0000] {dag.py:3947} INFO - Setting next_dagrun for example_dag_decorator to None, run_after=None
[2024-07-20T15:19:42.764+0000] {processor.py:183} INFO - Processing /home/airflow/.local/lib/python3.12/site-packages/airflow/example_dags/example_dag_decorator.py took 0.233 seconds
[2024-07-20T15:20:13.650+0000] {processor.py:161} INFO - Started process (PID=241) to work on /home/airflow/.local/lib/python3.12/site-packages/airflow/example_dags/example_dag_decorator.py
[2024-07-20T15:20:13.651+0000] {processor.py:830} INFO - Processing file /home/airflow/.local/lib/python3.12/site-packages/airflow/example_dags/example_dag_decorator.py for tasks to queue
[2024-07-20T15:20:13.652+0000] {logging_mixin.py:188} INFO - [2024-07-20T15:20:13.652+0000] {dagbag.py:545} INFO - Filling up the DagBag from /home/airflow/.local/lib/python3.12/site-packages/airflow/example_dags/example_dag_decorator.py
[2024-07-20T15:20:13.824+0000] {processor.py:840} INFO - DAG(s) 'example_dag_decorator' retrieved from /home/airflow/.local/lib/python3.12/site-packages/airflow/example_dags/example_dag_decorator.py
[2024-07-20T15:20:13.965+0000] {logging_mixin.py:188} INFO - [2024-07-20T15:20:13.965+0000] {dag.py:3089} INFO - Sync 1 DAGs
[2024-07-20T15:20:13.975+0000] {logging_mixin.py:188} INFO - [2024-07-20T15:20:13.975+0000] {dag.py:3947} INFO - Setting next_dagrun for example_dag_decorator to None, run_after=None
[2024-07-20T15:20:13.995+0000] {processor.py:183} INFO - Processing /home/airflow/.local/lib/python3.12/site-packages/airflow/example_dags/example_dag_decorator.py took 0.350 seconds
[2024-07-20T15:20:44.698+0000] {processor.py:161} INFO - Started process (PID=299) to work on /home/airflow/.local/lib/python3.12/site-packages/airflow/example_dags/example_dag_decorator.py
[2024-07-20T15:20:44.699+0000] {processor.py:830} INFO - Processing file /home/airflow/.local/lib/python3.12/site-packages/airflow/example_dags/example_dag_decorator.py for tasks to queue
[2024-07-20T15:20:44.701+0000] {logging_mixin.py:188} INFO - [2024-07-20T15:20:44.701+0000] {dagbag.py:545} INFO - Filling up the DagBag from /home/airflow/.local/lib/python3.12/site-packages/airflow/example_dags/example_dag_decorator.py
[2024-07-20T15:20:44.810+0000] {processor.py:840} INFO - DAG(s) 'example_dag_decorator' retrieved from /home/airflow/.local/lib/python3.12/site-packages/airflow/example_dags/example_dag_decorator.py
[2024-07-20T15:20:44.925+0000] {logging_mixin.py:188} INFO - [2024-07-20T15:20:44.925+0000] {dag.py:3089} INFO - Sync 1 DAGs
[2024-07-20T15:20:44.935+0000] {logging_mixin.py:188} INFO - [2024-07-20T15:20:44.935+0000] {dag.py:3947} INFO - Setting next_dagrun for example_dag_decorator to None, run_after=None
[2024-07-20T15:20:44.959+0000] {processor.py:183} INFO - Processing /home/airflow/.local/lib/python3.12/site-packages/airflow/example_dags/example_dag_decorator.py took 0.267 seconds
[2024-07-20T15:21:15.010+0000] {processor.py:161} INFO - Started process (PID=359) to work on /home/airflow/.local/lib/python3.12/site-packages/airflow/example_dags/example_dag_decorator.py
[2024-07-20T15:21:15.010+0000] {processor.py:830} INFO - Processing file /home/airflow/.local/lib/python3.12/site-packages/airflow/example_dags/example_dag_decorator.py for tasks to queue
[2024-07-20T15:21:15.012+0000] {logging_mixin.py:188} INFO - [2024-07-20T15:21:15.012+0000] {dagbag.py:545} INFO - Filling up the DagBag from /home/airflow/.local/lib/python3.12/site-packages/airflow/example_dags/example_dag_decorator.py
[2024-07-20T15:21:15.167+0000] {processor.py:840} INFO - DAG(s) 'example_dag_decorator' retrieved from /home/airflow/.local/lib/python3.12/site-packages/airflow/example_dags/example_dag_decorator.py
[2024-07-20T15:21:15.303+0000] {logging_mixin.py:188} INFO - [2024-07-20T15:21:15.303+0000] {dag.py:3089} INFO - Sync 1 DAGs
[2024-07-20T15:21:15.314+0000] {logging_mixin.py:188} INFO - [2024-07-20T15:21:15.314+0000] {dag.py:3947} INFO - Setting next_dagrun for example_dag_decorator to None, run_after=None
[2024-07-20T15:21:15.334+0000] {processor.py:183} INFO - Processing /home/airflow/.local/lib/python3.12/site-packages/airflow/example_dags/example_dag_decorator.py took 0.330 seconds
[2024-07-20T15:21:46.112+0000] {processor.py:161} INFO - Started process (PID=417) to work on /home/airflow/.local/lib/python3.12/site-packages/airflow/example_dags/example_dag_decorator.py
[2024-07-20T15:21:46.113+0000] {processor.py:830} INFO - Processing file /home/airflow/.local/lib/python3.12/site-packages/airflow/example_dags/example_dag_decorator.py for tasks to queue
[2024-07-20T15:21:46.115+0000] {logging_mixin.py:188} INFO - [2024-07-20T15:21:46.115+0000] {dagbag.py:545} INFO - Filling up the DagBag from /home/airflow/.local/lib/python3.12/site-packages/airflow/example_dags/example_dag_decorator.py
[2024-07-20T15:21:46.250+0000] {processor.py:840} INFO - DAG(s) 'example_dag_decorator' retrieved from /home/airflow/.local/lib/python3.12/site-packages/airflow/example_dags/example_dag_decorator.py
[2024-07-20T15:21:46.388+0000] {logging_mixin.py:188} INFO - [2024-07-20T15:21:46.388+0000] {dag.py:3089} INFO - Sync 1 DAGs
[2024-07-20T15:21:46.408+0000] {logging_mixin.py:188} INFO - [2024-07-20T15:21:46.408+0000] {dag.py:3947} INFO - Setting next_dagrun for example_dag_decorator to None, run_after=None
[2024-07-20T15:21:47.172+0000] {processor.py:183} INFO - Processing /home/airflow/.local/lib/python3.12/site-packages/airflow/example_dags/example_dag_decorator.py took 1.066 seconds
[2024-07-20T15:22:17.894+0000] {processor.py:161} INFO - Started process (PID=480) to work on /home/airflow/.local/lib/python3.12/site-packages/airflow/example_dags/example_dag_decorator.py
[2024-07-20T15:22:17.894+0000] {processor.py:830} INFO - Processing file /home/airflow/.local/lib/python3.12/site-packages/airflow/example_dags/example_dag_decorator.py for tasks to queue
[2024-07-20T15:22:17.896+0000] {logging_mixin.py:188} INFO - [2024-07-20T15:22:17.896+0000] {dagbag.py:545} INFO - Filling up the DagBag from /home/airflow/.local/lib/python3.12/site-packages/airflow/example_dags/example_dag_decorator.py
[2024-07-20T15:22:18.026+0000] {processor.py:840} INFO - DAG(s) 'example_dag_decorator' retrieved from /home/airflow/.local/lib/python3.12/site-packages/airflow/example_dags/example_dag_decorator.py
[2024-07-20T15:22:18.144+0000] {logging_mixin.py:188} INFO - [2024-07-20T15:22:18.144+0000] {dag.py:3089} INFO - Sync 1 DAGs
[2024-07-20T15:22:18.154+0000] {logging_mixin.py:188} INFO - [2024-07-20T15:22:18.153+0000] {dag.py:3947} INFO - Setting next_dagrun for example_dag_decorator to None, run_after=None
[2024-07-20T15:22:18.171+0000] {processor.py:183} INFO - Processing /home/airflow/.local/lib/python3.12/site-packages/airflow/example_dags/example_dag_decorator.py took 0.283 seconds
[2024-07-20T15:23:27.222+0000] {processor.py:161} INFO - Started process (PID=58) to work on /home/airflow/.local/lib/python3.12/site-packages/airflow/example_dags/example_dag_decorator.py
[2024-07-20T15:23:27.224+0000] {processor.py:830} INFO - Processing file /home/airflow/.local/lib/python3.12/site-packages/airflow/example_dags/example_dag_decorator.py for tasks to queue
[2024-07-20T15:23:27.226+0000] {logging_mixin.py:188} INFO - [2024-07-20T15:23:27.226+0000] {dagbag.py:545} INFO - Filling up the DagBag from /home/airflow/.local/lib/python3.12/site-packages/airflow/example_dags/example_dag_decorator.py
[2024-07-20T15:23:27.362+0000] {processor.py:840} INFO - DAG(s) 'example_dag_decorator' retrieved from /home/airflow/.local/lib/python3.12/site-packages/airflow/example_dags/example_dag_decorator.py
[2024-07-20T15:23:27.378+0000] {logging_mixin.py:188} INFO - [2024-07-20T15:23:27.378+0000] {dag.py:3089} INFO - Sync 1 DAGs
[2024-07-20T15:23:27.393+0000] {logging_mixin.py:188} INFO - [2024-07-20T15:23:27.393+0000] {dag.py:3947} INFO - Setting next_dagrun for example_dag_decorator to None, run_after=None
[2024-07-20T15:23:27.423+0000] {processor.py:183} INFO - Processing /home/airflow/.local/lib/python3.12/site-packages/airflow/example_dags/example_dag_decorator.py took 0.206 seconds
[2024-07-20T15:23:59.401+0000] {processor.py:161} INFO - Started process (PID=118) to work on /home/airflow/.local/lib/python3.12/site-packages/airflow/example_dags/example_dag_decorator.py
[2024-07-20T15:23:59.401+0000] {processor.py:830} INFO - Processing file /home/airflow/.local/lib/python3.12/site-packages/airflow/example_dags/example_dag_decorator.py for tasks to queue
[2024-07-20T15:23:59.403+0000] {logging_mixin.py:188} INFO - [2024-07-20T15:23:59.403+0000] {dagbag.py:545} INFO - Filling up the DagBag from /home/airflow/.local/lib/python3.12/site-packages/airflow/example_dags/example_dag_decorator.py
[2024-07-20T15:23:59.600+0000] {processor.py:840} INFO - DAG(s) 'example_dag_decorator' retrieved from /home/airflow/.local/lib/python3.12/site-packages/airflow/example_dags/example_dag_decorator.py
[2024-07-20T15:23:59.733+0000] {logging_mixin.py:188} INFO - [2024-07-20T15:23:59.732+0000] {dag.py:3089} INFO - Sync 1 DAGs
[2024-07-20T15:23:59.744+0000] {logging_mixin.py:188} INFO - [2024-07-20T15:23:59.744+0000] {dag.py:3947} INFO - Setting next_dagrun for example_dag_decorator to None, run_after=None
[2024-07-20T15:23:59.774+0000] {processor.py:183} INFO - Processing /home/airflow/.local/lib/python3.12/site-packages/airflow/example_dags/example_dag_decorator.py took 0.384 seconds
