[2024-07-20T15:18:36.806+0000] {processor.py:161} INFO - Started process (PID=51) to work on /home/airflow/.local/lib/python3.12/site-packages/airflow/example_dags/example_complex.py
[2024-07-20T15:18:36.807+0000] {processor.py:830} INFO - Processing file /home/airflow/.local/lib/python3.12/site-packages/airflow/example_dags/example_complex.py for tasks to queue
[2024-07-20T15:18:36.808+0000] {logging_mixin.py:188} INFO - [2024-07-20T15:18:36.808+0000] {dagbag.py:545} INFO - Filling up the DagBag from /home/airflow/.local/lib/python3.12/site-packages/airflow/example_dags/example_complex.py
[2024-07-20T15:18:36.822+0000] {processor.py:840} INFO - DAG(s) 'example_complex' retrieved from /home/airflow/.local/lib/python3.12/site-packages/airflow/example_dags/example_complex.py
[2024-07-20T15:18:36.947+0000] {logging_mixin.py:188} INFO - [2024-07-20T15:18:36.947+0000] {dag.py:3089} INFO - Sync 1 DAGs
[2024-07-20T15:18:36.958+0000] {logging_mixin.py:188} INFO - [2024-07-20T15:18:36.957+0000] {dag.py:3947} INFO - Setting next_dagrun for example_complex to None, run_after=None
[2024-07-20T15:18:37.005+0000] {processor.py:183} INFO - Processing /home/airflow/.local/lib/python3.12/site-packages/airflow/example_dags/example_complex.py took 0.205 seconds
[2024-07-20T15:19:07.345+0000] {processor.py:161} INFO - Started process (PID=108) to work on /home/airflow/.local/lib/python3.12/site-packages/airflow/example_dags/example_complex.py
[2024-07-20T15:19:07.346+0000] {processor.py:830} INFO - Processing file /home/airflow/.local/lib/python3.12/site-packages/airflow/example_dags/example_complex.py for tasks to queue
[2024-07-20T15:19:07.347+0000] {logging_mixin.py:188} INFO - [2024-07-20T15:19:07.347+0000] {dagbag.py:545} INFO - Filling up the DagBag from /home/airflow/.local/lib/python3.12/site-packages/airflow/example_dags/example_complex.py
[2024-07-20T15:19:07.358+0000] {processor.py:840} INFO - DAG(s) 'example_complex' retrieved from /home/airflow/.local/lib/python3.12/site-packages/airflow/example_dags/example_complex.py
[2024-07-20T15:19:07.390+0000] {logging_mixin.py:188} INFO - [2024-07-20T15:19:07.390+0000] {dag.py:3089} INFO - Sync 1 DAGs
[2024-07-20T15:19:07.404+0000] {logging_mixin.py:188} INFO - [2024-07-20T15:19:07.404+0000] {dag.py:3947} INFO - Setting next_dagrun for example_complex to None, run_after=None
[2024-07-20T15:19:07.427+0000] {processor.py:183} INFO - Processing /home/airflow/.local/lib/python3.12/site-packages/airflow/example_dags/example_complex.py took 0.088 seconds
[2024-07-20T15:19:37.474+0000] {processor.py:161} INFO - Started process (PID=167) to work on /home/airflow/.local/lib/python3.12/site-packages/airflow/example_dags/example_complex.py
[2024-07-20T15:19:37.475+0000] {processor.py:830} INFO - Processing file /home/airflow/.local/lib/python3.12/site-packages/airflow/example_dags/example_complex.py for tasks to queue
[2024-07-20T15:19:37.477+0000] {logging_mixin.py:188} INFO - [2024-07-20T15:19:37.476+0000] {dagbag.py:545} INFO - Filling up the DagBag from /home/airflow/.local/lib/python3.12/site-packages/airflow/example_dags/example_complex.py
[2024-07-20T15:19:37.487+0000] {processor.py:840} INFO - DAG(s) 'example_complex' retrieved from /home/airflow/.local/lib/python3.12/site-packages/airflow/example_dags/example_complex.py
[2024-07-20T15:19:37.518+0000] {logging_mixin.py:188} INFO - [2024-07-20T15:19:37.518+0000] {dag.py:3089} INFO - Sync 1 DAGs
[2024-07-20T15:19:37.531+0000] {logging_mixin.py:188} INFO - [2024-07-20T15:19:37.531+0000] {dag.py:3947} INFO - Setting next_dagrun for example_complex to None, run_after=None
[2024-07-20T15:19:37.548+0000] {processor.py:183} INFO - Processing /home/airflow/.local/lib/python3.12/site-packages/airflow/example_dags/example_complex.py took 0.081 seconds
[2024-07-20T15:20:07.620+0000] {processor.py:161} INFO - Started process (PID=225) to work on /home/airflow/.local/lib/python3.12/site-packages/airflow/example_dags/example_complex.py
[2024-07-20T15:20:07.621+0000] {processor.py:830} INFO - Processing file /home/airflow/.local/lib/python3.12/site-packages/airflow/example_dags/example_complex.py for tasks to queue
[2024-07-20T15:20:07.623+0000] {logging_mixin.py:188} INFO - [2024-07-20T15:20:07.622+0000] {dagbag.py:545} INFO - Filling up the DagBag from /home/airflow/.local/lib/python3.12/site-packages/airflow/example_dags/example_complex.py
[2024-07-20T15:20:07.633+0000] {processor.py:840} INFO - DAG(s) 'example_complex' retrieved from /home/airflow/.local/lib/python3.12/site-packages/airflow/example_dags/example_complex.py
[2024-07-20T15:20:07.666+0000] {logging_mixin.py:188} INFO - [2024-07-20T15:20:07.666+0000] {dag.py:3089} INFO - Sync 1 DAGs
[2024-07-20T15:20:07.678+0000] {logging_mixin.py:188} INFO - [2024-07-20T15:20:07.678+0000] {dag.py:3947} INFO - Setting next_dagrun for example_complex to None, run_after=None
[2024-07-20T15:20:07.698+0000] {processor.py:183} INFO - Processing /home/airflow/.local/lib/python3.12/site-packages/airflow/example_dags/example_complex.py took 0.083 seconds
[2024-07-20T15:20:37.793+0000] {processor.py:161} INFO - Started process (PID=283) to work on /home/airflow/.local/lib/python3.12/site-packages/airflow/example_dags/example_complex.py
[2024-07-20T15:20:37.793+0000] {processor.py:830} INFO - Processing file /home/airflow/.local/lib/python3.12/site-packages/airflow/example_dags/example_complex.py for tasks to queue
[2024-07-20T15:20:37.795+0000] {logging_mixin.py:188} INFO - [2024-07-20T15:20:37.795+0000] {dagbag.py:545} INFO - Filling up the DagBag from /home/airflow/.local/lib/python3.12/site-packages/airflow/example_dags/example_complex.py
[2024-07-20T15:20:37.807+0000] {processor.py:840} INFO - DAG(s) 'example_complex' retrieved from /home/airflow/.local/lib/python3.12/site-packages/airflow/example_dags/example_complex.py
[2024-07-20T15:20:37.841+0000] {logging_mixin.py:188} INFO - [2024-07-20T15:20:37.841+0000] {dag.py:3089} INFO - Sync 1 DAGs
[2024-07-20T15:20:37.855+0000] {logging_mixin.py:188} INFO - [2024-07-20T15:20:37.854+0000] {dag.py:3947} INFO - Setting next_dagrun for example_complex to None, run_after=None
[2024-07-20T15:20:37.880+0000] {processor.py:183} INFO - Processing /home/airflow/.local/lib/python3.12/site-packages/airflow/example_dags/example_complex.py took 0.095 seconds
[2024-07-20T15:21:08.095+0000] {processor.py:161} INFO - Started process (PID=342) to work on /home/airflow/.local/lib/python3.12/site-packages/airflow/example_dags/example_complex.py
[2024-07-20T15:21:08.100+0000] {processor.py:830} INFO - Processing file /home/airflow/.local/lib/python3.12/site-packages/airflow/example_dags/example_complex.py for tasks to queue
[2024-07-20T15:21:08.102+0000] {logging_mixin.py:188} INFO - [2024-07-20T15:21:08.102+0000] {dagbag.py:545} INFO - Filling up the DagBag from /home/airflow/.local/lib/python3.12/site-packages/airflow/example_dags/example_complex.py
[2024-07-20T15:21:08.112+0000] {processor.py:840} INFO - DAG(s) 'example_complex' retrieved from /home/airflow/.local/lib/python3.12/site-packages/airflow/example_dags/example_complex.py
[2024-07-20T15:21:08.147+0000] {logging_mixin.py:188} INFO - [2024-07-20T15:21:08.147+0000] {dag.py:3089} INFO - Sync 1 DAGs
[2024-07-20T15:21:08.160+0000] {logging_mixin.py:188} INFO - [2024-07-20T15:21:08.160+0000] {dag.py:3947} INFO - Setting next_dagrun for example_complex to None, run_after=None
[2024-07-20T15:21:08.179+0000] {processor.py:183} INFO - Processing /home/airflow/.local/lib/python3.12/site-packages/airflow/example_dags/example_complex.py took 0.089 seconds
[2024-07-20T15:21:38.319+0000] {processor.py:161} INFO - Started process (PID=400) to work on /home/airflow/.local/lib/python3.12/site-packages/airflow/example_dags/example_complex.py
[2024-07-20T15:21:38.319+0000] {processor.py:830} INFO - Processing file /home/airflow/.local/lib/python3.12/site-packages/airflow/example_dags/example_complex.py for tasks to queue
[2024-07-20T15:21:38.321+0000] {logging_mixin.py:188} INFO - [2024-07-20T15:21:38.321+0000] {dagbag.py:545} INFO - Filling up the DagBag from /home/airflow/.local/lib/python3.12/site-packages/airflow/example_dags/example_complex.py
[2024-07-20T15:21:38.332+0000] {processor.py:840} INFO - DAG(s) 'example_complex' retrieved from /home/airflow/.local/lib/python3.12/site-packages/airflow/example_dags/example_complex.py
[2024-07-20T15:21:38.365+0000] {logging_mixin.py:188} INFO - [2024-07-20T15:21:38.364+0000] {dag.py:3089} INFO - Sync 1 DAGs
[2024-07-20T15:21:38.378+0000] {logging_mixin.py:188} INFO - [2024-07-20T15:21:38.378+0000] {dag.py:3947} INFO - Setting next_dagrun for example_complex to None, run_after=None
[2024-07-20T15:21:38.396+0000] {processor.py:183} INFO - Processing /home/airflow/.local/lib/python3.12/site-packages/airflow/example_dags/example_complex.py took 0.084 seconds
[2024-07-20T15:22:08.900+0000] {processor.py:161} INFO - Started process (PID=458) to work on /home/airflow/.local/lib/python3.12/site-packages/airflow/example_dags/example_complex.py
[2024-07-20T15:22:08.900+0000] {processor.py:830} INFO - Processing file /home/airflow/.local/lib/python3.12/site-packages/airflow/example_dags/example_complex.py for tasks to queue
[2024-07-20T15:22:08.902+0000] {logging_mixin.py:188} INFO - [2024-07-20T15:22:08.902+0000] {dagbag.py:545} INFO - Filling up the DagBag from /home/airflow/.local/lib/python3.12/site-packages/airflow/example_dags/example_complex.py
[2024-07-20T15:22:08.912+0000] {processor.py:840} INFO - DAG(s) 'example_complex' retrieved from /home/airflow/.local/lib/python3.12/site-packages/airflow/example_dags/example_complex.py
[2024-07-20T15:22:08.943+0000] {logging_mixin.py:188} INFO - [2024-07-20T15:22:08.943+0000] {dag.py:3089} INFO - Sync 1 DAGs
[2024-07-20T15:22:08.957+0000] {logging_mixin.py:188} INFO - [2024-07-20T15:22:08.957+0000] {dag.py:3947} INFO - Setting next_dagrun for example_complex to None, run_after=None
[2024-07-20T15:22:08.974+0000] {processor.py:183} INFO - Processing /home/airflow/.local/lib/python3.12/site-packages/airflow/example_dags/example_complex.py took 0.080 seconds
[2024-07-20T15:23:26.445+0000] {processor.py:161} INFO - Started process (PID=46) to work on /home/airflow/.local/lib/python3.12/site-packages/airflow/example_dags/example_complex.py
[2024-07-20T15:23:26.447+0000] {processor.py:830} INFO - Processing file /home/airflow/.local/lib/python3.12/site-packages/airflow/example_dags/example_complex.py for tasks to queue
[2024-07-20T15:23:26.449+0000] {logging_mixin.py:188} INFO - [2024-07-20T15:23:26.449+0000] {dagbag.py:545} INFO - Filling up the DagBag from /home/airflow/.local/lib/python3.12/site-packages/airflow/example_dags/example_complex.py
[2024-07-20T15:23:26.464+0000] {processor.py:840} INFO - DAG(s) 'example_complex' retrieved from /home/airflow/.local/lib/python3.12/site-packages/airflow/example_dags/example_complex.py
[2024-07-20T15:23:26.492+0000] {logging_mixin.py:188} INFO - [2024-07-20T15:23:26.491+0000] {dag.py:3089} INFO - Sync 1 DAGs
[2024-07-20T15:23:26.508+0000] {logging_mixin.py:188} INFO - [2024-07-20T15:23:26.508+0000] {dag.py:3947} INFO - Setting next_dagrun for example_complex to None, run_after=None
[2024-07-20T15:23:26.537+0000] {processor.py:183} INFO - Processing /home/airflow/.local/lib/python3.12/site-packages/airflow/example_dags/example_complex.py took 0.107 seconds
[2024-07-20T15:23:57.906+0000] {processor.py:161} INFO - Started process (PID=106) to work on /home/airflow/.local/lib/python3.12/site-packages/airflow/example_dags/example_complex.py
[2024-07-20T15:23:57.906+0000] {processor.py:830} INFO - Processing file /home/airflow/.local/lib/python3.12/site-packages/airflow/example_dags/example_complex.py for tasks to queue
[2024-07-20T15:23:57.908+0000] {logging_mixin.py:188} INFO - [2024-07-20T15:23:57.908+0000] {dagbag.py:545} INFO - Filling up the DagBag from /home/airflow/.local/lib/python3.12/site-packages/airflow/example_dags/example_complex.py
[2024-07-20T15:23:57.920+0000] {processor.py:840} INFO - DAG(s) 'example_complex' retrieved from /home/airflow/.local/lib/python3.12/site-packages/airflow/example_dags/example_complex.py
[2024-07-20T15:23:58.100+0000] {logging_mixin.py:188} INFO - [2024-07-20T15:23:58.100+0000] {dag.py:3089} INFO - Sync 1 DAGs
[2024-07-20T15:23:58.114+0000] {logging_mixin.py:188} INFO - [2024-07-20T15:23:58.114+0000] {dag.py:3947} INFO - Setting next_dagrun for example_complex to None, run_after=None
[2024-07-20T15:23:58.137+0000] {processor.py:183} INFO - Processing /home/airflow/.local/lib/python3.12/site-packages/airflow/example_dags/example_complex.py took 0.238 seconds
