[2024-07-20T15:18:42.429+0000] {processor.py:161} INFO - Started process (PID=70) to work on /home/airflow/.local/lib/python3.12/site-packages/airflow/example_dags/example_branch_datetime_operator.py
[2024-07-20T15:18:42.446+0000] {processor.py:830} INFO - Processing file /home/airflow/.local/lib/python3.12/site-packages/airflow/example_dags/example_branch_datetime_operator.py for tasks to queue
[2024-07-20T15:18:42.447+0000] {logging_mixin.py:188} INFO - [2024-07-20T15:18:42.447+0000] {dagbag.py:545} INFO - Filling up the DagBag from /home/airflow/.local/lib/python3.12/site-packages/airflow/example_dags/example_branch_datetime_operator.py
[2024-07-20T15:18:42.511+0000] {processor.py:840} INFO - DAG(s) 'example_branch_datetime_operator_3', 'example_branch_datetime_operator', 'example_branch_datetime_operator_2' retrieved from /home/airflow/.local/lib/python3.12/site-packages/airflow/example_dags/example_branch_datetime_operator.py
[2024-07-20T15:18:42.834+0000] {logging_mixin.py:188} INFO - [2024-07-20T15:18:42.834+0000] {dag.py:3089} INFO - Sync 3 DAGs
[2024-07-20T15:18:42.918+0000] {logging_mixin.py:188} INFO - [2024-07-20T15:18:42.918+0000] {dag.py:3947} INFO - Setting next_dagrun for example_branch_datetime_operator to 2024-07-19 00:00:00+00:00, run_after=2024-07-20 00:00:00+00:00
[2024-07-20T15:18:42.934+0000] {logging_mixin.py:188} INFO - [2024-07-20T15:18:42.934+0000] {dag.py:3947} INFO - Setting next_dagrun for example_branch_datetime_operator_2 to 2024-07-19 00:00:00+00:00, run_after=2024-07-20 00:00:00+00:00
[2024-07-20T15:18:42.937+0000] {logging_mixin.py:188} INFO - [2024-07-20T15:18:42.936+0000] {dag.py:3947} INFO - Setting next_dagrun for example_branch_datetime_operator_3 to 2024-07-19 00:00:00+00:00, run_after=2024-07-20 00:00:00+00:00
[2024-07-20T15:18:43.015+0000] {processor.py:183} INFO - Processing /home/airflow/.local/lib/python3.12/site-packages/airflow/example_dags/example_branch_datetime_operator.py took 0.596 seconds
[2024-07-20T15:19:13.532+0000] {processor.py:161} INFO - Started process (PID=128) to work on /home/airflow/.local/lib/python3.12/site-packages/airflow/example_dags/example_branch_datetime_operator.py
[2024-07-20T15:19:13.533+0000] {processor.py:830} INFO - Processing file /home/airflow/.local/lib/python3.12/site-packages/airflow/example_dags/example_branch_datetime_operator.py for tasks to queue
[2024-07-20T15:19:13.534+0000] {logging_mixin.py:188} INFO - [2024-07-20T15:19:13.534+0000] {dagbag.py:545} INFO - Filling up the DagBag from /home/airflow/.local/lib/python3.12/site-packages/airflow/example_dags/example_branch_datetime_operator.py
[2024-07-20T15:19:13.544+0000] {processor.py:840} INFO - DAG(s) 'example_branch_datetime_operator_3', 'example_branch_datetime_operator_2', 'example_branch_datetime_operator' retrieved from /home/airflow/.local/lib/python3.12/site-packages/airflow/example_dags/example_branch_datetime_operator.py
[2024-07-20T15:19:13.578+0000] {logging_mixin.py:188} INFO - [2024-07-20T15:19:13.577+0000] {dag.py:3089} INFO - Sync 3 DAGs
[2024-07-20T15:19:13.607+0000] {logging_mixin.py:188} INFO - [2024-07-20T15:19:13.606+0000] {dag.py:3947} INFO - Setting next_dagrun for example_branch_datetime_operator to 2024-07-19 00:00:00+00:00, run_after=2024-07-20 00:00:00+00:00
[2024-07-20T15:19:13.612+0000] {logging_mixin.py:188} INFO - [2024-07-20T15:19:13.612+0000] {dag.py:3947} INFO - Setting next_dagrun for example_branch_datetime_operator_2 to 2024-07-19 00:00:00+00:00, run_after=2024-07-20 00:00:00+00:00
[2024-07-20T15:19:13.615+0000] {logging_mixin.py:188} INFO - [2024-07-20T15:19:13.614+0000] {dag.py:3947} INFO - Setting next_dagrun for example_branch_datetime_operator_3 to 2024-07-19 00:00:00+00:00, run_after=2024-07-20 00:00:00+00:00
[2024-07-20T15:19:13.634+0000] {processor.py:183} INFO - Processing /home/airflow/.local/lib/python3.12/site-packages/airflow/example_dags/example_branch_datetime_operator.py took 0.108 seconds
[2024-07-20T15:19:43.887+0000] {processor.py:161} INFO - Started process (PID=187) to work on /home/airflow/.local/lib/python3.12/site-packages/airflow/example_dags/example_branch_datetime_operator.py
[2024-07-20T15:19:43.888+0000] {processor.py:830} INFO - Processing file /home/airflow/.local/lib/python3.12/site-packages/airflow/example_dags/example_branch_datetime_operator.py for tasks to queue
[2024-07-20T15:19:43.889+0000] {logging_mixin.py:188} INFO - [2024-07-20T15:19:43.889+0000] {dagbag.py:545} INFO - Filling up the DagBag from /home/airflow/.local/lib/python3.12/site-packages/airflow/example_dags/example_branch_datetime_operator.py
[2024-07-20T15:19:43.900+0000] {processor.py:840} INFO - DAG(s) 'example_branch_datetime_operator_2', 'example_branch_datetime_operator', 'example_branch_datetime_operator_3' retrieved from /home/airflow/.local/lib/python3.12/site-packages/airflow/example_dags/example_branch_datetime_operator.py
[2024-07-20T15:19:43.924+0000] {logging_mixin.py:188} INFO - [2024-07-20T15:19:43.924+0000] {dag.py:3089} INFO - Sync 3 DAGs
[2024-07-20T15:19:43.948+0000] {logging_mixin.py:188} INFO - [2024-07-20T15:19:43.947+0000] {dag.py:3947} INFO - Setting next_dagrun for example_branch_datetime_operator to 2024-07-19 00:00:00+00:00, run_after=2024-07-20 00:00:00+00:00
[2024-07-20T15:19:43.953+0000] {logging_mixin.py:188} INFO - [2024-07-20T15:19:43.953+0000] {dag.py:3947} INFO - Setting next_dagrun for example_branch_datetime_operator_2 to 2024-07-19 00:00:00+00:00, run_after=2024-07-20 00:00:00+00:00
[2024-07-20T15:19:43.956+0000] {logging_mixin.py:188} INFO - [2024-07-20T15:19:43.956+0000] {dag.py:3947} INFO - Setting next_dagrun for example_branch_datetime_operator_3 to 2024-07-19 00:00:00+00:00, run_after=2024-07-20 00:00:00+00:00
[2024-07-20T15:19:43.974+0000] {processor.py:183} INFO - Processing /home/airflow/.local/lib/python3.12/site-packages/airflow/example_dags/example_branch_datetime_operator.py took 0.091 seconds
[2024-07-20T15:20:14.026+0000] {processor.py:161} INFO - Started process (PID=245) to work on /home/airflow/.local/lib/python3.12/site-packages/airflow/example_dags/example_branch_datetime_operator.py
[2024-07-20T15:20:14.026+0000] {processor.py:830} INFO - Processing file /home/airflow/.local/lib/python3.12/site-packages/airflow/example_dags/example_branch_datetime_operator.py for tasks to queue
[2024-07-20T15:20:14.028+0000] {logging_mixin.py:188} INFO - [2024-07-20T15:20:14.027+0000] {dagbag.py:545} INFO - Filling up the DagBag from /home/airflow/.local/lib/python3.12/site-packages/airflow/example_dags/example_branch_datetime_operator.py
[2024-07-20T15:20:14.037+0000] {processor.py:840} INFO - DAG(s) 'example_branch_datetime_operator', 'example_branch_datetime_operator_3', 'example_branch_datetime_operator_2' retrieved from /home/airflow/.local/lib/python3.12/site-packages/airflow/example_dags/example_branch_datetime_operator.py
[2024-07-20T15:20:14.067+0000] {logging_mixin.py:188} INFO - [2024-07-20T15:20:14.067+0000] {dag.py:3089} INFO - Sync 3 DAGs
[2024-07-20T15:20:14.096+0000] {logging_mixin.py:188} INFO - [2024-07-20T15:20:14.095+0000] {dag.py:3947} INFO - Setting next_dagrun for example_branch_datetime_operator to 2024-07-19 00:00:00+00:00, run_after=2024-07-20 00:00:00+00:00
[2024-07-20T15:20:14.102+0000] {logging_mixin.py:188} INFO - [2024-07-20T15:20:14.101+0000] {dag.py:3947} INFO - Setting next_dagrun for example_branch_datetime_operator_2 to 2024-07-19 00:00:00+00:00, run_after=2024-07-20 00:00:00+00:00
[2024-07-20T15:20:14.104+0000] {logging_mixin.py:188} INFO - [2024-07-20T15:20:14.104+0000] {dag.py:3947} INFO - Setting next_dagrun for example_branch_datetime_operator_3 to 2024-07-19 00:00:00+00:00, run_after=2024-07-20 00:00:00+00:00
[2024-07-20T15:20:14.126+0000] {processor.py:183} INFO - Processing /home/airflow/.local/lib/python3.12/site-packages/airflow/example_dags/example_branch_datetime_operator.py took 0.106 seconds
[2024-07-20T15:20:44.986+0000] {processor.py:161} INFO - Started process (PID=303) to work on /home/airflow/.local/lib/python3.12/site-packages/airflow/example_dags/example_branch_datetime_operator.py
[2024-07-20T15:20:44.987+0000] {processor.py:830} INFO - Processing file /home/airflow/.local/lib/python3.12/site-packages/airflow/example_dags/example_branch_datetime_operator.py for tasks to queue
[2024-07-20T15:20:44.989+0000] {logging_mixin.py:188} INFO - [2024-07-20T15:20:44.988+0000] {dagbag.py:545} INFO - Filling up the DagBag from /home/airflow/.local/lib/python3.12/site-packages/airflow/example_dags/example_branch_datetime_operator.py
[2024-07-20T15:20:44.999+0000] {processor.py:840} INFO - DAG(s) 'example_branch_datetime_operator_3', 'example_branch_datetime_operator_2', 'example_branch_datetime_operator' retrieved from /home/airflow/.local/lib/python3.12/site-packages/airflow/example_dags/example_branch_datetime_operator.py
[2024-07-20T15:20:45.028+0000] {logging_mixin.py:188} INFO - [2024-07-20T15:20:45.027+0000] {dag.py:3089} INFO - Sync 3 DAGs
[2024-07-20T15:20:45.055+0000] {logging_mixin.py:188} INFO - [2024-07-20T15:20:45.055+0000] {dag.py:3947} INFO - Setting next_dagrun for example_branch_datetime_operator to 2024-07-19 00:00:00+00:00, run_after=2024-07-20 00:00:00+00:00
[2024-07-20T15:20:45.062+0000] {logging_mixin.py:188} INFO - [2024-07-20T15:20:45.061+0000] {dag.py:3947} INFO - Setting next_dagrun for example_branch_datetime_operator_2 to 2024-07-19 00:00:00+00:00, run_after=2024-07-20 00:00:00+00:00
[2024-07-20T15:20:45.065+0000] {logging_mixin.py:188} INFO - [2024-07-20T15:20:45.064+0000] {dag.py:3947} INFO - Setting next_dagrun for example_branch_datetime_operator_3 to 2024-07-19 00:00:00+00:00, run_after=2024-07-20 00:00:00+00:00
[2024-07-20T15:20:45.084+0000] {processor.py:183} INFO - Processing /home/airflow/.local/lib/python3.12/site-packages/airflow/example_dags/example_branch_datetime_operator.py took 0.102 seconds
[2024-07-20T15:21:15.473+0000] {processor.py:161} INFO - Started process (PID=361) to work on /home/airflow/.local/lib/python3.12/site-packages/airflow/example_dags/example_branch_datetime_operator.py
[2024-07-20T15:21:15.474+0000] {processor.py:830} INFO - Processing file /home/airflow/.local/lib/python3.12/site-packages/airflow/example_dags/example_branch_datetime_operator.py for tasks to queue
[2024-07-20T15:21:15.475+0000] {logging_mixin.py:188} INFO - [2024-07-20T15:21:15.475+0000] {dagbag.py:545} INFO - Filling up the DagBag from /home/airflow/.local/lib/python3.12/site-packages/airflow/example_dags/example_branch_datetime_operator.py
[2024-07-20T15:21:15.486+0000] {processor.py:840} INFO - DAG(s) 'example_branch_datetime_operator', 'example_branch_datetime_operator_3', 'example_branch_datetime_operator_2' retrieved from /home/airflow/.local/lib/python3.12/site-packages/airflow/example_dags/example_branch_datetime_operator.py
[2024-07-20T15:21:15.518+0000] {logging_mixin.py:188} INFO - [2024-07-20T15:21:15.517+0000] {dag.py:3089} INFO - Sync 3 DAGs
[2024-07-20T15:21:15.544+0000] {logging_mixin.py:188} INFO - [2024-07-20T15:21:15.544+0000] {dag.py:3947} INFO - Setting next_dagrun for example_branch_datetime_operator to 2024-07-19 00:00:00+00:00, run_after=2024-07-20 00:00:00+00:00
[2024-07-20T15:21:15.550+0000] {logging_mixin.py:188} INFO - [2024-07-20T15:21:15.550+0000] {dag.py:3947} INFO - Setting next_dagrun for example_branch_datetime_operator_2 to 2024-07-19 00:00:00+00:00, run_after=2024-07-20 00:00:00+00:00
[2024-07-20T15:21:15.553+0000] {logging_mixin.py:188} INFO - [2024-07-20T15:21:15.553+0000] {dag.py:3947} INFO - Setting next_dagrun for example_branch_datetime_operator_3 to 2024-07-19 00:00:00+00:00, run_after=2024-07-20 00:00:00+00:00
[2024-07-20T15:21:15.579+0000] {processor.py:183} INFO - Processing /home/airflow/.local/lib/python3.12/site-packages/airflow/example_dags/example_branch_datetime_operator.py took 0.113 seconds
[2024-07-20T15:21:46.236+0000] {processor.py:161} INFO - Started process (PID=419) to work on /home/airflow/.local/lib/python3.12/site-packages/airflow/example_dags/example_branch_datetime_operator.py
[2024-07-20T15:21:46.238+0000] {processor.py:830} INFO - Processing file /home/airflow/.local/lib/python3.12/site-packages/airflow/example_dags/example_branch_datetime_operator.py for tasks to queue
[2024-07-20T15:21:46.240+0000] {logging_mixin.py:188} INFO - [2024-07-20T15:21:46.240+0000] {dagbag.py:545} INFO - Filling up the DagBag from /home/airflow/.local/lib/python3.12/site-packages/airflow/example_dags/example_branch_datetime_operator.py
[2024-07-20T15:21:46.251+0000] {processor.py:840} INFO - DAG(s) 'example_branch_datetime_operator_3', 'example_branch_datetime_operator_2', 'example_branch_datetime_operator' retrieved from /home/airflow/.local/lib/python3.12/site-packages/airflow/example_dags/example_branch_datetime_operator.py
[2024-07-20T15:21:46.283+0000] {logging_mixin.py:188} INFO - [2024-07-20T15:21:46.283+0000] {dag.py:3089} INFO - Sync 3 DAGs
[2024-07-20T15:21:46.309+0000] {logging_mixin.py:188} INFO - [2024-07-20T15:21:46.308+0000] {dag.py:3947} INFO - Setting next_dagrun for example_branch_datetime_operator to 2024-07-19 00:00:00+00:00, run_after=2024-07-20 00:00:00+00:00
[2024-07-20T15:21:46.315+0000] {logging_mixin.py:188} INFO - [2024-07-20T15:21:46.314+0000] {dag.py:3947} INFO - Setting next_dagrun for example_branch_datetime_operator_2 to 2024-07-19 00:00:00+00:00, run_after=2024-07-20 00:00:00+00:00
[2024-07-20T15:21:46.317+0000] {logging_mixin.py:188} INFO - [2024-07-20T15:21:46.317+0000] {dag.py:3947} INFO - Setting next_dagrun for example_branch_datetime_operator_3 to 2024-07-19 00:00:00+00:00, run_after=2024-07-20 00:00:00+00:00
[2024-07-20T15:21:46.336+0000] {processor.py:183} INFO - Processing /home/airflow/.local/lib/python3.12/site-packages/airflow/example_dags/example_branch_datetime_operator.py took 0.106 seconds
[2024-07-20T15:22:16.687+0000] {processor.py:161} INFO - Started process (PID=476) to work on /home/airflow/.local/lib/python3.12/site-packages/airflow/example_dags/example_branch_datetime_operator.py
[2024-07-20T15:22:16.687+0000] {processor.py:830} INFO - Processing file /home/airflow/.local/lib/python3.12/site-packages/airflow/example_dags/example_branch_datetime_operator.py for tasks to queue
[2024-07-20T15:22:16.689+0000] {logging_mixin.py:188} INFO - [2024-07-20T15:22:16.689+0000] {dagbag.py:545} INFO - Filling up the DagBag from /home/airflow/.local/lib/python3.12/site-packages/airflow/example_dags/example_branch_datetime_operator.py
[2024-07-20T15:22:16.700+0000] {processor.py:840} INFO - DAG(s) 'example_branch_datetime_operator_3', 'example_branch_datetime_operator_2', 'example_branch_datetime_operator' retrieved from /home/airflow/.local/lib/python3.12/site-packages/airflow/example_dags/example_branch_datetime_operator.py
[2024-07-20T15:22:16.727+0000] {logging_mixin.py:188} INFO - [2024-07-20T15:22:16.727+0000] {dag.py:3089} INFO - Sync 3 DAGs
[2024-07-20T15:22:16.752+0000] {logging_mixin.py:188} INFO - [2024-07-20T15:22:16.752+0000] {dag.py:3947} INFO - Setting next_dagrun for example_branch_datetime_operator to 2024-07-19 00:00:00+00:00, run_after=2024-07-20 00:00:00+00:00
[2024-07-20T15:22:16.758+0000] {logging_mixin.py:188} INFO - [2024-07-20T15:22:16.758+0000] {dag.py:3947} INFO - Setting next_dagrun for example_branch_datetime_operator_2 to 2024-07-19 00:00:00+00:00, run_after=2024-07-20 00:00:00+00:00
[2024-07-20T15:22:16.760+0000] {logging_mixin.py:188} INFO - [2024-07-20T15:22:16.760+0000] {dag.py:3947} INFO - Setting next_dagrun for example_branch_datetime_operator_3 to 2024-07-19 00:00:00+00:00, run_after=2024-07-20 00:00:00+00:00
[2024-07-20T15:22:16.781+0000] {processor.py:183} INFO - Processing /home/airflow/.local/lib/python3.12/site-packages/airflow/example_dags/example_branch_datetime_operator.py took 0.099 seconds
[2024-07-20T15:23:28.366+0000] {processor.py:161} INFO - Started process (PID=65) to work on /home/airflow/.local/lib/python3.12/site-packages/airflow/example_dags/example_branch_datetime_operator.py
[2024-07-20T15:23:28.367+0000] {processor.py:830} INFO - Processing file /home/airflow/.local/lib/python3.12/site-packages/airflow/example_dags/example_branch_datetime_operator.py for tasks to queue
[2024-07-20T15:23:28.368+0000] {logging_mixin.py:188} INFO - [2024-07-20T15:23:28.368+0000] {dagbag.py:545} INFO - Filling up the DagBag from /home/airflow/.local/lib/python3.12/site-packages/airflow/example_dags/example_branch_datetime_operator.py
[2024-07-20T15:23:28.381+0000] {processor.py:840} INFO - DAG(s) 'example_branch_datetime_operator', 'example_branch_datetime_operator_2', 'example_branch_datetime_operator_3' retrieved from /home/airflow/.local/lib/python3.12/site-packages/airflow/example_dags/example_branch_datetime_operator.py
[2024-07-20T15:23:28.394+0000] {logging_mixin.py:188} INFO - [2024-07-20T15:23:28.394+0000] {dag.py:3089} INFO - Sync 3 DAGs
[2024-07-20T15:23:28.419+0000] {logging_mixin.py:188} INFO - [2024-07-20T15:23:28.418+0000] {dag.py:3947} INFO - Setting next_dagrun for example_branch_datetime_operator to 2024-07-19 00:00:00+00:00, run_after=2024-07-20 00:00:00+00:00
[2024-07-20T15:23:28.427+0000] {logging_mixin.py:188} INFO - [2024-07-20T15:23:28.426+0000] {dag.py:3947} INFO - Setting next_dagrun for example_branch_datetime_operator_2 to 2024-07-19 00:00:00+00:00, run_after=2024-07-20 00:00:00+00:00
[2024-07-20T15:23:28.433+0000] {logging_mixin.py:188} INFO - [2024-07-20T15:23:28.433+0000] {dag.py:3947} INFO - Setting next_dagrun for example_branch_datetime_operator_3 to 2024-07-19 00:00:00+00:00, run_after=2024-07-20 00:00:00+00:00
[2024-07-20T15:23:28.456+0000] {processor.py:183} INFO - Processing /home/airflow/.local/lib/python3.12/site-packages/airflow/example_dags/example_branch_datetime_operator.py took 0.095 seconds
[2024-07-20T15:24:00.476+0000] {processor.py:161} INFO - Started process (PID=125) to work on /home/airflow/.local/lib/python3.12/site-packages/airflow/example_dags/example_branch_datetime_operator.py
[2024-07-20T15:24:00.478+0000] {processor.py:830} INFO - Processing file /home/airflow/.local/lib/python3.12/site-packages/airflow/example_dags/example_branch_datetime_operator.py for tasks to queue
[2024-07-20T15:24:00.480+0000] {logging_mixin.py:188} INFO - [2024-07-20T15:24:00.480+0000] {dagbag.py:545} INFO - Filling up the DagBag from /home/airflow/.local/lib/python3.12/site-packages/airflow/example_dags/example_branch_datetime_operator.py
[2024-07-20T15:24:00.494+0000] {processor.py:840} INFO - DAG(s) 'example_branch_datetime_operator', 'example_branch_datetime_operator_3', 'example_branch_datetime_operator_2' retrieved from /home/airflow/.local/lib/python3.12/site-packages/airflow/example_dags/example_branch_datetime_operator.py
[2024-07-20T15:24:00.639+0000] {logging_mixin.py:188} INFO - [2024-07-20T15:24:00.638+0000] {dag.py:3089} INFO - Sync 3 DAGs
[2024-07-20T15:24:00.664+0000] {logging_mixin.py:188} INFO - [2024-07-20T15:24:00.664+0000] {dag.py:3947} INFO - Setting next_dagrun for example_branch_datetime_operator to 2024-07-19 00:00:00+00:00, run_after=2024-07-20 00:00:00+00:00
[2024-07-20T15:24:00.671+0000] {logging_mixin.py:188} INFO - [2024-07-20T15:24:00.671+0000] {dag.py:3947} INFO - Setting next_dagrun for example_branch_datetime_operator_2 to 2024-07-19 00:00:00+00:00, run_after=2024-07-20 00:00:00+00:00
[2024-07-20T15:24:00.674+0000] {logging_mixin.py:188} INFO - [2024-07-20T15:24:00.674+0000] {dag.py:3947} INFO - Setting next_dagrun for example_branch_datetime_operator_3 to 2024-07-19 00:00:00+00:00, run_after=2024-07-20 00:00:00+00:00
[2024-07-20T15:24:00.697+0000] {processor.py:183} INFO - Processing /home/airflow/.local/lib/python3.12/site-packages/airflow/example_dags/example_branch_datetime_operator.py took 0.228 seconds
