[2024-07-20T15:18:33.711+0000] {processor.py:161} INFO - Started process (PID=37) to work on /home/airflow/.local/lib/python3.12/site-packages/airflow/example_dags/example_nested_branch_dag.py
[2024-07-20T15:18:33.712+0000] {processor.py:830} INFO - Processing file /home/airflow/.local/lib/python3.12/site-packages/airflow/example_dags/example_nested_branch_dag.py for tasks to queue
[2024-07-20T15:18:33.719+0000] {logging_mixin.py:188} INFO - [2024-07-20T15:18:33.718+0000] {dagbag.py:545} INFO - Filling up the DagBag from /home/airflow/.local/lib/python3.12/site-packages/airflow/example_dags/example_nested_branch_dag.py
[2024-07-20T15:18:33.734+0000] {processor.py:840} INFO - DAG(s) 'example_nested_branch_dag' retrieved from /home/airflow/.local/lib/python3.12/site-packages/airflow/example_dags/example_nested_branch_dag.py
[2024-07-20T15:18:33.934+0000] {logging_mixin.py:188} INFO - [2024-07-20T15:18:33.934+0000] {dag.py:3089} INFO - Sync 1 DAGs
[2024-07-20T15:18:33.965+0000] {logging_mixin.py:188} INFO - [2024-07-20T15:18:33.964+0000] {dag.py:3947} INFO - Setting next_dagrun for example_nested_branch_dag to 2024-07-19 00:00:00+00:00, run_after=2024-07-20 00:00:00+00:00
[2024-07-20T15:18:34.021+0000] {processor.py:183} INFO - Processing /home/airflow/.local/lib/python3.12/site-packages/airflow/example_dags/example_nested_branch_dag.py took 0.332 seconds
[2024-07-20T15:19:04.886+0000] {processor.py:161} INFO - Started process (PID=95) to work on /home/airflow/.local/lib/python3.12/site-packages/airflow/example_dags/example_nested_branch_dag.py
[2024-07-20T15:19:04.888+0000] {processor.py:830} INFO - Processing file /home/airflow/.local/lib/python3.12/site-packages/airflow/example_dags/example_nested_branch_dag.py for tasks to queue
[2024-07-20T15:19:04.889+0000] {logging_mixin.py:188} INFO - [2024-07-20T15:19:04.889+0000] {dagbag.py:545} INFO - Filling up the DagBag from /home/airflow/.local/lib/python3.12/site-packages/airflow/example_dags/example_nested_branch_dag.py
[2024-07-20T15:19:04.899+0000] {processor.py:840} INFO - DAG(s) 'example_nested_branch_dag' retrieved from /home/airflow/.local/lib/python3.12/site-packages/airflow/example_dags/example_nested_branch_dag.py
[2024-07-20T15:19:04.922+0000] {logging_mixin.py:188} INFO - [2024-07-20T15:19:04.922+0000] {dag.py:3089} INFO - Sync 1 DAGs
[2024-07-20T15:19:04.952+0000] {logging_mixin.py:188} INFO - [2024-07-20T15:19:04.952+0000] {dag.py:3947} INFO - Setting next_dagrun for example_nested_branch_dag to 2024-07-19 00:00:00+00:00, run_after=2024-07-20 00:00:00+00:00
[2024-07-20T15:19:04.975+0000] {processor.py:183} INFO - Processing /home/airflow/.local/lib/python3.12/site-packages/airflow/example_dags/example_nested_branch_dag.py took 0.094 seconds
[2024-07-20T15:19:35.099+0000] {processor.py:161} INFO - Started process (PID=153) to work on /home/airflow/.local/lib/python3.12/site-packages/airflow/example_dags/example_nested_branch_dag.py
[2024-07-20T15:19:35.100+0000] {processor.py:830} INFO - Processing file /home/airflow/.local/lib/python3.12/site-packages/airflow/example_dags/example_nested_branch_dag.py for tasks to queue
[2024-07-20T15:19:35.102+0000] {logging_mixin.py:188} INFO - [2024-07-20T15:19:35.102+0000] {dagbag.py:545} INFO - Filling up the DagBag from /home/airflow/.local/lib/python3.12/site-packages/airflow/example_dags/example_nested_branch_dag.py
[2024-07-20T15:19:35.112+0000] {processor.py:840} INFO - DAG(s) 'example_nested_branch_dag' retrieved from /home/airflow/.local/lib/python3.12/site-packages/airflow/example_dags/example_nested_branch_dag.py
[2024-07-20T15:19:35.134+0000] {logging_mixin.py:188} INFO - [2024-07-20T15:19:35.134+0000] {dag.py:3089} INFO - Sync 1 DAGs
[2024-07-20T15:19:35.158+0000] {logging_mixin.py:188} INFO - [2024-07-20T15:19:35.158+0000] {dag.py:3947} INFO - Setting next_dagrun for example_nested_branch_dag to 2024-07-19 00:00:00+00:00, run_after=2024-07-20 00:00:00+00:00
[2024-07-20T15:19:35.178+0000] {processor.py:183} INFO - Processing /home/airflow/.local/lib/python3.12/site-packages/airflow/example_dags/example_nested_branch_dag.py took 0.084 seconds
[2024-07-20T15:20:05.296+0000] {processor.py:161} INFO - Started process (PID=212) to work on /home/airflow/.local/lib/python3.12/site-packages/airflow/example_dags/example_nested_branch_dag.py
[2024-07-20T15:20:05.297+0000] {processor.py:830} INFO - Processing file /home/airflow/.local/lib/python3.12/site-packages/airflow/example_dags/example_nested_branch_dag.py for tasks to queue
[2024-07-20T15:20:05.299+0000] {logging_mixin.py:188} INFO - [2024-07-20T15:20:05.298+0000] {dagbag.py:545} INFO - Filling up the DagBag from /home/airflow/.local/lib/python3.12/site-packages/airflow/example_dags/example_nested_branch_dag.py
[2024-07-20T15:20:05.308+0000] {processor.py:840} INFO - DAG(s) 'example_nested_branch_dag' retrieved from /home/airflow/.local/lib/python3.12/site-packages/airflow/example_dags/example_nested_branch_dag.py
[2024-07-20T15:20:05.329+0000] {logging_mixin.py:188} INFO - [2024-07-20T15:20:05.329+0000] {dag.py:3089} INFO - Sync 1 DAGs
[2024-07-20T15:20:05.355+0000] {logging_mixin.py:188} INFO - [2024-07-20T15:20:05.355+0000] {dag.py:3947} INFO - Setting next_dagrun for example_nested_branch_dag to 2024-07-19 00:00:00+00:00, run_after=2024-07-20 00:00:00+00:00
[2024-07-20T15:20:05.375+0000] {processor.py:183} INFO - Processing /home/airflow/.local/lib/python3.12/site-packages/airflow/example_dags/example_nested_branch_dag.py took 0.084 seconds
[2024-07-20T15:20:35.464+0000] {processor.py:161} INFO - Started process (PID=270) to work on /home/airflow/.local/lib/python3.12/site-packages/airflow/example_dags/example_nested_branch_dag.py
[2024-07-20T15:20:35.464+0000] {processor.py:830} INFO - Processing file /home/airflow/.local/lib/python3.12/site-packages/airflow/example_dags/example_nested_branch_dag.py for tasks to queue
[2024-07-20T15:20:35.466+0000] {logging_mixin.py:188} INFO - [2024-07-20T15:20:35.466+0000] {dagbag.py:545} INFO - Filling up the DagBag from /home/airflow/.local/lib/python3.12/site-packages/airflow/example_dags/example_nested_branch_dag.py
[2024-07-20T15:20:35.476+0000] {processor.py:840} INFO - DAG(s) 'example_nested_branch_dag' retrieved from /home/airflow/.local/lib/python3.12/site-packages/airflow/example_dags/example_nested_branch_dag.py
[2024-07-20T15:20:35.499+0000] {logging_mixin.py:188} INFO - [2024-07-20T15:20:35.499+0000] {dag.py:3089} INFO - Sync 1 DAGs
[2024-07-20T15:20:35.522+0000] {logging_mixin.py:188} INFO - [2024-07-20T15:20:35.522+0000] {dag.py:3947} INFO - Setting next_dagrun for example_nested_branch_dag to 2024-07-19 00:00:00+00:00, run_after=2024-07-20 00:00:00+00:00
[2024-07-20T15:20:35.545+0000] {processor.py:183} INFO - Processing /home/airflow/.local/lib/python3.12/site-packages/airflow/example_dags/example_nested_branch_dag.py took 0.087 seconds
[2024-07-20T15:21:05.656+0000] {processor.py:161} INFO - Started process (PID=328) to work on /home/airflow/.local/lib/python3.12/site-packages/airflow/example_dags/example_nested_branch_dag.py
[2024-07-20T15:21:05.657+0000] {processor.py:830} INFO - Processing file /home/airflow/.local/lib/python3.12/site-packages/airflow/example_dags/example_nested_branch_dag.py for tasks to queue
[2024-07-20T15:21:05.659+0000] {logging_mixin.py:188} INFO - [2024-07-20T15:21:05.658+0000] {dagbag.py:545} INFO - Filling up the DagBag from /home/airflow/.local/lib/python3.12/site-packages/airflow/example_dags/example_nested_branch_dag.py
[2024-07-20T15:21:05.668+0000] {processor.py:840} INFO - DAG(s) 'example_nested_branch_dag' retrieved from /home/airflow/.local/lib/python3.12/site-packages/airflow/example_dags/example_nested_branch_dag.py
[2024-07-20T15:21:05.692+0000] {logging_mixin.py:188} INFO - [2024-07-20T15:21:05.692+0000] {dag.py:3089} INFO - Sync 1 DAGs
[2024-07-20T15:21:05.715+0000] {logging_mixin.py:188} INFO - [2024-07-20T15:21:05.714+0000] {dag.py:3947} INFO - Setting next_dagrun for example_nested_branch_dag to 2024-07-19 00:00:00+00:00, run_after=2024-07-20 00:00:00+00:00
[2024-07-20T15:21:05.733+0000] {processor.py:183} INFO - Processing /home/airflow/.local/lib/python3.12/site-packages/airflow/example_dags/example_nested_branch_dag.py took 0.083 seconds
[2024-07-20T15:21:35.892+0000] {processor.py:161} INFO - Started process (PID=386) to work on /home/airflow/.local/lib/python3.12/site-packages/airflow/example_dags/example_nested_branch_dag.py
[2024-07-20T15:21:35.893+0000] {processor.py:830} INFO - Processing file /home/airflow/.local/lib/python3.12/site-packages/airflow/example_dags/example_nested_branch_dag.py for tasks to queue
[2024-07-20T15:21:35.894+0000] {logging_mixin.py:188} INFO - [2024-07-20T15:21:35.894+0000] {dagbag.py:545} INFO - Filling up the DagBag from /home/airflow/.local/lib/python3.12/site-packages/airflow/example_dags/example_nested_branch_dag.py
[2024-07-20T15:21:35.904+0000] {processor.py:840} INFO - DAG(s) 'example_nested_branch_dag' retrieved from /home/airflow/.local/lib/python3.12/site-packages/airflow/example_dags/example_nested_branch_dag.py
[2024-07-20T15:21:35.928+0000] {logging_mixin.py:188} INFO - [2024-07-20T15:21:35.928+0000] {dag.py:3089} INFO - Sync 1 DAGs
[2024-07-20T15:21:35.952+0000] {logging_mixin.py:188} INFO - [2024-07-20T15:21:35.951+0000] {dag.py:3947} INFO - Setting next_dagrun for example_nested_branch_dag to 2024-07-19 00:00:00+00:00, run_after=2024-07-20 00:00:00+00:00
[2024-07-20T15:21:35.978+0000] {processor.py:183} INFO - Processing /home/airflow/.local/lib/python3.12/site-packages/airflow/example_dags/example_nested_branch_dag.py took 0.092 seconds
[2024-07-20T15:22:06.513+0000] {processor.py:161} INFO - Started process (PID=450) to work on /home/airflow/.local/lib/python3.12/site-packages/airflow/example_dags/example_nested_branch_dag.py
[2024-07-20T15:22:06.514+0000] {processor.py:830} INFO - Processing file /home/airflow/.local/lib/python3.12/site-packages/airflow/example_dags/example_nested_branch_dag.py for tasks to queue
[2024-07-20T15:22:06.516+0000] {logging_mixin.py:188} INFO - [2024-07-20T15:22:06.515+0000] {dagbag.py:545} INFO - Filling up the DagBag from /home/airflow/.local/lib/python3.12/site-packages/airflow/example_dags/example_nested_branch_dag.py
[2024-07-20T15:22:06.532+0000] {processor.py:840} INFO - DAG(s) 'example_nested_branch_dag' retrieved from /home/airflow/.local/lib/python3.12/site-packages/airflow/example_dags/example_nested_branch_dag.py
[2024-07-20T15:22:06.557+0000] {logging_mixin.py:188} INFO - [2024-07-20T15:22:06.556+0000] {dag.py:3089} INFO - Sync 1 DAGs
[2024-07-20T15:22:06.583+0000] {logging_mixin.py:188} INFO - [2024-07-20T15:22:06.583+0000] {dag.py:3947} INFO - Setting next_dagrun for example_nested_branch_dag to 2024-07-19 00:00:00+00:00, run_after=2024-07-20 00:00:00+00:00
[2024-07-20T15:22:06.615+0000] {processor.py:183} INFO - Processing /home/airflow/.local/lib/python3.12/site-packages/airflow/example_dags/example_nested_branch_dag.py took 0.134 seconds
[2024-07-20T15:23:25.775+0000] {processor.py:161} INFO - Started process (PID=38) to work on /home/airflow/.local/lib/python3.12/site-packages/airflow/example_dags/example_nested_branch_dag.py
[2024-07-20T15:23:25.776+0000] {processor.py:830} INFO - Processing file /home/airflow/.local/lib/python3.12/site-packages/airflow/example_dags/example_nested_branch_dag.py for tasks to queue
[2024-07-20T15:23:25.777+0000] {logging_mixin.py:188} INFO - [2024-07-20T15:23:25.777+0000] {dagbag.py:545} INFO - Filling up the DagBag from /home/airflow/.local/lib/python3.12/site-packages/airflow/example_dags/example_nested_branch_dag.py
[2024-07-20T15:23:25.790+0000] {processor.py:840} INFO - DAG(s) 'example_nested_branch_dag' retrieved from /home/airflow/.local/lib/python3.12/site-packages/airflow/example_dags/example_nested_branch_dag.py
[2024-07-20T15:23:25.800+0000] {logging_mixin.py:188} INFO - [2024-07-20T15:23:25.800+0000] {dag.py:3089} INFO - Sync 1 DAGs
[2024-07-20T15:23:25.846+0000] {logging_mixin.py:188} INFO - [2024-07-20T15:23:25.846+0000] {dag.py:3947} INFO - Setting next_dagrun for example_nested_branch_dag to 2024-07-19 00:00:00+00:00, run_after=2024-07-20 00:00:00+00:00
[2024-07-20T15:23:25.880+0000] {processor.py:183} INFO - Processing /home/airflow/.local/lib/python3.12/site-packages/airflow/example_dags/example_nested_branch_dag.py took 0.111 seconds
[2024-07-20T15:23:56.782+0000] {processor.py:161} INFO - Started process (PID=98) to work on /home/airflow/.local/lib/python3.12/site-packages/airflow/example_dags/example_nested_branch_dag.py
[2024-07-20T15:23:56.782+0000] {processor.py:830} INFO - Processing file /home/airflow/.local/lib/python3.12/site-packages/airflow/example_dags/example_nested_branch_dag.py for tasks to queue
[2024-07-20T15:23:56.786+0000] {logging_mixin.py:188} INFO - [2024-07-20T15:23:56.785+0000] {dagbag.py:545} INFO - Filling up the DagBag from /home/airflow/.local/lib/python3.12/site-packages/airflow/example_dags/example_nested_branch_dag.py
[2024-07-20T15:23:56.798+0000] {processor.py:840} INFO - DAG(s) 'example_nested_branch_dag' retrieved from /home/airflow/.local/lib/python3.12/site-packages/airflow/example_dags/example_nested_branch_dag.py
[2024-07-20T15:23:56.934+0000] {logging_mixin.py:188} INFO - [2024-07-20T15:23:56.934+0000] {dag.py:3089} INFO - Sync 1 DAGs
[2024-07-20T15:23:56.968+0000] {logging_mixin.py:188} INFO - [2024-07-20T15:23:56.967+0000] {dag.py:3947} INFO - Setting next_dagrun for example_nested_branch_dag to 2024-07-19 00:00:00+00:00, run_after=2024-07-20 00:00:00+00:00
[2024-07-20T15:23:57.008+0000] {processor.py:183} INFO - Processing /home/airflow/.local/lib/python3.12/site-packages/airflow/example_dags/example_nested_branch_dag.py took 0.233 seconds
