[2024-07-20T15:18:43.822+0000] {processor.py:161} INFO - Started process (PID=75) to work on /home/airflow/.local/lib/python3.12/site-packages/airflow/example_dags/example_task_group_decorator.py
[2024-07-20T15:18:43.823+0000] {processor.py:830} INFO - Processing file /home/airflow/.local/lib/python3.12/site-packages/airflow/example_dags/example_task_group_decorator.py for tasks to queue
[2024-07-20T15:18:43.824+0000] {logging_mixin.py:188} INFO - [2024-07-20T15:18:43.824+0000] {dagbag.py:545} INFO - Filling up the DagBag from /home/airflow/.local/lib/python3.12/site-packages/airflow/example_dags/example_task_group_decorator.py
[2024-07-20T15:18:43.842+0000] {processor.py:840} INFO - DAG(s) 'example_task_group_decorator' retrieved from /home/airflow/.local/lib/python3.12/site-packages/airflow/example_dags/example_task_group_decorator.py
[2024-07-20T15:18:44.407+0000] {logging_mixin.py:188} INFO - [2024-07-20T15:18:44.407+0000] {dag.py:3089} INFO - Sync 1 DAGs
[2024-07-20T15:18:44.488+0000] {logging_mixin.py:188} INFO - [2024-07-20T15:18:44.488+0000] {dag.py:3947} INFO - Setting next_dagrun for example_task_group_decorator to 2024-07-19 00:00:00+00:00, run_after=2024-07-20 00:00:00+00:00
[2024-07-20T15:18:44.547+0000] {processor.py:183} INFO - Processing /home/airflow/.local/lib/python3.12/site-packages/airflow/example_dags/example_task_group_decorator.py took 0.731 seconds
[2024-07-20T15:19:14.880+0000] {processor.py:161} INFO - Started process (PID=133) to work on /home/airflow/.local/lib/python3.12/site-packages/airflow/example_dags/example_task_group_decorator.py
[2024-07-20T15:19:14.882+0000] {processor.py:830} INFO - Processing file /home/airflow/.local/lib/python3.12/site-packages/airflow/example_dags/example_task_group_decorator.py for tasks to queue
[2024-07-20T15:19:14.884+0000] {logging_mixin.py:188} INFO - [2024-07-20T15:19:14.883+0000] {dagbag.py:545} INFO - Filling up the DagBag from /home/airflow/.local/lib/python3.12/site-packages/airflow/example_dags/example_task_group_decorator.py
[2024-07-20T15:19:14.899+0000] {processor.py:840} INFO - DAG(s) 'example_task_group_decorator' retrieved from /home/airflow/.local/lib/python3.12/site-packages/airflow/example_dags/example_task_group_decorator.py
[2024-07-20T15:19:14.968+0000] {logging_mixin.py:188} INFO - [2024-07-20T15:19:14.968+0000] {dag.py:3089} INFO - Sync 1 DAGs
[2024-07-20T15:19:15.007+0000] {logging_mixin.py:188} INFO - [2024-07-20T15:19:15.007+0000] {dag.py:3947} INFO - Setting next_dagrun for example_task_group_decorator to 2024-07-19 00:00:00+00:00, run_after=2024-07-20 00:00:00+00:00
[2024-07-20T15:19:15.027+0000] {processor.py:183} INFO - Processing /home/airflow/.local/lib/python3.12/site-packages/airflow/example_dags/example_task_group_decorator.py took 0.171 seconds
[2024-07-20T15:19:45.183+0000] {processor.py:161} INFO - Started process (PID=192) to work on /home/airflow/.local/lib/python3.12/site-packages/airflow/example_dags/example_task_group_decorator.py
[2024-07-20T15:19:45.184+0000] {processor.py:830} INFO - Processing file /home/airflow/.local/lib/python3.12/site-packages/airflow/example_dags/example_task_group_decorator.py for tasks to queue
[2024-07-20T15:19:45.185+0000] {logging_mixin.py:188} INFO - [2024-07-20T15:19:45.185+0000] {dagbag.py:545} INFO - Filling up the DagBag from /home/airflow/.local/lib/python3.12/site-packages/airflow/example_dags/example_task_group_decorator.py
[2024-07-20T15:19:45.201+0000] {processor.py:840} INFO - DAG(s) 'example_task_group_decorator' retrieved from /home/airflow/.local/lib/python3.12/site-packages/airflow/example_dags/example_task_group_decorator.py
[2024-07-20T15:19:45.225+0000] {logging_mixin.py:188} INFO - [2024-07-20T15:19:45.225+0000] {dag.py:3089} INFO - Sync 1 DAGs
[2024-07-20T15:19:45.246+0000] {logging_mixin.py:188} INFO - [2024-07-20T15:19:45.245+0000] {dag.py:3947} INFO - Setting next_dagrun for example_task_group_decorator to 2024-07-19 00:00:00+00:00, run_after=2024-07-20 00:00:00+00:00
[2024-07-20T15:19:45.265+0000] {processor.py:183} INFO - Processing /home/airflow/.local/lib/python3.12/site-packages/airflow/example_dags/example_task_group_decorator.py took 0.088 seconds
[2024-07-20T15:20:15.334+0000] {processor.py:161} INFO - Started process (PID=250) to work on /home/airflow/.local/lib/python3.12/site-packages/airflow/example_dags/example_task_group_decorator.py
[2024-07-20T15:20:15.335+0000] {processor.py:830} INFO - Processing file /home/airflow/.local/lib/python3.12/site-packages/airflow/example_dags/example_task_group_decorator.py for tasks to queue
[2024-07-20T15:20:15.337+0000] {logging_mixin.py:188} INFO - [2024-07-20T15:20:15.336+0000] {dagbag.py:545} INFO - Filling up the DagBag from /home/airflow/.local/lib/python3.12/site-packages/airflow/example_dags/example_task_group_decorator.py
[2024-07-20T15:20:15.352+0000] {processor.py:840} INFO - DAG(s) 'example_task_group_decorator' retrieved from /home/airflow/.local/lib/python3.12/site-packages/airflow/example_dags/example_task_group_decorator.py
[2024-07-20T15:20:15.377+0000] {logging_mixin.py:188} INFO - [2024-07-20T15:20:15.376+0000] {dag.py:3089} INFO - Sync 1 DAGs
[2024-07-20T15:20:15.397+0000] {logging_mixin.py:188} INFO - [2024-07-20T15:20:15.397+0000] {dag.py:3947} INFO - Setting next_dagrun for example_task_group_decorator to 2024-07-19 00:00:00+00:00, run_after=2024-07-20 00:00:00+00:00
[2024-07-20T15:20:15.417+0000] {processor.py:183} INFO - Processing /home/airflow/.local/lib/python3.12/site-packages/airflow/example_dags/example_task_group_decorator.py took 0.089 seconds
[2024-07-20T15:20:46.218+0000] {processor.py:161} INFO - Started process (PID=308) to work on /home/airflow/.local/lib/python3.12/site-packages/airflow/example_dags/example_task_group_decorator.py
[2024-07-20T15:20:46.219+0000] {processor.py:830} INFO - Processing file /home/airflow/.local/lib/python3.12/site-packages/airflow/example_dags/example_task_group_decorator.py for tasks to queue
[2024-07-20T15:20:46.220+0000] {logging_mixin.py:188} INFO - [2024-07-20T15:20:46.220+0000] {dagbag.py:545} INFO - Filling up the DagBag from /home/airflow/.local/lib/python3.12/site-packages/airflow/example_dags/example_task_group_decorator.py
[2024-07-20T15:20:46.244+0000] {processor.py:840} INFO - DAG(s) 'example_task_group_decorator' retrieved from /home/airflow/.local/lib/python3.12/site-packages/airflow/example_dags/example_task_group_decorator.py
[2024-07-20T15:20:46.270+0000] {logging_mixin.py:188} INFO - [2024-07-20T15:20:46.270+0000] {dag.py:3089} INFO - Sync 1 DAGs
[2024-07-20T15:20:46.300+0000] {logging_mixin.py:188} INFO - [2024-07-20T15:20:46.300+0000] {dag.py:3947} INFO - Setting next_dagrun for example_task_group_decorator to 2024-07-19 00:00:00+00:00, run_after=2024-07-20 00:00:00+00:00
[2024-07-20T15:20:46.324+0000] {processor.py:183} INFO - Processing /home/airflow/.local/lib/python3.12/site-packages/airflow/example_dags/example_task_group_decorator.py took 0.111 seconds
[2024-07-20T15:21:16.703+0000] {processor.py:161} INFO - Started process (PID=366) to work on /home/airflow/.local/lib/python3.12/site-packages/airflow/example_dags/example_task_group_decorator.py
[2024-07-20T15:21:16.704+0000] {processor.py:830} INFO - Processing file /home/airflow/.local/lib/python3.12/site-packages/airflow/example_dags/example_task_group_decorator.py for tasks to queue
[2024-07-20T15:21:16.705+0000] {logging_mixin.py:188} INFO - [2024-07-20T15:21:16.705+0000] {dagbag.py:545} INFO - Filling up the DagBag from /home/airflow/.local/lib/python3.12/site-packages/airflow/example_dags/example_task_group_decorator.py
[2024-07-20T15:21:16.724+0000] {processor.py:840} INFO - DAG(s) 'example_task_group_decorator' retrieved from /home/airflow/.local/lib/python3.12/site-packages/airflow/example_dags/example_task_group_decorator.py
[2024-07-20T15:21:16.755+0000] {logging_mixin.py:188} INFO - [2024-07-20T15:21:16.755+0000] {dag.py:3089} INFO - Sync 1 DAGs
[2024-07-20T15:21:16.780+0000] {logging_mixin.py:188} INFO - [2024-07-20T15:21:16.780+0000] {dag.py:3947} INFO - Setting next_dagrun for example_task_group_decorator to 2024-07-19 00:00:00+00:00, run_after=2024-07-20 00:00:00+00:00
[2024-07-20T15:21:16.802+0000] {processor.py:183} INFO - Processing /home/airflow/.local/lib/python3.12/site-packages/airflow/example_dags/example_task_group_decorator.py took 0.105 seconds
[2024-07-20T15:21:47.208+0000] {processor.py:161} INFO - Started process (PID=424) to work on /home/airflow/.local/lib/python3.12/site-packages/airflow/example_dags/example_task_group_decorator.py
[2024-07-20T15:21:47.208+0000] {processor.py:830} INFO - Processing file /home/airflow/.local/lib/python3.12/site-packages/airflow/example_dags/example_task_group_decorator.py for tasks to queue
[2024-07-20T15:21:47.210+0000] {logging_mixin.py:188} INFO - [2024-07-20T15:21:47.210+0000] {dagbag.py:545} INFO - Filling up the DagBag from /home/airflow/.local/lib/python3.12/site-packages/airflow/example_dags/example_task_group_decorator.py
[2024-07-20T15:21:47.229+0000] {processor.py:840} INFO - DAG(s) 'example_task_group_decorator' retrieved from /home/airflow/.local/lib/python3.12/site-packages/airflow/example_dags/example_task_group_decorator.py
[2024-07-20T15:21:47.257+0000] {logging_mixin.py:188} INFO - [2024-07-20T15:21:47.257+0000] {dag.py:3089} INFO - Sync 1 DAGs
[2024-07-20T15:21:47.283+0000] {logging_mixin.py:188} INFO - [2024-07-20T15:21:47.283+0000] {dag.py:3947} INFO - Setting next_dagrun for example_task_group_decorator to 2024-07-19 00:00:00+00:00, run_after=2024-07-20 00:00:00+00:00
[2024-07-20T15:21:47.310+0000] {processor.py:183} INFO - Processing /home/airflow/.local/lib/python3.12/site-packages/airflow/example_dags/example_task_group_decorator.py took 0.109 seconds
[2024-07-20T15:22:17.993+0000] {processor.py:161} INFO - Started process (PID=482) to work on /home/airflow/.local/lib/python3.12/site-packages/airflow/example_dags/example_task_group_decorator.py
[2024-07-20T15:22:17.994+0000] {processor.py:830} INFO - Processing file /home/airflow/.local/lib/python3.12/site-packages/airflow/example_dags/example_task_group_decorator.py for tasks to queue
[2024-07-20T15:22:17.996+0000] {logging_mixin.py:188} INFO - [2024-07-20T15:22:17.996+0000] {dagbag.py:545} INFO - Filling up the DagBag from /home/airflow/.local/lib/python3.12/site-packages/airflow/example_dags/example_task_group_decorator.py
[2024-07-20T15:22:18.015+0000] {processor.py:840} INFO - DAG(s) 'example_task_group_decorator' retrieved from /home/airflow/.local/lib/python3.12/site-packages/airflow/example_dags/example_task_group_decorator.py
[2024-07-20T15:22:18.043+0000] {logging_mixin.py:188} INFO - [2024-07-20T15:22:18.043+0000] {dag.py:3089} INFO - Sync 1 DAGs
[2024-07-20T15:22:18.065+0000] {logging_mixin.py:188} INFO - [2024-07-20T15:22:18.065+0000] {dag.py:3947} INFO - Setting next_dagrun for example_task_group_decorator to 2024-07-19 00:00:00+00:00, run_after=2024-07-20 00:00:00+00:00
[2024-07-20T15:22:18.082+0000] {processor.py:183} INFO - Processing /home/airflow/.local/lib/python3.12/site-packages/airflow/example_dags/example_task_group_decorator.py took 0.094 seconds
[2024-07-20T15:23:28.611+0000] {processor.py:161} INFO - Started process (PID=70) to work on /home/airflow/.local/lib/python3.12/site-packages/airflow/example_dags/example_task_group_decorator.py
[2024-07-20T15:23:28.612+0000] {processor.py:830} INFO - Processing file /home/airflow/.local/lib/python3.12/site-packages/airflow/example_dags/example_task_group_decorator.py for tasks to queue
[2024-07-20T15:23:28.613+0000] {logging_mixin.py:188} INFO - [2024-07-20T15:23:28.613+0000] {dagbag.py:545} INFO - Filling up the DagBag from /home/airflow/.local/lib/python3.12/site-packages/airflow/example_dags/example_task_group_decorator.py
[2024-07-20T15:23:28.628+0000] {processor.py:840} INFO - DAG(s) 'example_task_group_decorator' retrieved from /home/airflow/.local/lib/python3.12/site-packages/airflow/example_dags/example_task_group_decorator.py
[2024-07-20T15:23:28.646+0000] {logging_mixin.py:188} INFO - [2024-07-20T15:23:28.645+0000] {dag.py:3089} INFO - Sync 1 DAGs
[2024-07-20T15:23:28.669+0000] {logging_mixin.py:188} INFO - [2024-07-20T15:23:28.669+0000] {dag.py:3947} INFO - Setting next_dagrun for example_task_group_decorator to 2024-07-19 00:00:00+00:00, run_after=2024-07-20 00:00:00+00:00
[2024-07-20T15:23:28.694+0000] {processor.py:183} INFO - Processing /home/airflow/.local/lib/python3.12/site-packages/airflow/example_dags/example_task_group_decorator.py took 0.089 seconds
[2024-07-20T15:24:01.077+0000] {processor.py:161} INFO - Started process (PID=130) to work on /home/airflow/.local/lib/python3.12/site-packages/airflow/example_dags/example_task_group_decorator.py
[2024-07-20T15:24:01.078+0000] {processor.py:830} INFO - Processing file /home/airflow/.local/lib/python3.12/site-packages/airflow/example_dags/example_task_group_decorator.py for tasks to queue
[2024-07-20T15:24:01.079+0000] {logging_mixin.py:188} INFO - [2024-07-20T15:24:01.079+0000] {dagbag.py:545} INFO - Filling up the DagBag from /home/airflow/.local/lib/python3.12/site-packages/airflow/example_dags/example_task_group_decorator.py
[2024-07-20T15:24:01.094+0000] {processor.py:840} INFO - DAG(s) 'example_task_group_decorator' retrieved from /home/airflow/.local/lib/python3.12/site-packages/airflow/example_dags/example_task_group_decorator.py
[2024-07-20T15:24:01.226+0000] {logging_mixin.py:188} INFO - [2024-07-20T15:24:01.226+0000] {dag.py:3089} INFO - Sync 1 DAGs
[2024-07-20T15:24:01.248+0000] {logging_mixin.py:188} INFO - [2024-07-20T15:24:01.248+0000] {dag.py:3947} INFO - Setting next_dagrun for example_task_group_decorator to 2024-07-19 00:00:00+00:00, run_after=2024-07-20 00:00:00+00:00
[2024-07-20T15:24:01.269+0000] {processor.py:183} INFO - Processing /home/airflow/.local/lib/python3.12/site-packages/airflow/example_dags/example_task_group_decorator.py took 0.197 seconds
