[2024-07-20T15:18:42.714+0000] {processor.py:161} INFO - Started process (PID=71) to work on /home/airflow/.local/lib/python3.12/site-packages/airflow/example_dags/example_task_group.py
[2024-07-20T15:18:42.715+0000] {processor.py:830} INFO - Processing file /home/airflow/.local/lib/python3.12/site-packages/airflow/example_dags/example_task_group.py for tasks to queue
[2024-07-20T15:18:42.727+0000] {logging_mixin.py:188} INFO - [2024-07-20T15:18:42.726+0000] {dagbag.py:545} INFO - Filling up the DagBag from /home/airflow/.local/lib/python3.12/site-packages/airflow/example_dags/example_task_group.py
[2024-07-20T15:18:42.750+0000] {processor.py:840} INFO - DAG(s) 'example_task_group' retrieved from /home/airflow/.local/lib/python3.12/site-packages/airflow/example_dags/example_task_group.py
[2024-07-20T15:18:42.937+0000] {logging_mixin.py:188} INFO - [2024-07-20T15:18:42.937+0000] {dag.py:3089} INFO - Sync 1 DAGs
[2024-07-20T15:18:42.999+0000] {logging_mixin.py:188} INFO - [2024-07-20T15:18:42.991+0000] {dag.py:3947} INFO - Setting next_dagrun for example_task_group to 2024-07-19 00:00:00+00:00, run_after=2024-07-20 00:00:00+00:00
[2024-07-20T15:18:43.106+0000] {processor.py:183} INFO - Processing /home/airflow/.local/lib/python3.12/site-packages/airflow/example_dags/example_task_group.py took 0.408 seconds
[2024-07-20T15:19:13.641+0000] {processor.py:161} INFO - Started process (PID=129) to work on /home/airflow/.local/lib/python3.12/site-packages/airflow/example_dags/example_task_group.py
[2024-07-20T15:19:13.642+0000] {processor.py:830} INFO - Processing file /home/airflow/.local/lib/python3.12/site-packages/airflow/example_dags/example_task_group.py for tasks to queue
[2024-07-20T15:19:13.644+0000] {logging_mixin.py:188} INFO - [2024-07-20T15:19:13.643+0000] {dagbag.py:545} INFO - Filling up the DagBag from /home/airflow/.local/lib/python3.12/site-packages/airflow/example_dags/example_task_group.py
[2024-07-20T15:19:13.652+0000] {processor.py:840} INFO - DAG(s) 'example_task_group' retrieved from /home/airflow/.local/lib/python3.12/site-packages/airflow/example_dags/example_task_group.py
[2024-07-20T15:19:13.675+0000] {logging_mixin.py:188} INFO - [2024-07-20T15:19:13.674+0000] {dag.py:3089} INFO - Sync 1 DAGs
[2024-07-20T15:19:13.696+0000] {logging_mixin.py:188} INFO - [2024-07-20T15:19:13.696+0000] {dag.py:3947} INFO - Setting next_dagrun for example_task_group to 2024-07-19 00:00:00+00:00, run_after=2024-07-20 00:00:00+00:00
[2024-07-20T15:19:13.719+0000] {processor.py:183} INFO - Processing /home/airflow/.local/lib/python3.12/site-packages/airflow/example_dags/example_task_group.py took 0.084 seconds
[2024-07-20T15:19:43.991+0000] {processor.py:161} INFO - Started process (PID=188) to work on /home/airflow/.local/lib/python3.12/site-packages/airflow/example_dags/example_task_group.py
[2024-07-20T15:19:43.992+0000] {processor.py:830} INFO - Processing file /home/airflow/.local/lib/python3.12/site-packages/airflow/example_dags/example_task_group.py for tasks to queue
[2024-07-20T15:19:43.993+0000] {logging_mixin.py:188} INFO - [2024-07-20T15:19:43.993+0000] {dagbag.py:545} INFO - Filling up the DagBag from /home/airflow/.local/lib/python3.12/site-packages/airflow/example_dags/example_task_group.py
[2024-07-20T15:19:44.000+0000] {processor.py:840} INFO - DAG(s) 'example_task_group' retrieved from /home/airflow/.local/lib/python3.12/site-packages/airflow/example_dags/example_task_group.py
[2024-07-20T15:19:44.019+0000] {logging_mixin.py:188} INFO - [2024-07-20T15:19:44.019+0000] {dag.py:3089} INFO - Sync 1 DAGs
[2024-07-20T15:19:44.041+0000] {logging_mixin.py:188} INFO - [2024-07-20T15:19:44.040+0000] {dag.py:3947} INFO - Setting next_dagrun for example_task_group to 2024-07-19 00:00:00+00:00, run_after=2024-07-20 00:00:00+00:00
[2024-07-20T15:19:44.062+0000] {processor.py:183} INFO - Processing /home/airflow/.local/lib/python3.12/site-packages/airflow/example_dags/example_task_group.py took 0.076 seconds
[2024-07-20T15:20:14.139+0000] {processor.py:161} INFO - Started process (PID=246) to work on /home/airflow/.local/lib/python3.12/site-packages/airflow/example_dags/example_task_group.py
[2024-07-20T15:20:14.140+0000] {processor.py:830} INFO - Processing file /home/airflow/.local/lib/python3.12/site-packages/airflow/example_dags/example_task_group.py for tasks to queue
[2024-07-20T15:20:14.142+0000] {logging_mixin.py:188} INFO - [2024-07-20T15:20:14.142+0000] {dagbag.py:545} INFO - Filling up the DagBag from /home/airflow/.local/lib/python3.12/site-packages/airflow/example_dags/example_task_group.py
[2024-07-20T15:20:14.149+0000] {processor.py:840} INFO - DAG(s) 'example_task_group' retrieved from /home/airflow/.local/lib/python3.12/site-packages/airflow/example_dags/example_task_group.py
[2024-07-20T15:20:14.170+0000] {logging_mixin.py:188} INFO - [2024-07-20T15:20:14.170+0000] {dag.py:3089} INFO - Sync 1 DAGs
[2024-07-20T15:20:14.193+0000] {logging_mixin.py:188} INFO - [2024-07-20T15:20:14.193+0000] {dag.py:3947} INFO - Setting next_dagrun for example_task_group to 2024-07-19 00:00:00+00:00, run_after=2024-07-20 00:00:00+00:00
[2024-07-20T15:20:14.211+0000] {processor.py:183} INFO - Processing /home/airflow/.local/lib/python3.12/site-packages/airflow/example_dags/example_task_group.py took 0.077 seconds
[2024-07-20T15:20:44.996+0000] {processor.py:161} INFO - Started process (PID=304) to work on /home/airflow/.local/lib/python3.12/site-packages/airflow/example_dags/example_task_group.py
[2024-07-20T15:20:44.997+0000] {processor.py:830} INFO - Processing file /home/airflow/.local/lib/python3.12/site-packages/airflow/example_dags/example_task_group.py for tasks to queue
[2024-07-20T15:20:44.998+0000] {logging_mixin.py:188} INFO - [2024-07-20T15:20:44.998+0000] {dagbag.py:545} INFO - Filling up the DagBag from /home/airflow/.local/lib/python3.12/site-packages/airflow/example_dags/example_task_group.py
[2024-07-20T15:20:45.005+0000] {processor.py:840} INFO - DAG(s) 'example_task_group' retrieved from /home/airflow/.local/lib/python3.12/site-packages/airflow/example_dags/example_task_group.py
[2024-07-20T15:20:45.038+0000] {logging_mixin.py:188} INFO - [2024-07-20T15:20:45.038+0000] {dag.py:3089} INFO - Sync 1 DAGs
[2024-07-20T15:20:45.063+0000] {logging_mixin.py:188} INFO - [2024-07-20T15:20:45.062+0000] {dag.py:3947} INFO - Setting next_dagrun for example_task_group to 2024-07-19 00:00:00+00:00, run_after=2024-07-20 00:00:00+00:00
[2024-07-20T15:20:45.082+0000] {processor.py:183} INFO - Processing /home/airflow/.local/lib/python3.12/site-packages/airflow/example_dags/example_task_group.py took 0.092 seconds
[2024-07-20T15:21:15.480+0000] {processor.py:161} INFO - Started process (PID=362) to work on /home/airflow/.local/lib/python3.12/site-packages/airflow/example_dags/example_task_group.py
[2024-07-20T15:21:15.481+0000] {processor.py:830} INFO - Processing file /home/airflow/.local/lib/python3.12/site-packages/airflow/example_dags/example_task_group.py for tasks to queue
[2024-07-20T15:21:15.483+0000] {logging_mixin.py:188} INFO - [2024-07-20T15:21:15.482+0000] {dagbag.py:545} INFO - Filling up the DagBag from /home/airflow/.local/lib/python3.12/site-packages/airflow/example_dags/example_task_group.py
[2024-07-20T15:21:15.492+0000] {processor.py:840} INFO - DAG(s) 'example_task_group' retrieved from /home/airflow/.local/lib/python3.12/site-packages/airflow/example_dags/example_task_group.py
[2024-07-20T15:21:15.516+0000] {logging_mixin.py:188} INFO - [2024-07-20T15:21:15.516+0000] {dag.py:3089} INFO - Sync 1 DAGs
[2024-07-20T15:21:15.542+0000] {logging_mixin.py:188} INFO - [2024-07-20T15:21:15.542+0000] {dag.py:3947} INFO - Setting next_dagrun for example_task_group to 2024-07-19 00:00:00+00:00, run_after=2024-07-20 00:00:00+00:00
[2024-07-20T15:21:15.563+0000] {processor.py:183} INFO - Processing /home/airflow/.local/lib/python3.12/site-packages/airflow/example_dags/example_task_group.py took 0.090 seconds
[2024-07-20T15:21:46.362+0000] {processor.py:161} INFO - Started process (PID=420) to work on /home/airflow/.local/lib/python3.12/site-packages/airflow/example_dags/example_task_group.py
[2024-07-20T15:21:46.363+0000] {processor.py:830} INFO - Processing file /home/airflow/.local/lib/python3.12/site-packages/airflow/example_dags/example_task_group.py for tasks to queue
[2024-07-20T15:21:46.364+0000] {logging_mixin.py:188} INFO - [2024-07-20T15:21:46.364+0000] {dagbag.py:545} INFO - Filling up the DagBag from /home/airflow/.local/lib/python3.12/site-packages/airflow/example_dags/example_task_group.py
[2024-07-20T15:21:46.375+0000] {processor.py:840} INFO - DAG(s) 'example_task_group' retrieved from /home/airflow/.local/lib/python3.12/site-packages/airflow/example_dags/example_task_group.py
[2024-07-20T15:21:46.400+0000] {logging_mixin.py:188} INFO - [2024-07-20T15:21:46.400+0000] {dag.py:3089} INFO - Sync 1 DAGs
[2024-07-20T15:21:46.425+0000] {logging_mixin.py:188} INFO - [2024-07-20T15:21:46.425+0000] {dag.py:3947} INFO - Setting next_dagrun for example_task_group to 2024-07-19 00:00:00+00:00, run_after=2024-07-20 00:00:00+00:00
[2024-07-20T15:21:46.443+0000] {processor.py:183} INFO - Processing /home/airflow/.local/lib/python3.12/site-packages/airflow/example_dags/example_task_group.py took 0.087 seconds
[2024-07-20T15:22:16.780+0000] {processor.py:161} INFO - Started process (PID=477) to work on /home/airflow/.local/lib/python3.12/site-packages/airflow/example_dags/example_task_group.py
[2024-07-20T15:22:16.780+0000] {processor.py:830} INFO - Processing file /home/airflow/.local/lib/python3.12/site-packages/airflow/example_dags/example_task_group.py for tasks to queue
[2024-07-20T15:22:16.782+0000] {logging_mixin.py:188} INFO - [2024-07-20T15:22:16.782+0000] {dagbag.py:545} INFO - Filling up the DagBag from /home/airflow/.local/lib/python3.12/site-packages/airflow/example_dags/example_task_group.py
[2024-07-20T15:22:16.789+0000] {processor.py:840} INFO - DAG(s) 'example_task_group' retrieved from /home/airflow/.local/lib/python3.12/site-packages/airflow/example_dags/example_task_group.py
[2024-07-20T15:22:16.809+0000] {logging_mixin.py:188} INFO - [2024-07-20T15:22:16.808+0000] {dag.py:3089} INFO - Sync 1 DAGs
[2024-07-20T15:22:16.831+0000] {logging_mixin.py:188} INFO - [2024-07-20T15:22:16.831+0000] {dag.py:3947} INFO - Setting next_dagrun for example_task_group to 2024-07-19 00:00:00+00:00, run_after=2024-07-20 00:00:00+00:00
[2024-07-20T15:22:16.849+0000] {processor.py:183} INFO - Processing /home/airflow/.local/lib/python3.12/site-packages/airflow/example_dags/example_task_group.py took 0.075 seconds
[2024-07-20T15:23:28.373+0000] {processor.py:161} INFO - Started process (PID=66) to work on /home/airflow/.local/lib/python3.12/site-packages/airflow/example_dags/example_task_group.py
[2024-07-20T15:23:28.375+0000] {processor.py:830} INFO - Processing file /home/airflow/.local/lib/python3.12/site-packages/airflow/example_dags/example_task_group.py for tasks to queue
[2024-07-20T15:23:28.376+0000] {logging_mixin.py:188} INFO - [2024-07-20T15:23:28.376+0000] {dagbag.py:545} INFO - Filling up the DagBag from /home/airflow/.local/lib/python3.12/site-packages/airflow/example_dags/example_task_group.py
[2024-07-20T15:23:28.386+0000] {processor.py:840} INFO - DAG(s) 'example_task_group' retrieved from /home/airflow/.local/lib/python3.12/site-packages/airflow/example_dags/example_task_group.py
[2024-07-20T15:23:28.397+0000] {logging_mixin.py:188} INFO - [2024-07-20T15:23:28.397+0000] {dag.py:3089} INFO - Sync 1 DAGs
[2024-07-20T15:23:28.420+0000] {logging_mixin.py:188} INFO - [2024-07-20T15:23:28.420+0000] {dag.py:3947} INFO - Setting next_dagrun for example_task_group to 2024-07-19 00:00:00+00:00, run_after=2024-07-20 00:00:00+00:00
[2024-07-20T15:23:28.440+0000] {processor.py:183} INFO - Processing /home/airflow/.local/lib/python3.12/site-packages/airflow/example_dags/example_task_group.py took 0.072 seconds
[2024-07-20T15:24:00.662+0000] {processor.py:161} INFO - Started process (PID=126) to work on /home/airflow/.local/lib/python3.12/site-packages/airflow/example_dags/example_task_group.py
[2024-07-20T15:24:00.663+0000] {processor.py:830} INFO - Processing file /home/airflow/.local/lib/python3.12/site-packages/airflow/example_dags/example_task_group.py for tasks to queue
[2024-07-20T15:24:00.665+0000] {logging_mixin.py:188} INFO - [2024-07-20T15:24:00.664+0000] {dagbag.py:545} INFO - Filling up the DagBag from /home/airflow/.local/lib/python3.12/site-packages/airflow/example_dags/example_task_group.py
[2024-07-20T15:24:00.672+0000] {processor.py:840} INFO - DAG(s) 'example_task_group' retrieved from /home/airflow/.local/lib/python3.12/site-packages/airflow/example_dags/example_task_group.py
[2024-07-20T15:24:00.789+0000] {logging_mixin.py:188} INFO - [2024-07-20T15:24:00.789+0000] {dag.py:3089} INFO - Sync 1 DAGs
[2024-07-20T15:24:00.809+0000] {logging_mixin.py:188} INFO - [2024-07-20T15:24:00.809+0000] {dag.py:3947} INFO - Setting next_dagrun for example_task_group to 2024-07-19 00:00:00+00:00, run_after=2024-07-20 00:00:00+00:00
[2024-07-20T15:24:00.826+0000] {processor.py:183} INFO - Processing /home/airflow/.local/lib/python3.12/site-packages/airflow/example_dags/example_task_group.py took 0.170 seconds
