[2024-07-20T15:18:37.810+0000] {processor.py:161} INFO - Started process (PID=54) to work on /home/airflow/.local/lib/python3.12/site-packages/airflow/example_dags/example_latest_only.py
[2024-07-20T15:18:37.811+0000] {processor.py:830} INFO - Processing file /home/airflow/.local/lib/python3.12/site-packages/airflow/example_dags/example_latest_only.py for tasks to queue
[2024-07-20T15:18:37.813+0000] {logging_mixin.py:188} INFO - [2024-07-20T15:18:37.812+0000] {dagbag.py:545} INFO - Filling up the DagBag from /home/airflow/.local/lib/python3.12/site-packages/airflow/example_dags/example_latest_only.py
[2024-07-20T15:18:37.822+0000] {processor.py:840} INFO - DAG(s) 'latest_only' retrieved from /home/airflow/.local/lib/python3.12/site-packages/airflow/example_dags/example_latest_only.py
[2024-07-20T15:18:38.270+0000] {logging_mixin.py:188} INFO - [2024-07-20T15:18:38.270+0000] {dag.py:3089} INFO - Sync 1 DAGs
[2024-07-20T15:18:38.287+0000] {logging_mixin.py:188} INFO - [2024-07-20T15:18:38.287+0000] {dag.py:3947} INFO - Setting next_dagrun for latest_only to 2024-07-20 08:00:00+00:00, run_after=2024-07-20 12:00:00+00:00
[2024-07-20T15:18:38.332+0000] {processor.py:183} INFO - Processing /home/airflow/.local/lib/python3.12/site-packages/airflow/example_dags/example_latest_only.py took 0.528 seconds
[2024-07-20T15:19:08.657+0000] {processor.py:161} INFO - Started process (PID=112) to work on /home/airflow/.local/lib/python3.12/site-packages/airflow/example_dags/example_latest_only.py
[2024-07-20T15:19:08.659+0000] {processor.py:830} INFO - Processing file /home/airflow/.local/lib/python3.12/site-packages/airflow/example_dags/example_latest_only.py for tasks to queue
[2024-07-20T15:19:08.661+0000] {logging_mixin.py:188} INFO - [2024-07-20T15:19:08.660+0000] {dagbag.py:545} INFO - Filling up the DagBag from /home/airflow/.local/lib/python3.12/site-packages/airflow/example_dags/example_latest_only.py
[2024-07-20T15:19:08.665+0000] {processor.py:840} INFO - DAG(s) 'latest_only' retrieved from /home/airflow/.local/lib/python3.12/site-packages/airflow/example_dags/example_latest_only.py
[2024-07-20T15:19:08.694+0000] {logging_mixin.py:188} INFO - [2024-07-20T15:19:08.694+0000] {dag.py:3089} INFO - Sync 1 DAGs
[2024-07-20T15:19:08.723+0000] {logging_mixin.py:188} INFO - [2024-07-20T15:19:08.723+0000] {dag.py:3947} INFO - Setting next_dagrun for latest_only to 2024-07-20 08:00:00+00:00, run_after=2024-07-20 12:00:00+00:00
[2024-07-20T15:19:08.746+0000] {processor.py:183} INFO - Processing /home/airflow/.local/lib/python3.12/site-packages/airflow/example_dags/example_latest_only.py took 0.094 seconds
[2024-07-20T15:19:38.839+0000] {processor.py:161} INFO - Started process (PID=171) to work on /home/airflow/.local/lib/python3.12/site-packages/airflow/example_dags/example_latest_only.py
[2024-07-20T15:19:38.840+0000] {processor.py:830} INFO - Processing file /home/airflow/.local/lib/python3.12/site-packages/airflow/example_dags/example_latest_only.py for tasks to queue
[2024-07-20T15:19:38.842+0000] {logging_mixin.py:188} INFO - [2024-07-20T15:19:38.842+0000] {dagbag.py:545} INFO - Filling up the DagBag from /home/airflow/.local/lib/python3.12/site-packages/airflow/example_dags/example_latest_only.py
[2024-07-20T15:19:38.847+0000] {processor.py:840} INFO - DAG(s) 'latest_only' retrieved from /home/airflow/.local/lib/python3.12/site-packages/airflow/example_dags/example_latest_only.py
[2024-07-20T15:19:38.865+0000] {logging_mixin.py:188} INFO - [2024-07-20T15:19:38.864+0000] {dag.py:3089} INFO - Sync 1 DAGs
[2024-07-20T15:19:38.886+0000] {logging_mixin.py:188} INFO - [2024-07-20T15:19:38.885+0000] {dag.py:3947} INFO - Setting next_dagrun for latest_only to 2024-07-20 08:00:00+00:00, run_after=2024-07-20 12:00:00+00:00
[2024-07-20T15:19:38.903+0000] {processor.py:183} INFO - Processing /home/airflow/.local/lib/python3.12/site-packages/airflow/example_dags/example_latest_only.py took 0.069 seconds
[2024-07-20T15:20:09.000+0000] {processor.py:161} INFO - Started process (PID=229) to work on /home/airflow/.local/lib/python3.12/site-packages/airflow/example_dags/example_latest_only.py
[2024-07-20T15:20:09.000+0000] {processor.py:830} INFO - Processing file /home/airflow/.local/lib/python3.12/site-packages/airflow/example_dags/example_latest_only.py for tasks to queue
[2024-07-20T15:20:09.002+0000] {logging_mixin.py:188} INFO - [2024-07-20T15:20:09.001+0000] {dagbag.py:545} INFO - Filling up the DagBag from /home/airflow/.local/lib/python3.12/site-packages/airflow/example_dags/example_latest_only.py
[2024-07-20T15:20:09.006+0000] {processor.py:840} INFO - DAG(s) 'latest_only' retrieved from /home/airflow/.local/lib/python3.12/site-packages/airflow/example_dags/example_latest_only.py
[2024-07-20T15:20:09.025+0000] {logging_mixin.py:188} INFO - [2024-07-20T15:20:09.025+0000] {dag.py:3089} INFO - Sync 1 DAGs
[2024-07-20T15:20:09.047+0000] {logging_mixin.py:188} INFO - [2024-07-20T15:20:09.047+0000] {dag.py:3947} INFO - Setting next_dagrun for latest_only to 2024-07-20 08:00:00+00:00, run_after=2024-07-20 12:00:00+00:00
[2024-07-20T15:20:09.065+0000] {processor.py:183} INFO - Processing /home/airflow/.local/lib/python3.12/site-packages/airflow/example_dags/example_latest_only.py took 0.071 seconds
[2024-07-20T15:20:39.102+0000] {processor.py:161} INFO - Started process (PID=287) to work on /home/airflow/.local/lib/python3.12/site-packages/airflow/example_dags/example_latest_only.py
[2024-07-20T15:20:39.103+0000] {processor.py:830} INFO - Processing file /home/airflow/.local/lib/python3.12/site-packages/airflow/example_dags/example_latest_only.py for tasks to queue
[2024-07-20T15:20:39.104+0000] {logging_mixin.py:188} INFO - [2024-07-20T15:20:39.104+0000] {dagbag.py:545} INFO - Filling up the DagBag from /home/airflow/.local/lib/python3.12/site-packages/airflow/example_dags/example_latest_only.py
[2024-07-20T15:20:39.109+0000] {processor.py:840} INFO - DAG(s) 'latest_only' retrieved from /home/airflow/.local/lib/python3.12/site-packages/airflow/example_dags/example_latest_only.py
[2024-07-20T15:20:39.128+0000] {logging_mixin.py:188} INFO - [2024-07-20T15:20:39.128+0000] {dag.py:3089} INFO - Sync 1 DAGs
[2024-07-20T15:20:39.152+0000] {logging_mixin.py:188} INFO - [2024-07-20T15:20:39.152+0000] {dag.py:3947} INFO - Setting next_dagrun for latest_only to 2024-07-20 08:00:00+00:00, run_after=2024-07-20 12:00:00+00:00
[2024-07-20T15:20:39.171+0000] {processor.py:183} INFO - Processing /home/airflow/.local/lib/python3.12/site-packages/airflow/example_dags/example_latest_only.py took 0.074 seconds
[2024-07-20T15:21:09.248+0000] {processor.py:161} INFO - Started process (PID=345) to work on /home/airflow/.local/lib/python3.12/site-packages/airflow/example_dags/example_latest_only.py
[2024-07-20T15:21:09.248+0000] {processor.py:830} INFO - Processing file /home/airflow/.local/lib/python3.12/site-packages/airflow/example_dags/example_latest_only.py for tasks to queue
[2024-07-20T15:21:09.250+0000] {logging_mixin.py:188} INFO - [2024-07-20T15:21:09.250+0000] {dagbag.py:545} INFO - Filling up the DagBag from /home/airflow/.local/lib/python3.12/site-packages/airflow/example_dags/example_latest_only.py
[2024-07-20T15:21:09.258+0000] {processor.py:840} INFO - DAG(s) 'latest_only' retrieved from /home/airflow/.local/lib/python3.12/site-packages/airflow/example_dags/example_latest_only.py
[2024-07-20T15:21:09.279+0000] {logging_mixin.py:188} INFO - [2024-07-20T15:21:09.278+0000] {dag.py:3089} INFO - Sync 1 DAGs
[2024-07-20T15:21:09.303+0000] {logging_mixin.py:188} INFO - [2024-07-20T15:21:09.302+0000] {dag.py:3947} INFO - Setting next_dagrun for latest_only to 2024-07-20 08:00:00+00:00, run_after=2024-07-20 12:00:00+00:00
[2024-07-20T15:21:09.323+0000] {processor.py:183} INFO - Processing /home/airflow/.local/lib/python3.12/site-packages/airflow/example_dags/example_latest_only.py took 0.081 seconds
[2024-07-20T15:21:39.429+0000] {processor.py:161} INFO - Started process (PID=403) to work on /home/airflow/.local/lib/python3.12/site-packages/airflow/example_dags/example_latest_only.py
[2024-07-20T15:21:39.430+0000] {processor.py:830} INFO - Processing file /home/airflow/.local/lib/python3.12/site-packages/airflow/example_dags/example_latest_only.py for tasks to queue
[2024-07-20T15:21:39.431+0000] {logging_mixin.py:188} INFO - [2024-07-20T15:21:39.431+0000] {dagbag.py:545} INFO - Filling up the DagBag from /home/airflow/.local/lib/python3.12/site-packages/airflow/example_dags/example_latest_only.py
[2024-07-20T15:21:39.436+0000] {processor.py:840} INFO - DAG(s) 'latest_only' retrieved from /home/airflow/.local/lib/python3.12/site-packages/airflow/example_dags/example_latest_only.py
[2024-07-20T15:21:39.456+0000] {logging_mixin.py:188} INFO - [2024-07-20T15:21:39.455+0000] {dag.py:3089} INFO - Sync 1 DAGs
[2024-07-20T15:21:39.478+0000] {logging_mixin.py:188} INFO - [2024-07-20T15:21:39.478+0000] {dag.py:3947} INFO - Setting next_dagrun for latest_only to 2024-07-20 08:00:00+00:00, run_after=2024-07-20 12:00:00+00:00
[2024-07-20T15:21:39.498+0000] {processor.py:183} INFO - Processing /home/airflow/.local/lib/python3.12/site-packages/airflow/example_dags/example_latest_only.py took 0.074 seconds
[2024-07-20T15:22:10.082+0000] {processor.py:161} INFO - Started process (PID=461) to work on /home/airflow/.local/lib/python3.12/site-packages/airflow/example_dags/example_latest_only.py
[2024-07-20T15:22:10.083+0000] {processor.py:830} INFO - Processing file /home/airflow/.local/lib/python3.12/site-packages/airflow/example_dags/example_latest_only.py for tasks to queue
[2024-07-20T15:22:10.085+0000] {logging_mixin.py:188} INFO - [2024-07-20T15:22:10.084+0000] {dagbag.py:545} INFO - Filling up the DagBag from /home/airflow/.local/lib/python3.12/site-packages/airflow/example_dags/example_latest_only.py
[2024-07-20T15:22:10.089+0000] {processor.py:840} INFO - DAG(s) 'latest_only' retrieved from /home/airflow/.local/lib/python3.12/site-packages/airflow/example_dags/example_latest_only.py
[2024-07-20T15:22:10.107+0000] {logging_mixin.py:188} INFO - [2024-07-20T15:22:10.106+0000] {dag.py:3089} INFO - Sync 1 DAGs
[2024-07-20T15:22:10.126+0000] {logging_mixin.py:188} INFO - [2024-07-20T15:22:10.126+0000] {dag.py:3947} INFO - Setting next_dagrun for latest_only to 2024-07-20 08:00:00+00:00, run_after=2024-07-20 12:00:00+00:00
[2024-07-20T15:22:10.144+0000] {processor.py:183} INFO - Processing /home/airflow/.local/lib/python3.12/site-packages/airflow/example_dags/example_latest_only.py took 0.066 seconds
[2024-07-20T15:23:26.596+0000] {processor.py:161} INFO - Started process (PID=49) to work on /home/airflow/.local/lib/python3.12/site-packages/airflow/example_dags/example_latest_only.py
[2024-07-20T15:23:26.597+0000] {processor.py:830} INFO - Processing file /home/airflow/.local/lib/python3.12/site-packages/airflow/example_dags/example_latest_only.py for tasks to queue
[2024-07-20T15:23:26.601+0000] {logging_mixin.py:188} INFO - [2024-07-20T15:23:26.599+0000] {dagbag.py:545} INFO - Filling up the DagBag from /home/airflow/.local/lib/python3.12/site-packages/airflow/example_dags/example_latest_only.py
[2024-07-20T15:23:26.611+0000] {processor.py:840} INFO - DAG(s) 'latest_only' retrieved from /home/airflow/.local/lib/python3.12/site-packages/airflow/example_dags/example_latest_only.py
[2024-07-20T15:23:26.643+0000] {logging_mixin.py:188} INFO - [2024-07-20T15:23:26.642+0000] {dag.py:3089} INFO - Sync 1 DAGs
[2024-07-20T15:23:26.679+0000] {logging_mixin.py:188} INFO - [2024-07-20T15:23:26.679+0000] {dag.py:3947} INFO - Setting next_dagrun for latest_only to 2024-07-20 08:00:00+00:00, run_after=2024-07-20 12:00:00+00:00
[2024-07-20T15:23:26.712+0000] {processor.py:183} INFO - Processing /home/airflow/.local/lib/python3.12/site-packages/airflow/example_dags/example_latest_only.py took 0.125 seconds
[2024-07-20T15:23:58.311+0000] {processor.py:161} INFO - Started process (PID=109) to work on /home/airflow/.local/lib/python3.12/site-packages/airflow/example_dags/example_latest_only.py
[2024-07-20T15:23:58.312+0000] {processor.py:830} INFO - Processing file /home/airflow/.local/lib/python3.12/site-packages/airflow/example_dags/example_latest_only.py for tasks to queue
[2024-07-20T15:23:58.319+0000] {logging_mixin.py:188} INFO - [2024-07-20T15:23:58.319+0000] {dagbag.py:545} INFO - Filling up the DagBag from /home/airflow/.local/lib/python3.12/site-packages/airflow/example_dags/example_latest_only.py
[2024-07-20T15:23:58.325+0000] {processor.py:840} INFO - DAG(s) 'latest_only' retrieved from /home/airflow/.local/lib/python3.12/site-packages/airflow/example_dags/example_latest_only.py
[2024-07-20T15:23:58.481+0000] {logging_mixin.py:188} INFO - [2024-07-20T15:23:58.481+0000] {dag.py:3089} INFO - Sync 1 DAGs
[2024-07-20T15:23:58.503+0000] {logging_mixin.py:188} INFO - [2024-07-20T15:23:58.503+0000] {dag.py:3947} INFO - Setting next_dagrun for latest_only to 2024-07-20 08:00:00+00:00, run_after=2024-07-20 12:00:00+00:00
[2024-07-20T15:23:58.529+0000] {processor.py:183} INFO - Processing /home/airflow/.local/lib/python3.12/site-packages/airflow/example_dags/example_latest_only.py took 0.224 seconds
