[2024-07-20T15:18:41.305+0000] {processor.py:161} INFO - Started process (PID=66) to work on /home/airflow/.local/lib/python3.12/site-packages/airflow/example_dags/example_short_circuit_decorator.py
[2024-07-20T15:18:41.315+0000] {processor.py:830} INFO - Processing file /home/airflow/.local/lib/python3.12/site-packages/airflow/example_dags/example_short_circuit_decorator.py for tasks to queue
[2024-07-20T15:18:41.327+0000] {logging_mixin.py:188} INFO - [2024-07-20T15:18:41.317+0000] {dagbag.py:545} INFO - Filling up the DagBag from /home/airflow/.local/lib/python3.12/site-packages/airflow/example_dags/example_short_circuit_decorator.py
[2024-07-20T15:18:41.342+0000] {processor.py:840} INFO - DAG(s) 'example_short_circuit_decorator' retrieved from /home/airflow/.local/lib/python3.12/site-packages/airflow/example_dags/example_short_circuit_decorator.py
[2024-07-20T15:18:41.622+0000] {logging_mixin.py:188} INFO - [2024-07-20T15:18:41.622+0000] {dag.py:3089} INFO - Sync 1 DAGs
[2024-07-20T15:18:41.681+0000] {logging_mixin.py:188} INFO - [2024-07-20T15:18:41.681+0000] {dag.py:3947} INFO - Setting next_dagrun for example_short_circuit_decorator to 2024-07-19 00:00:00+00:00, run_after=2024-07-20 00:00:00+00:00
[2024-07-20T15:18:41.744+0000] {processor.py:183} INFO - Processing /home/airflow/.local/lib/python3.12/site-packages/airflow/example_dags/example_short_circuit_decorator.py took 0.456 seconds
[2024-07-20T15:19:12.262+0000] {processor.py:161} INFO - Started process (PID=124) to work on /home/airflow/.local/lib/python3.12/site-packages/airflow/example_dags/example_short_circuit_decorator.py
[2024-07-20T15:19:12.263+0000] {processor.py:830} INFO - Processing file /home/airflow/.local/lib/python3.12/site-packages/airflow/example_dags/example_short_circuit_decorator.py for tasks to queue
[2024-07-20T15:19:12.264+0000] {logging_mixin.py:188} INFO - [2024-07-20T15:19:12.264+0000] {dagbag.py:545} INFO - Filling up the DagBag from /home/airflow/.local/lib/python3.12/site-packages/airflow/example_dags/example_short_circuit_decorator.py
[2024-07-20T15:19:12.275+0000] {processor.py:840} INFO - DAG(s) 'example_short_circuit_decorator' retrieved from /home/airflow/.local/lib/python3.12/site-packages/airflow/example_dags/example_short_circuit_decorator.py
[2024-07-20T15:19:12.305+0000] {logging_mixin.py:188} INFO - [2024-07-20T15:19:12.305+0000] {dag.py:3089} INFO - Sync 1 DAGs
[2024-07-20T15:19:12.334+0000] {logging_mixin.py:188} INFO - [2024-07-20T15:19:12.334+0000] {dag.py:3947} INFO - Setting next_dagrun for example_short_circuit_decorator to 2024-07-19 00:00:00+00:00, run_after=2024-07-20 00:00:00+00:00
[2024-07-20T15:19:12.358+0000] {processor.py:183} INFO - Processing /home/airflow/.local/lib/python3.12/site-packages/airflow/example_dags/example_short_circuit_decorator.py took 0.104 seconds
[2024-07-20T15:19:42.446+0000] {processor.py:161} INFO - Started process (PID=182) to work on /home/airflow/.local/lib/python3.12/site-packages/airflow/example_dags/example_short_circuit_decorator.py
[2024-07-20T15:19:42.447+0000] {processor.py:830} INFO - Processing file /home/airflow/.local/lib/python3.12/site-packages/airflow/example_dags/example_short_circuit_decorator.py for tasks to queue
[2024-07-20T15:19:42.448+0000] {logging_mixin.py:188} INFO - [2024-07-20T15:19:42.448+0000] {dagbag.py:545} INFO - Filling up the DagBag from /home/airflow/.local/lib/python3.12/site-packages/airflow/example_dags/example_short_circuit_decorator.py
[2024-07-20T15:19:42.456+0000] {processor.py:840} INFO - DAG(s) 'example_short_circuit_decorator' retrieved from /home/airflow/.local/lib/python3.12/site-packages/airflow/example_dags/example_short_circuit_decorator.py
[2024-07-20T15:19:42.482+0000] {logging_mixin.py:188} INFO - [2024-07-20T15:19:42.481+0000] {dag.py:3089} INFO - Sync 1 DAGs
[2024-07-20T15:19:42.503+0000] {logging_mixin.py:188} INFO - [2024-07-20T15:19:42.503+0000] {dag.py:3947} INFO - Setting next_dagrun for example_short_circuit_decorator to 2024-07-19 00:00:00+00:00, run_after=2024-07-20 00:00:00+00:00
[2024-07-20T15:19:42.522+0000] {processor.py:183} INFO - Processing /home/airflow/.local/lib/python3.12/site-packages/airflow/example_dags/example_short_circuit_decorator.py took 0.081 seconds
[2024-07-20T15:20:12.622+0000] {processor.py:161} INFO - Started process (PID=240) to work on /home/airflow/.local/lib/python3.12/site-packages/airflow/example_dags/example_short_circuit_decorator.py
[2024-07-20T15:20:12.623+0000] {processor.py:830} INFO - Processing file /home/airflow/.local/lib/python3.12/site-packages/airflow/example_dags/example_short_circuit_decorator.py for tasks to queue
[2024-07-20T15:20:12.625+0000] {logging_mixin.py:188} INFO - [2024-07-20T15:20:12.624+0000] {dagbag.py:545} INFO - Filling up the DagBag from /home/airflow/.local/lib/python3.12/site-packages/airflow/example_dags/example_short_circuit_decorator.py
[2024-07-20T15:20:12.634+0000] {processor.py:840} INFO - DAG(s) 'example_short_circuit_decorator' retrieved from /home/airflow/.local/lib/python3.12/site-packages/airflow/example_dags/example_short_circuit_decorator.py
[2024-07-20T15:20:12.657+0000] {logging_mixin.py:188} INFO - [2024-07-20T15:20:12.656+0000] {dag.py:3089} INFO - Sync 1 DAGs
[2024-07-20T15:20:12.681+0000] {logging_mixin.py:188} INFO - [2024-07-20T15:20:12.681+0000] {dag.py:3947} INFO - Setting next_dagrun for example_short_circuit_decorator to 2024-07-19 00:00:00+00:00, run_after=2024-07-20 00:00:00+00:00
[2024-07-20T15:20:12.699+0000] {processor.py:183} INFO - Processing /home/airflow/.local/lib/python3.12/site-packages/airflow/example_dags/example_short_circuit_decorator.py took 0.082 seconds
[2024-07-20T15:20:43.599+0000] {processor.py:161} INFO - Started process (PID=298) to work on /home/airflow/.local/lib/python3.12/site-packages/airflow/example_dags/example_short_circuit_decorator.py
[2024-07-20T15:20:43.599+0000] {processor.py:830} INFO - Processing file /home/airflow/.local/lib/python3.12/site-packages/airflow/example_dags/example_short_circuit_decorator.py for tasks to queue
[2024-07-20T15:20:43.601+0000] {logging_mixin.py:188} INFO - [2024-07-20T15:20:43.600+0000] {dagbag.py:545} INFO - Filling up the DagBag from /home/airflow/.local/lib/python3.12/site-packages/airflow/example_dags/example_short_circuit_decorator.py
[2024-07-20T15:20:43.609+0000] {processor.py:840} INFO - DAG(s) 'example_short_circuit_decorator' retrieved from /home/airflow/.local/lib/python3.12/site-packages/airflow/example_dags/example_short_circuit_decorator.py
[2024-07-20T15:20:43.634+0000] {logging_mixin.py:188} INFO - [2024-07-20T15:20:43.633+0000] {dag.py:3089} INFO - Sync 1 DAGs
[2024-07-20T15:20:43.657+0000] {logging_mixin.py:188} INFO - [2024-07-20T15:20:43.657+0000] {dag.py:3947} INFO - Setting next_dagrun for example_short_circuit_decorator to 2024-07-19 00:00:00+00:00, run_after=2024-07-20 00:00:00+00:00
[2024-07-20T15:20:43.678+0000] {processor.py:183} INFO - Processing /home/airflow/.local/lib/python3.12/site-packages/airflow/example_dags/example_short_circuit_decorator.py took 0.085 seconds
[2024-07-20T15:21:13.802+0000] {processor.py:161} INFO - Started process (PID=356) to work on /home/airflow/.local/lib/python3.12/site-packages/airflow/example_dags/example_short_circuit_decorator.py
[2024-07-20T15:21:13.802+0000] {processor.py:830} INFO - Processing file /home/airflow/.local/lib/python3.12/site-packages/airflow/example_dags/example_short_circuit_decorator.py for tasks to queue
[2024-07-20T15:21:13.805+0000] {logging_mixin.py:188} INFO - [2024-07-20T15:21:13.804+0000] {dagbag.py:545} INFO - Filling up the DagBag from /home/airflow/.local/lib/python3.12/site-packages/airflow/example_dags/example_short_circuit_decorator.py
[2024-07-20T15:21:13.814+0000] {processor.py:840} INFO - DAG(s) 'example_short_circuit_decorator' retrieved from /home/airflow/.local/lib/python3.12/site-packages/airflow/example_dags/example_short_circuit_decorator.py
[2024-07-20T15:21:13.841+0000] {logging_mixin.py:188} INFO - [2024-07-20T15:21:13.841+0000] {dag.py:3089} INFO - Sync 1 DAGs
[2024-07-20T15:21:13.870+0000] {logging_mixin.py:188} INFO - [2024-07-20T15:21:13.869+0000] {dag.py:3947} INFO - Setting next_dagrun for example_short_circuit_decorator to 2024-07-19 00:00:00+00:00, run_after=2024-07-20 00:00:00+00:00
[2024-07-20T15:21:13.895+0000] {processor.py:183} INFO - Processing /home/airflow/.local/lib/python3.12/site-packages/airflow/example_dags/example_short_circuit_decorator.py took 0.098 seconds
[2024-07-20T15:21:43.976+0000] {processor.py:161} INFO - Started process (PID=414) to work on /home/airflow/.local/lib/python3.12/site-packages/airflow/example_dags/example_short_circuit_decorator.py
[2024-07-20T15:21:43.977+0000] {processor.py:830} INFO - Processing file /home/airflow/.local/lib/python3.12/site-packages/airflow/example_dags/example_short_circuit_decorator.py for tasks to queue
[2024-07-20T15:21:43.979+0000] {logging_mixin.py:188} INFO - [2024-07-20T15:21:43.978+0000] {dagbag.py:545} INFO - Filling up the DagBag from /home/airflow/.local/lib/python3.12/site-packages/airflow/example_dags/example_short_circuit_decorator.py
[2024-07-20T15:21:43.988+0000] {processor.py:840} INFO - DAG(s) 'example_short_circuit_decorator' retrieved from /home/airflow/.local/lib/python3.12/site-packages/airflow/example_dags/example_short_circuit_decorator.py
[2024-07-20T15:21:44.012+0000] {logging_mixin.py:188} INFO - [2024-07-20T15:21:44.012+0000] {dag.py:3089} INFO - Sync 1 DAGs
[2024-07-20T15:21:44.034+0000] {logging_mixin.py:188} INFO - [2024-07-20T15:21:44.034+0000] {dag.py:3947} INFO - Setting next_dagrun for example_short_circuit_decorator to 2024-07-19 00:00:00+00:00, run_after=2024-07-20 00:00:00+00:00
[2024-07-20T15:21:44.051+0000] {processor.py:183} INFO - Processing /home/airflow/.local/lib/python3.12/site-packages/airflow/example_dags/example_short_circuit_decorator.py took 0.080 seconds
[2024-07-20T15:22:14.521+0000] {processor.py:161} INFO - Started process (PID=472) to work on /home/airflow/.local/lib/python3.12/site-packages/airflow/example_dags/example_short_circuit_decorator.py
[2024-07-20T15:22:14.522+0000] {processor.py:830} INFO - Processing file /home/airflow/.local/lib/python3.12/site-packages/airflow/example_dags/example_short_circuit_decorator.py for tasks to queue
[2024-07-20T15:22:14.523+0000] {logging_mixin.py:188} INFO - [2024-07-20T15:22:14.523+0000] {dagbag.py:545} INFO - Filling up the DagBag from /home/airflow/.local/lib/python3.12/site-packages/airflow/example_dags/example_short_circuit_decorator.py
[2024-07-20T15:22:14.532+0000] {processor.py:840} INFO - DAG(s) 'example_short_circuit_decorator' retrieved from /home/airflow/.local/lib/python3.12/site-packages/airflow/example_dags/example_short_circuit_decorator.py
[2024-07-20T15:22:14.556+0000] {logging_mixin.py:188} INFO - [2024-07-20T15:22:14.556+0000] {dag.py:3089} INFO - Sync 1 DAGs
[2024-07-20T15:22:14.579+0000] {logging_mixin.py:188} INFO - [2024-07-20T15:22:14.579+0000] {dag.py:3947} INFO - Setting next_dagrun for example_short_circuit_decorator to 2024-07-19 00:00:00+00:00, run_after=2024-07-20 00:00:00+00:00
[2024-07-20T15:22:14.599+0000] {processor.py:183} INFO - Processing /home/airflow/.local/lib/python3.12/site-packages/airflow/example_dags/example_short_circuit_decorator.py took 0.083 seconds
[2024-07-20T15:23:27.457+0000] {processor.py:161} INFO - Started process (PID=61) to work on /home/airflow/.local/lib/python3.12/site-packages/airflow/example_dags/example_short_circuit_decorator.py
[2024-07-20T15:23:27.458+0000] {processor.py:830} INFO - Processing file /home/airflow/.local/lib/python3.12/site-packages/airflow/example_dags/example_short_circuit_decorator.py for tasks to queue
[2024-07-20T15:23:27.459+0000] {logging_mixin.py:188} INFO - [2024-07-20T15:23:27.459+0000] {dagbag.py:545} INFO - Filling up the DagBag from /home/airflow/.local/lib/python3.12/site-packages/airflow/example_dags/example_short_circuit_decorator.py
[2024-07-20T15:23:27.472+0000] {processor.py:840} INFO - DAG(s) 'example_short_circuit_decorator' retrieved from /home/airflow/.local/lib/python3.12/site-packages/airflow/example_dags/example_short_circuit_decorator.py
[2024-07-20T15:23:27.485+0000] {logging_mixin.py:188} INFO - [2024-07-20T15:23:27.485+0000] {dag.py:3089} INFO - Sync 1 DAGs
[2024-07-20T15:23:27.525+0000] {logging_mixin.py:188} INFO - [2024-07-20T15:23:27.525+0000] {dag.py:3947} INFO - Setting next_dagrun for example_short_circuit_decorator to 2024-07-19 00:00:00+00:00, run_after=2024-07-20 00:00:00+00:00
[2024-07-20T15:23:27.549+0000] {processor.py:183} INFO - Processing /home/airflow/.local/lib/python3.12/site-packages/airflow/example_dags/example_short_circuit_decorator.py took 0.098 seconds
[2024-07-20T15:24:00.004+0000] {processor.py:161} INFO - Started process (PID=121) to work on /home/airflow/.local/lib/python3.12/site-packages/airflow/example_dags/example_short_circuit_decorator.py
[2024-07-20T15:24:00.004+0000] {processor.py:830} INFO - Processing file /home/airflow/.local/lib/python3.12/site-packages/airflow/example_dags/example_short_circuit_decorator.py for tasks to queue
[2024-07-20T15:24:00.006+0000] {logging_mixin.py:188} INFO - [2024-07-20T15:24:00.006+0000] {dagbag.py:545} INFO - Filling up the DagBag from /home/airflow/.local/lib/python3.12/site-packages/airflow/example_dags/example_short_circuit_decorator.py
[2024-07-20T15:24:00.015+0000] {processor.py:840} INFO - DAG(s) 'example_short_circuit_decorator' retrieved from /home/airflow/.local/lib/python3.12/site-packages/airflow/example_dags/example_short_circuit_decorator.py
[2024-07-20T15:24:00.142+0000] {logging_mixin.py:188} INFO - [2024-07-20T15:24:00.141+0000] {dag.py:3089} INFO - Sync 1 DAGs
[2024-07-20T15:24:00.164+0000] {logging_mixin.py:188} INFO - [2024-07-20T15:24:00.164+0000] {dag.py:3947} INFO - Setting next_dagrun for example_short_circuit_decorator to 2024-07-19 00:00:00+00:00, run_after=2024-07-20 00:00:00+00:00
[2024-07-20T15:24:00.185+0000] {processor.py:183} INFO - Processing /home/airflow/.local/lib/python3.12/site-packages/airflow/example_dags/example_short_circuit_decorator.py took 0.188 seconds
