[2024-07-20T15:18:44.427+0000] {processor.py:161} INFO - Started process (PID=76) to work on /home/airflow/.local/lib/python3.12/site-packages/airflow/example_dags/example_branch_operator.py
[2024-07-20T15:18:44.428+0000] {processor.py:830} INFO - Processing file /home/airflow/.local/lib/python3.12/site-packages/airflow/example_dags/example_branch_operator.py for tasks to queue
[2024-07-20T15:18:44.430+0000] {logging_mixin.py:188} INFO - [2024-07-20T15:18:44.430+0000] {dagbag.py:545} INFO - Filling up the DagBag from /home/airflow/.local/lib/python3.12/site-packages/airflow/example_dags/example_branch_operator.py
[2024-07-20T15:18:44.463+0000] {processor.py:840} INFO - DAG(s) 'example_branch_operator' retrieved from /home/airflow/.local/lib/python3.12/site-packages/airflow/example_dags/example_branch_operator.py
[2024-07-20T15:18:44.704+0000] {logging_mixin.py:188} INFO - [2024-07-20T15:18:44.704+0000] {dag.py:3089} INFO - Sync 1 DAGs
[2024-07-20T15:18:44.730+0000] {logging_mixin.py:188} INFO - [2024-07-20T15:18:44.730+0000] {dag.py:3947} INFO - Setting next_dagrun for example_branch_operator to 2024-07-19 00:00:00+00:00, run_after=2024-07-20 00:00:00+00:00
[2024-07-20T15:18:44.754+0000] {processor.py:183} INFO - Processing /home/airflow/.local/lib/python3.12/site-packages/airflow/example_dags/example_branch_operator.py took 0.346 seconds
[2024-07-20T15:19:14.997+0000] {processor.py:161} INFO - Started process (PID=134) to work on /home/airflow/.local/lib/python3.12/site-packages/airflow/example_dags/example_branch_operator.py
[2024-07-20T15:19:14.999+0000] {processor.py:830} INFO - Processing file /home/airflow/.local/lib/python3.12/site-packages/airflow/example_dags/example_branch_operator.py for tasks to queue
[2024-07-20T15:19:15.001+0000] {logging_mixin.py:188} INFO - [2024-07-20T15:19:15.000+0000] {dagbag.py:545} INFO - Filling up the DagBag from /home/airflow/.local/lib/python3.12/site-packages/airflow/example_dags/example_branch_operator.py
[2024-07-20T15:19:15.023+0000] {processor.py:840} INFO - DAG(s) 'example_branch_operator' retrieved from /home/airflow/.local/lib/python3.12/site-packages/airflow/example_dags/example_branch_operator.py
[2024-07-20T15:19:15.052+0000] {logging_mixin.py:188} INFO - [2024-07-20T15:19:15.052+0000] {dag.py:3089} INFO - Sync 1 DAGs
[2024-07-20T15:19:15.077+0000] {logging_mixin.py:188} INFO - [2024-07-20T15:19:15.076+0000] {dag.py:3947} INFO - Setting next_dagrun for example_branch_operator to 2024-07-19 00:00:00+00:00, run_after=2024-07-20 00:00:00+00:00
[2024-07-20T15:19:15.096+0000] {processor.py:183} INFO - Processing /home/airflow/.local/lib/python3.12/site-packages/airflow/example_dags/example_branch_operator.py took 0.108 seconds
[2024-07-20T15:19:45.272+0000] {processor.py:161} INFO - Started process (PID=193) to work on /home/airflow/.local/lib/python3.12/site-packages/airflow/example_dags/example_branch_operator.py
[2024-07-20T15:19:45.273+0000] {processor.py:830} INFO - Processing file /home/airflow/.local/lib/python3.12/site-packages/airflow/example_dags/example_branch_operator.py for tasks to queue
[2024-07-20T15:19:45.275+0000] {logging_mixin.py:188} INFO - [2024-07-20T15:19:45.274+0000] {dagbag.py:545} INFO - Filling up the DagBag from /home/airflow/.local/lib/python3.12/site-packages/airflow/example_dags/example_branch_operator.py
[2024-07-20T15:19:45.293+0000] {processor.py:840} INFO - DAG(s) 'example_branch_operator' retrieved from /home/airflow/.local/lib/python3.12/site-packages/airflow/example_dags/example_branch_operator.py
[2024-07-20T15:19:45.324+0000] {logging_mixin.py:188} INFO - [2024-07-20T15:19:45.324+0000] {dag.py:3089} INFO - Sync 1 DAGs
[2024-07-20T15:19:45.351+0000] {logging_mixin.py:188} INFO - [2024-07-20T15:19:45.350+0000] {dag.py:3947} INFO - Setting next_dagrun for example_branch_operator to 2024-07-19 00:00:00+00:00, run_after=2024-07-20 00:00:00+00:00
[2024-07-20T15:19:45.369+0000] {processor.py:183} INFO - Processing /home/airflow/.local/lib/python3.12/site-packages/airflow/example_dags/example_branch_operator.py took 0.103 seconds
[2024-07-20T15:20:15.427+0000] {processor.py:161} INFO - Started process (PID=251) to work on /home/airflow/.local/lib/python3.12/site-packages/airflow/example_dags/example_branch_operator.py
[2024-07-20T15:20:15.427+0000] {processor.py:830} INFO - Processing file /home/airflow/.local/lib/python3.12/site-packages/airflow/example_dags/example_branch_operator.py for tasks to queue
[2024-07-20T15:20:15.429+0000] {logging_mixin.py:188} INFO - [2024-07-20T15:20:15.429+0000] {dagbag.py:545} INFO - Filling up the DagBag from /home/airflow/.local/lib/python3.12/site-packages/airflow/example_dags/example_branch_operator.py
[2024-07-20T15:20:15.446+0000] {processor.py:840} INFO - DAG(s) 'example_branch_operator' retrieved from /home/airflow/.local/lib/python3.12/site-packages/airflow/example_dags/example_branch_operator.py
[2024-07-20T15:20:15.479+0000] {logging_mixin.py:188} INFO - [2024-07-20T15:20:15.478+0000] {dag.py:3089} INFO - Sync 1 DAGs
[2024-07-20T15:20:15.503+0000] {logging_mixin.py:188} INFO - [2024-07-20T15:20:15.503+0000] {dag.py:3947} INFO - Setting next_dagrun for example_branch_operator to 2024-07-19 00:00:00+00:00, run_after=2024-07-20 00:00:00+00:00
[2024-07-20T15:20:15.523+0000] {processor.py:183} INFO - Processing /home/airflow/.local/lib/python3.12/site-packages/airflow/example_dags/example_branch_operator.py took 0.102 seconds
[2024-07-20T15:20:46.325+0000] {processor.py:161} INFO - Started process (PID=309) to work on /home/airflow/.local/lib/python3.12/site-packages/airflow/example_dags/example_branch_operator.py
[2024-07-20T15:20:46.326+0000] {processor.py:830} INFO - Processing file /home/airflow/.local/lib/python3.12/site-packages/airflow/example_dags/example_branch_operator.py for tasks to queue
[2024-07-20T15:20:46.328+0000] {logging_mixin.py:188} INFO - [2024-07-20T15:20:46.328+0000] {dagbag.py:545} INFO - Filling up the DagBag from /home/airflow/.local/lib/python3.12/site-packages/airflow/example_dags/example_branch_operator.py
[2024-07-20T15:20:46.346+0000] {processor.py:840} INFO - DAG(s) 'example_branch_operator' retrieved from /home/airflow/.local/lib/python3.12/site-packages/airflow/example_dags/example_branch_operator.py
[2024-07-20T15:20:46.381+0000] {logging_mixin.py:188} INFO - [2024-07-20T15:20:46.381+0000] {dag.py:3089} INFO - Sync 1 DAGs
[2024-07-20T15:20:46.403+0000] {logging_mixin.py:188} INFO - [2024-07-20T15:20:46.403+0000] {dag.py:3947} INFO - Setting next_dagrun for example_branch_operator to 2024-07-19 00:00:00+00:00, run_after=2024-07-20 00:00:00+00:00
[2024-07-20T15:20:46.430+0000] {processor.py:183} INFO - Processing /home/airflow/.local/lib/python3.12/site-packages/airflow/example_dags/example_branch_operator.py took 0.113 seconds
[2024-07-20T15:21:16.812+0000] {processor.py:161} INFO - Started process (PID=367) to work on /home/airflow/.local/lib/python3.12/site-packages/airflow/example_dags/example_branch_operator.py
[2024-07-20T15:21:16.813+0000] {processor.py:830} INFO - Processing file /home/airflow/.local/lib/python3.12/site-packages/airflow/example_dags/example_branch_operator.py for tasks to queue
[2024-07-20T15:21:16.815+0000] {logging_mixin.py:188} INFO - [2024-07-20T15:21:16.815+0000] {dagbag.py:545} INFO - Filling up the DagBag from /home/airflow/.local/lib/python3.12/site-packages/airflow/example_dags/example_branch_operator.py
[2024-07-20T15:21:16.835+0000] {processor.py:840} INFO - DAG(s) 'example_branch_operator' retrieved from /home/airflow/.local/lib/python3.12/site-packages/airflow/example_dags/example_branch_operator.py
[2024-07-20T15:21:16.876+0000] {logging_mixin.py:188} INFO - [2024-07-20T15:21:16.876+0000] {dag.py:3089} INFO - Sync 1 DAGs
[2024-07-20T15:21:16.904+0000] {logging_mixin.py:188} INFO - [2024-07-20T15:21:16.904+0000] {dag.py:3947} INFO - Setting next_dagrun for example_branch_operator to 2024-07-19 00:00:00+00:00, run_after=2024-07-20 00:00:00+00:00
[2024-07-20T15:21:16.930+0000] {processor.py:183} INFO - Processing /home/airflow/.local/lib/python3.12/site-packages/airflow/example_dags/example_branch_operator.py took 0.126 seconds
[2024-07-20T15:21:47.340+0000] {processor.py:161} INFO - Started process (PID=425) to work on /home/airflow/.local/lib/python3.12/site-packages/airflow/example_dags/example_branch_operator.py
[2024-07-20T15:21:47.341+0000] {processor.py:830} INFO - Processing file /home/airflow/.local/lib/python3.12/site-packages/airflow/example_dags/example_branch_operator.py for tasks to queue
[2024-07-20T15:21:47.343+0000] {logging_mixin.py:188} INFO - [2024-07-20T15:21:47.343+0000] {dagbag.py:545} INFO - Filling up the DagBag from /home/airflow/.local/lib/python3.12/site-packages/airflow/example_dags/example_branch_operator.py
[2024-07-20T15:21:47.366+0000] {processor.py:840} INFO - DAG(s) 'example_branch_operator' retrieved from /home/airflow/.local/lib/python3.12/site-packages/airflow/example_dags/example_branch_operator.py
[2024-07-20T15:21:47.398+0000] {logging_mixin.py:188} INFO - [2024-07-20T15:21:47.398+0000] {dag.py:3089} INFO - Sync 1 DAGs
[2024-07-20T15:21:47.422+0000] {logging_mixin.py:188} INFO - [2024-07-20T15:21:47.422+0000] {dag.py:3947} INFO - Setting next_dagrun for example_branch_operator to 2024-07-19 00:00:00+00:00, run_after=2024-07-20 00:00:00+00:00
[2024-07-20T15:21:47.445+0000] {processor.py:183} INFO - Processing /home/airflow/.local/lib/python3.12/site-packages/airflow/example_dags/example_branch_operator.py took 0.112 seconds
[2024-07-20T15:22:18.104+0000] {processor.py:161} INFO - Started process (PID=483) to work on /home/airflow/.local/lib/python3.12/site-packages/airflow/example_dags/example_branch_operator.py
[2024-07-20T15:22:18.104+0000] {processor.py:830} INFO - Processing file /home/airflow/.local/lib/python3.12/site-packages/airflow/example_dags/example_branch_operator.py for tasks to queue
[2024-07-20T15:22:18.106+0000] {logging_mixin.py:188} INFO - [2024-07-20T15:22:18.106+0000] {dagbag.py:545} INFO - Filling up the DagBag from /home/airflow/.local/lib/python3.12/site-packages/airflow/example_dags/example_branch_operator.py
[2024-07-20T15:22:18.123+0000] {processor.py:840} INFO - DAG(s) 'example_branch_operator' retrieved from /home/airflow/.local/lib/python3.12/site-packages/airflow/example_dags/example_branch_operator.py
[2024-07-20T15:22:18.151+0000] {logging_mixin.py:188} INFO - [2024-07-20T15:22:18.150+0000] {dag.py:3089} INFO - Sync 1 DAGs
[2024-07-20T15:22:18.173+0000] {logging_mixin.py:188} INFO - [2024-07-20T15:22:18.173+0000] {dag.py:3947} INFO - Setting next_dagrun for example_branch_operator to 2024-07-19 00:00:00+00:00, run_after=2024-07-20 00:00:00+00:00
[2024-07-20T15:22:18.191+0000] {processor.py:183} INFO - Processing /home/airflow/.local/lib/python3.12/site-packages/airflow/example_dags/example_branch_operator.py took 0.093 seconds
[2024-07-20T15:23:28.670+0000] {processor.py:161} INFO - Started process (PID=71) to work on /home/airflow/.local/lib/python3.12/site-packages/airflow/example_dags/example_branch_operator.py
[2024-07-20T15:23:28.671+0000] {processor.py:830} INFO - Processing file /home/airflow/.local/lib/python3.12/site-packages/airflow/example_dags/example_branch_operator.py for tasks to queue
[2024-07-20T15:23:28.673+0000] {logging_mixin.py:188} INFO - [2024-07-20T15:23:28.672+0000] {dagbag.py:545} INFO - Filling up the DagBag from /home/airflow/.local/lib/python3.12/site-packages/airflow/example_dags/example_branch_operator.py
[2024-07-20T15:23:28.690+0000] {processor.py:840} INFO - DAG(s) 'example_branch_operator' retrieved from /home/airflow/.local/lib/python3.12/site-packages/airflow/example_dags/example_branch_operator.py
[2024-07-20T15:23:28.701+0000] {logging_mixin.py:188} INFO - [2024-07-20T15:23:28.701+0000] {dag.py:3089} INFO - Sync 1 DAGs
[2024-07-20T15:23:28.725+0000] {logging_mixin.py:188} INFO - [2024-07-20T15:23:28.725+0000] {dag.py:3947} INFO - Setting next_dagrun for example_branch_operator to 2024-07-19 00:00:00+00:00, run_after=2024-07-20 00:00:00+00:00
[2024-07-20T15:23:28.748+0000] {processor.py:183} INFO - Processing /home/airflow/.local/lib/python3.12/site-packages/airflow/example_dags/example_branch_operator.py took 0.083 seconds
[2024-07-20T15:24:01.140+0000] {processor.py:161} INFO - Started process (PID=131) to work on /home/airflow/.local/lib/python3.12/site-packages/airflow/example_dags/example_branch_operator.py
[2024-07-20T15:24:01.141+0000] {processor.py:830} INFO - Processing file /home/airflow/.local/lib/python3.12/site-packages/airflow/example_dags/example_branch_operator.py for tasks to queue
[2024-07-20T15:24:01.142+0000] {logging_mixin.py:188} INFO - [2024-07-20T15:24:01.142+0000] {dagbag.py:545} INFO - Filling up the DagBag from /home/airflow/.local/lib/python3.12/site-packages/airflow/example_dags/example_branch_operator.py
[2024-07-20T15:24:01.162+0000] {processor.py:840} INFO - DAG(s) 'example_branch_operator' retrieved from /home/airflow/.local/lib/python3.12/site-packages/airflow/example_dags/example_branch_operator.py
[2024-07-20T15:24:01.283+0000] {logging_mixin.py:188} INFO - [2024-07-20T15:24:01.283+0000] {dag.py:3089} INFO - Sync 1 DAGs
[2024-07-20T15:24:01.305+0000] {logging_mixin.py:188} INFO - [2024-07-20T15:24:01.304+0000] {dag.py:3947} INFO - Setting next_dagrun for example_branch_operator to 2024-07-19 00:00:00+00:00, run_after=2024-07-20 00:00:00+00:00
[2024-07-20T15:24:01.323+0000] {processor.py:183} INFO - Processing /home/airflow/.local/lib/python3.12/site-packages/airflow/example_dags/example_branch_operator.py took 0.193 seconds
