[2024-07-20T15:18:43.221+0000] {processor.py:161} INFO - Started process (PID=73) to work on /home/airflow/.local/lib/python3.12/site-packages/airflow/example_dags/example_subdag_operator.py
[2024-07-20T15:18:43.234+0000] {processor.py:830} INFO - Processing file /home/airflow/.local/lib/python3.12/site-packages/airflow/example_dags/example_subdag_operator.py for tasks to queue
[2024-07-20T15:18:43.236+0000] {logging_mixin.py:188} INFO - [2024-07-20T15:18:43.236+0000] {dagbag.py:545} INFO - Filling up the DagBag from /home/airflow/.local/lib/python3.12/site-packages/airflow/example_dags/example_subdag_operator.py
[2024-07-20T15:18:43.390+0000] {processor.py:840} INFO - DAG(s) 'example_subdag_operator.section-1', 'example_subdag_operator.section-2', 'example_subdag_operator' retrieved from /home/airflow/.local/lib/python3.12/site-packages/airflow/example_dags/example_subdag_operator.py
[2024-07-20T15:18:43.591+0000] {logging_mixin.py:188} INFO - [2024-07-20T15:18:43.591+0000] {dag.py:3089} INFO - Sync 3 DAGs
[2024-07-20T15:18:43.651+0000] {logging_mixin.py:188} INFO - [2024-07-20T15:18:43.650+0000] {dag.py:3947} INFO - Setting next_dagrun for example_subdag_operator to 2022-01-01 00:00:00+00:00, run_after=2022-01-01 00:00:00+00:00
[2024-07-20T15:18:43.666+0000] {logging_mixin.py:188} INFO - [2024-07-20T15:18:43.665+0000] {dag.py:3947} INFO - Setting next_dagrun for example_subdag_operator.section-1 to None, run_after=None
[2024-07-20T15:18:43.670+0000] {logging_mixin.py:188} INFO - [2024-07-20T15:18:43.670+0000] {dag.py:3947} INFO - Setting next_dagrun for example_subdag_operator.section-2 to None, run_after=None
[2024-07-20T15:18:43.702+0000] {logging_mixin.py:188} INFO - [2024-07-20T15:18:43.701+0000] {dag.py:3089} INFO - Sync 2 DAGs
[2024-07-20T15:18:43.718+0000] {logging_mixin.py:188} INFO - [2024-07-20T15:18:43.718+0000] {dag.py:3947} INFO - Setting next_dagrun for example_subdag_operator.section-1 to None, run_after=None
[2024-07-20T15:18:43.718+0000] {logging_mixin.py:188} INFO - [2024-07-20T15:18:43.718+0000] {dag.py:3947} INFO - Setting next_dagrun for example_subdag_operator.section-2 to None, run_after=None
[2024-07-20T15:18:43.749+0000] {processor.py:183} INFO - Processing /home/airflow/.local/lib/python3.12/site-packages/airflow/example_dags/example_subdag_operator.py took 0.542 seconds
[2024-07-20T15:19:13.835+0000] {processor.py:161} INFO - Started process (PID=131) to work on /home/airflow/.local/lib/python3.12/site-packages/airflow/example_dags/example_subdag_operator.py
[2024-07-20T15:19:13.835+0000] {processor.py:830} INFO - Processing file /home/airflow/.local/lib/python3.12/site-packages/airflow/example_dags/example_subdag_operator.py for tasks to queue
[2024-07-20T15:19:13.837+0000] {logging_mixin.py:188} INFO - [2024-07-20T15:19:13.836+0000] {dagbag.py:545} INFO - Filling up the DagBag from /home/airflow/.local/lib/python3.12/site-packages/airflow/example_dags/example_subdag_operator.py
[2024-07-20T15:19:13.869+0000] {processor.py:840} INFO - DAG(s) 'example_subdag_operator.section-1', 'example_subdag_operator.section-2', 'example_subdag_operator' retrieved from /home/airflow/.local/lib/python3.12/site-packages/airflow/example_dags/example_subdag_operator.py
[2024-07-20T15:19:13.885+0000] {logging_mixin.py:188} INFO - [2024-07-20T15:19:13.884+0000] {dag.py:3089} INFO - Sync 3 DAGs
[2024-07-20T15:19:13.908+0000] {logging_mixin.py:188} INFO - [2024-07-20T15:19:13.907+0000] {dag.py:3947} INFO - Setting next_dagrun for example_subdag_operator to 2022-01-01 00:00:00+00:00, run_after=2022-01-01 00:00:00+00:00
[2024-07-20T15:19:13.913+0000] {logging_mixin.py:188} INFO - [2024-07-20T15:19:13.913+0000] {dag.py:3947} INFO - Setting next_dagrun for example_subdag_operator.section-1 to None, run_after=None
[2024-07-20T15:19:13.914+0000] {logging_mixin.py:188} INFO - [2024-07-20T15:19:13.914+0000] {dag.py:3947} INFO - Setting next_dagrun for example_subdag_operator.section-2 to None, run_after=None
[2024-07-20T15:19:13.922+0000] {logging_mixin.py:188} INFO - [2024-07-20T15:19:13.922+0000] {dag.py:3089} INFO - Sync 2 DAGs
[2024-07-20T15:19:13.927+0000] {logging_mixin.py:188} INFO - [2024-07-20T15:19:13.927+0000] {dag.py:3947} INFO - Setting next_dagrun for example_subdag_operator.section-1 to None, run_after=None
[2024-07-20T15:19:13.928+0000] {logging_mixin.py:188} INFO - [2024-07-20T15:19:13.927+0000] {dag.py:3947} INFO - Setting next_dagrun for example_subdag_operator.section-2 to None, run_after=None
[2024-07-20T15:19:13.945+0000] {processor.py:183} INFO - Processing /home/airflow/.local/lib/python3.12/site-packages/airflow/example_dags/example_subdag_operator.py took 0.116 seconds
[2024-07-20T15:19:44.168+0000] {processor.py:161} INFO - Started process (PID=190) to work on /home/airflow/.local/lib/python3.12/site-packages/airflow/example_dags/example_subdag_operator.py
[2024-07-20T15:19:44.169+0000] {processor.py:830} INFO - Processing file /home/airflow/.local/lib/python3.12/site-packages/airflow/example_dags/example_subdag_operator.py for tasks to queue
[2024-07-20T15:19:44.171+0000] {logging_mixin.py:188} INFO - [2024-07-20T15:19:44.171+0000] {dagbag.py:545} INFO - Filling up the DagBag from /home/airflow/.local/lib/python3.12/site-packages/airflow/example_dags/example_subdag_operator.py
[2024-07-20T15:19:44.193+0000] {processor.py:840} INFO - DAG(s) 'example_subdag_operator.section-1', 'example_subdag_operator.section-2', 'example_subdag_operator' retrieved from /home/airflow/.local/lib/python3.12/site-packages/airflow/example_dags/example_subdag_operator.py
[2024-07-20T15:19:44.208+0000] {logging_mixin.py:188} INFO - [2024-07-20T15:19:44.207+0000] {dag.py:3089} INFO - Sync 3 DAGs
[2024-07-20T15:19:44.230+0000] {logging_mixin.py:188} INFO - [2024-07-20T15:19:44.230+0000] {dag.py:3947} INFO - Setting next_dagrun for example_subdag_operator to 2022-01-01 00:00:00+00:00, run_after=2022-01-01 00:00:00+00:00
[2024-07-20T15:19:44.233+0000] {logging_mixin.py:188} INFO - [2024-07-20T15:19:44.233+0000] {dag.py:3947} INFO - Setting next_dagrun for example_subdag_operator.section-1 to None, run_after=None
[2024-07-20T15:19:44.234+0000] {logging_mixin.py:188} INFO - [2024-07-20T15:19:44.234+0000] {dag.py:3947} INFO - Setting next_dagrun for example_subdag_operator.section-2 to None, run_after=None
[2024-07-20T15:19:44.241+0000] {logging_mixin.py:188} INFO - [2024-07-20T15:19:44.241+0000] {dag.py:3089} INFO - Sync 2 DAGs
[2024-07-20T15:19:44.246+0000] {logging_mixin.py:188} INFO - [2024-07-20T15:19:44.246+0000] {dag.py:3947} INFO - Setting next_dagrun for example_subdag_operator.section-1 to None, run_after=None
[2024-07-20T15:19:44.247+0000] {logging_mixin.py:188} INFO - [2024-07-20T15:19:44.246+0000] {dag.py:3947} INFO - Setting next_dagrun for example_subdag_operator.section-2 to None, run_after=None
[2024-07-20T15:19:44.256+0000] {processor.py:183} INFO - Processing /home/airflow/.local/lib/python3.12/site-packages/airflow/example_dags/example_subdag_operator.py took 0.093 seconds
[2024-07-20T15:20:14.317+0000] {processor.py:161} INFO - Started process (PID=248) to work on /home/airflow/.local/lib/python3.12/site-packages/airflow/example_dags/example_subdag_operator.py
[2024-07-20T15:20:14.318+0000] {processor.py:830} INFO - Processing file /home/airflow/.local/lib/python3.12/site-packages/airflow/example_dags/example_subdag_operator.py for tasks to queue
[2024-07-20T15:20:14.319+0000] {logging_mixin.py:188} INFO - [2024-07-20T15:20:14.319+0000] {dagbag.py:545} INFO - Filling up the DagBag from /home/airflow/.local/lib/python3.12/site-packages/airflow/example_dags/example_subdag_operator.py
[2024-07-20T15:20:14.340+0000] {processor.py:840} INFO - DAG(s) 'example_subdag_operator.section-1', 'example_subdag_operator.section-2', 'example_subdag_operator' retrieved from /home/airflow/.local/lib/python3.12/site-packages/airflow/example_dags/example_subdag_operator.py
[2024-07-20T15:20:14.357+0000] {logging_mixin.py:188} INFO - [2024-07-20T15:20:14.356+0000] {dag.py:3089} INFO - Sync 3 DAGs
[2024-07-20T15:20:14.378+0000] {logging_mixin.py:188} INFO - [2024-07-20T15:20:14.378+0000] {dag.py:3947} INFO - Setting next_dagrun for example_subdag_operator to 2022-01-01 00:00:00+00:00, run_after=2022-01-01 00:00:00+00:00
[2024-07-20T15:20:14.382+0000] {logging_mixin.py:188} INFO - [2024-07-20T15:20:14.382+0000] {dag.py:3947} INFO - Setting next_dagrun for example_subdag_operator.section-1 to None, run_after=None
[2024-07-20T15:20:14.383+0000] {logging_mixin.py:188} INFO - [2024-07-20T15:20:14.383+0000] {dag.py:3947} INFO - Setting next_dagrun for example_subdag_operator.section-2 to None, run_after=None
[2024-07-20T15:20:14.389+0000] {logging_mixin.py:188} INFO - [2024-07-20T15:20:14.389+0000] {dag.py:3089} INFO - Sync 2 DAGs
[2024-07-20T15:20:14.395+0000] {logging_mixin.py:188} INFO - [2024-07-20T15:20:14.395+0000] {dag.py:3947} INFO - Setting next_dagrun for example_subdag_operator.section-1 to None, run_after=None
[2024-07-20T15:20:14.395+0000] {logging_mixin.py:188} INFO - [2024-07-20T15:20:14.395+0000] {dag.py:3947} INFO - Setting next_dagrun for example_subdag_operator.section-2 to None, run_after=None
[2024-07-20T15:20:14.404+0000] {processor.py:183} INFO - Processing /home/airflow/.local/lib/python3.12/site-packages/airflow/example_dags/example_subdag_operator.py took 0.092 seconds
[2024-07-20T15:20:45.203+0000] {processor.py:161} INFO - Started process (PID=306) to work on /home/airflow/.local/lib/python3.12/site-packages/airflow/example_dags/example_subdag_operator.py
[2024-07-20T15:20:45.204+0000] {processor.py:830} INFO - Processing file /home/airflow/.local/lib/python3.12/site-packages/airflow/example_dags/example_subdag_operator.py for tasks to queue
[2024-07-20T15:20:45.205+0000] {logging_mixin.py:188} INFO - [2024-07-20T15:20:45.205+0000] {dagbag.py:545} INFO - Filling up the DagBag from /home/airflow/.local/lib/python3.12/site-packages/airflow/example_dags/example_subdag_operator.py
[2024-07-20T15:20:45.228+0000] {processor.py:840} INFO - DAG(s) 'example_subdag_operator.section-1', 'example_subdag_operator.section-2', 'example_subdag_operator' retrieved from /home/airflow/.local/lib/python3.12/site-packages/airflow/example_dags/example_subdag_operator.py
[2024-07-20T15:20:45.244+0000] {logging_mixin.py:188} INFO - [2024-07-20T15:20:45.243+0000] {dag.py:3089} INFO - Sync 3 DAGs
[2024-07-20T15:20:45.265+0000] {logging_mixin.py:188} INFO - [2024-07-20T15:20:45.265+0000] {dag.py:3947} INFO - Setting next_dagrun for example_subdag_operator to 2022-01-01 00:00:00+00:00, run_after=2022-01-01 00:00:00+00:00
[2024-07-20T15:20:45.269+0000] {logging_mixin.py:188} INFO - [2024-07-20T15:20:45.268+0000] {dag.py:3947} INFO - Setting next_dagrun for example_subdag_operator.section-1 to None, run_after=None
[2024-07-20T15:20:45.270+0000] {logging_mixin.py:188} INFO - [2024-07-20T15:20:45.269+0000] {dag.py:3947} INFO - Setting next_dagrun for example_subdag_operator.section-2 to None, run_after=None
[2024-07-20T15:20:45.277+0000] {logging_mixin.py:188} INFO - [2024-07-20T15:20:45.277+0000] {dag.py:3089} INFO - Sync 2 DAGs
[2024-07-20T15:20:45.282+0000] {logging_mixin.py:188} INFO - [2024-07-20T15:20:45.282+0000] {dag.py:3947} INFO - Setting next_dagrun for example_subdag_operator.section-1 to None, run_after=None
[2024-07-20T15:20:45.283+0000] {logging_mixin.py:188} INFO - [2024-07-20T15:20:45.283+0000] {dag.py:3947} INFO - Setting next_dagrun for example_subdag_operator.section-2 to None, run_after=None
[2024-07-20T15:20:45.295+0000] {processor.py:183} INFO - Processing /home/airflow/.local/lib/python3.12/site-packages/airflow/example_dags/example_subdag_operator.py took 0.097 seconds
[2024-07-20T15:21:15.610+0000] {processor.py:161} INFO - Started process (PID=364) to work on /home/airflow/.local/lib/python3.12/site-packages/airflow/example_dags/example_subdag_operator.py
[2024-07-20T15:21:15.610+0000] {processor.py:830} INFO - Processing file /home/airflow/.local/lib/python3.12/site-packages/airflow/example_dags/example_subdag_operator.py for tasks to queue
[2024-07-20T15:21:15.612+0000] {logging_mixin.py:188} INFO - [2024-07-20T15:21:15.612+0000] {dagbag.py:545} INFO - Filling up the DagBag from /home/airflow/.local/lib/python3.12/site-packages/airflow/example_dags/example_subdag_operator.py
[2024-07-20T15:21:15.648+0000] {processor.py:840} INFO - DAG(s) 'example_subdag_operator.section-1', 'example_subdag_operator.section-2', 'example_subdag_operator' retrieved from /home/airflow/.local/lib/python3.12/site-packages/airflow/example_dags/example_subdag_operator.py
[2024-07-20T15:21:15.667+0000] {logging_mixin.py:188} INFO - [2024-07-20T15:21:15.666+0000] {dag.py:3089} INFO - Sync 3 DAGs
[2024-07-20T15:21:15.693+0000] {logging_mixin.py:188} INFO - [2024-07-20T15:21:15.693+0000] {dag.py:3947} INFO - Setting next_dagrun for example_subdag_operator to 2022-01-01 00:00:00+00:00, run_after=2022-01-01 00:00:00+00:00
[2024-07-20T15:21:15.697+0000] {logging_mixin.py:188} INFO - [2024-07-20T15:21:15.696+0000] {dag.py:3947} INFO - Setting next_dagrun for example_subdag_operator.section-1 to None, run_after=None
[2024-07-20T15:21:15.698+0000] {logging_mixin.py:188} INFO - [2024-07-20T15:21:15.698+0000] {dag.py:3947} INFO - Setting next_dagrun for example_subdag_operator.section-2 to None, run_after=None
[2024-07-20T15:21:15.705+0000] {logging_mixin.py:188} INFO - [2024-07-20T15:21:15.705+0000] {dag.py:3089} INFO - Sync 2 DAGs
[2024-07-20T15:21:15.711+0000] {logging_mixin.py:188} INFO - [2024-07-20T15:21:15.711+0000] {dag.py:3947} INFO - Setting next_dagrun for example_subdag_operator.section-1 to None, run_after=None
[2024-07-20T15:21:15.711+0000] {logging_mixin.py:188} INFO - [2024-07-20T15:21:15.711+0000] {dag.py:3947} INFO - Setting next_dagrun for example_subdag_operator.section-2 to None, run_after=None
[2024-07-20T15:21:15.722+0000] {processor.py:183} INFO - Processing /home/airflow/.local/lib/python3.12/site-packages/airflow/example_dags/example_subdag_operator.py took 0.120 seconds
[2024-07-20T15:21:46.577+0000] {processor.py:161} INFO - Started process (PID=422) to work on /home/airflow/.local/lib/python3.12/site-packages/airflow/example_dags/example_subdag_operator.py
[2024-07-20T15:21:46.579+0000] {processor.py:830} INFO - Processing file /home/airflow/.local/lib/python3.12/site-packages/airflow/example_dags/example_subdag_operator.py for tasks to queue
[2024-07-20T15:21:46.581+0000] {logging_mixin.py:188} INFO - [2024-07-20T15:21:46.581+0000] {dagbag.py:545} INFO - Filling up the DagBag from /home/airflow/.local/lib/python3.12/site-packages/airflow/example_dags/example_subdag_operator.py
[2024-07-20T15:21:46.606+0000] {processor.py:840} INFO - DAG(s) 'example_subdag_operator.section-1', 'example_subdag_operator.section-2', 'example_subdag_operator' retrieved from /home/airflow/.local/lib/python3.12/site-packages/airflow/example_dags/example_subdag_operator.py
[2024-07-20T15:21:46.627+0000] {logging_mixin.py:188} INFO - [2024-07-20T15:21:46.626+0000] {dag.py:3089} INFO - Sync 3 DAGs
[2024-07-20T15:21:46.653+0000] {logging_mixin.py:188} INFO - [2024-07-20T15:21:46.653+0000] {dag.py:3947} INFO - Setting next_dagrun for example_subdag_operator to 2022-01-01 00:00:00+00:00, run_after=2022-01-01 00:00:00+00:00
[2024-07-20T15:21:46.658+0000] {logging_mixin.py:188} INFO - [2024-07-20T15:21:46.658+0000] {dag.py:3947} INFO - Setting next_dagrun for example_subdag_operator.section-1 to None, run_after=None
[2024-07-20T15:21:46.659+0000] {logging_mixin.py:188} INFO - [2024-07-20T15:21:46.659+0000] {dag.py:3947} INFO - Setting next_dagrun for example_subdag_operator.section-2 to None, run_after=None
[2024-07-20T15:21:46.667+0000] {logging_mixin.py:188} INFO - [2024-07-20T15:21:46.667+0000] {dag.py:3089} INFO - Sync 2 DAGs
[2024-07-20T15:21:46.673+0000] {logging_mixin.py:188} INFO - [2024-07-20T15:21:46.673+0000] {dag.py:3947} INFO - Setting next_dagrun for example_subdag_operator.section-1 to None, run_after=None
[2024-07-20T15:21:46.673+0000] {logging_mixin.py:188} INFO - [2024-07-20T15:21:46.673+0000] {dag.py:3947} INFO - Setting next_dagrun for example_subdag_operator.section-2 to None, run_after=None
[2024-07-20T15:21:46.689+0000] {processor.py:183} INFO - Processing /home/airflow/.local/lib/python3.12/site-packages/airflow/example_dags/example_subdag_operator.py took 0.118 seconds
[2024-07-20T15:22:16.871+0000] {processor.py:161} INFO - Started process (PID=479) to work on /home/airflow/.local/lib/python3.12/site-packages/airflow/example_dags/example_subdag_operator.py
[2024-07-20T15:22:16.872+0000] {processor.py:830} INFO - Processing file /home/airflow/.local/lib/python3.12/site-packages/airflow/example_dags/example_subdag_operator.py for tasks to queue
[2024-07-20T15:22:16.873+0000] {logging_mixin.py:188} INFO - [2024-07-20T15:22:16.873+0000] {dagbag.py:545} INFO - Filling up the DagBag from /home/airflow/.local/lib/python3.12/site-packages/airflow/example_dags/example_subdag_operator.py
[2024-07-20T15:22:16.894+0000] {processor.py:840} INFO - DAG(s) 'example_subdag_operator.section-1', 'example_subdag_operator.section-2', 'example_subdag_operator' retrieved from /home/airflow/.local/lib/python3.12/site-packages/airflow/example_dags/example_subdag_operator.py
[2024-07-20T15:22:16.909+0000] {logging_mixin.py:188} INFO - [2024-07-20T15:22:16.909+0000] {dag.py:3089} INFO - Sync 3 DAGs
[2024-07-20T15:22:16.929+0000] {logging_mixin.py:188} INFO - [2024-07-20T15:22:16.928+0000] {dag.py:3947} INFO - Setting next_dagrun for example_subdag_operator to 2022-01-01 00:00:00+00:00, run_after=2022-01-01 00:00:00+00:00
[2024-07-20T15:22:16.932+0000] {logging_mixin.py:188} INFO - [2024-07-20T15:22:16.932+0000] {dag.py:3947} INFO - Setting next_dagrun for example_subdag_operator.section-1 to None, run_after=None
[2024-07-20T15:22:16.934+0000] {logging_mixin.py:188} INFO - [2024-07-20T15:22:16.934+0000] {dag.py:3947} INFO - Setting next_dagrun for example_subdag_operator.section-2 to None, run_after=None
[2024-07-20T15:22:16.940+0000] {logging_mixin.py:188} INFO - [2024-07-20T15:22:16.940+0000] {dag.py:3089} INFO - Sync 2 DAGs
[2024-07-20T15:22:16.944+0000] {logging_mixin.py:188} INFO - [2024-07-20T15:22:16.944+0000] {dag.py:3947} INFO - Setting next_dagrun for example_subdag_operator.section-1 to None, run_after=None
[2024-07-20T15:22:16.945+0000] {logging_mixin.py:188} INFO - [2024-07-20T15:22:16.945+0000] {dag.py:3947} INFO - Setting next_dagrun for example_subdag_operator.section-2 to None, run_after=None
[2024-07-20T15:22:16.953+0000] {processor.py:183} INFO - Processing /home/airflow/.local/lib/python3.12/site-packages/airflow/example_dags/example_subdag_operator.py took 0.088 seconds
[2024-07-20T15:23:28.486+0000] {processor.py:161} INFO - Started process (PID=68) to work on /home/airflow/.local/lib/python3.12/site-packages/airflow/example_dags/example_subdag_operator.py
[2024-07-20T15:23:28.488+0000] {processor.py:830} INFO - Processing file /home/airflow/.local/lib/python3.12/site-packages/airflow/example_dags/example_subdag_operator.py for tasks to queue
[2024-07-20T15:23:28.491+0000] {logging_mixin.py:188} INFO - [2024-07-20T15:23:28.491+0000] {dagbag.py:545} INFO - Filling up the DagBag from /home/airflow/.local/lib/python3.12/site-packages/airflow/example_dags/example_subdag_operator.py
[2024-07-20T15:23:28.524+0000] {processor.py:840} INFO - DAG(s) 'example_subdag_operator.section-1', 'example_subdag_operator.section-2', 'example_subdag_operator' retrieved from /home/airflow/.local/lib/python3.12/site-packages/airflow/example_dags/example_subdag_operator.py
[2024-07-20T15:23:28.527+0000] {logging_mixin.py:188} INFO - [2024-07-20T15:23:28.527+0000] {dag.py:3089} INFO - Sync 3 DAGs
[2024-07-20T15:23:28.553+0000] {logging_mixin.py:188} INFO - [2024-07-20T15:23:28.552+0000] {dag.py:3947} INFO - Setting next_dagrun for example_subdag_operator to 2022-01-01 00:00:00+00:00, run_after=2022-01-01 00:00:00+00:00
[2024-07-20T15:23:28.557+0000] {logging_mixin.py:188} INFO - [2024-07-20T15:23:28.557+0000] {dag.py:3947} INFO - Setting next_dagrun for example_subdag_operator.section-1 to None, run_after=None
[2024-07-20T15:23:28.558+0000] {logging_mixin.py:188} INFO - [2024-07-20T15:23:28.558+0000] {dag.py:3947} INFO - Setting next_dagrun for example_subdag_operator.section-2 to None, run_after=None
[2024-07-20T15:23:28.566+0000] {logging_mixin.py:188} INFO - [2024-07-20T15:23:28.566+0000] {dag.py:3089} INFO - Sync 2 DAGs
[2024-07-20T15:23:28.572+0000] {logging_mixin.py:188} INFO - [2024-07-20T15:23:28.572+0000] {dag.py:3947} INFO - Setting next_dagrun for example_subdag_operator.section-1 to None, run_after=None
[2024-07-20T15:23:28.572+0000] {logging_mixin.py:188} INFO - [2024-07-20T15:23:28.572+0000] {dag.py:3947} INFO - Setting next_dagrun for example_subdag_operator.section-2 to None, run_after=None
[2024-07-20T15:23:28.585+0000] {processor.py:183} INFO - Processing /home/airflow/.local/lib/python3.12/site-packages/airflow/example_dags/example_subdag_operator.py took 0.104 seconds
[2024-07-20T15:24:00.851+0000] {processor.py:161} INFO - Started process (PID=128) to work on /home/airflow/.local/lib/python3.12/site-packages/airflow/example_dags/example_subdag_operator.py
[2024-07-20T15:24:00.852+0000] {processor.py:830} INFO - Processing file /home/airflow/.local/lib/python3.12/site-packages/airflow/example_dags/example_subdag_operator.py for tasks to queue
[2024-07-20T15:24:00.854+0000] {logging_mixin.py:188} INFO - [2024-07-20T15:24:00.854+0000] {dagbag.py:545} INFO - Filling up the DagBag from /home/airflow/.local/lib/python3.12/site-packages/airflow/example_dags/example_subdag_operator.py
[2024-07-20T15:24:00.882+0000] {processor.py:840} INFO - DAG(s) 'example_subdag_operator.section-1', 'example_subdag_operator.section-2', 'example_subdag_operator' retrieved from /home/airflow/.local/lib/python3.12/site-packages/airflow/example_dags/example_subdag_operator.py
[2024-07-20T15:24:00.989+0000] {logging_mixin.py:188} INFO - [2024-07-20T15:24:00.989+0000] {dag.py:3089} INFO - Sync 3 DAGs
[2024-07-20T15:24:01.008+0000] {logging_mixin.py:188} INFO - [2024-07-20T15:24:01.007+0000] {dag.py:3947} INFO - Setting next_dagrun for example_subdag_operator to 2022-01-01 00:00:00+00:00, run_after=2022-01-01 00:00:00+00:00
[2024-07-20T15:24:01.010+0000] {logging_mixin.py:188} INFO - [2024-07-20T15:24:01.010+0000] {dag.py:3947} INFO - Setting next_dagrun for example_subdag_operator.section-1 to None, run_after=None
[2024-07-20T15:24:01.012+0000] {logging_mixin.py:188} INFO - [2024-07-20T15:24:01.011+0000] {dag.py:3947} INFO - Setting next_dagrun for example_subdag_operator.section-2 to None, run_after=None
[2024-07-20T15:24:01.025+0000] {logging_mixin.py:188} INFO - [2024-07-20T15:24:01.024+0000] {dag.py:3089} INFO - Sync 2 DAGs
[2024-07-20T15:24:01.036+0000] {logging_mixin.py:188} INFO - [2024-07-20T15:24:01.036+0000] {dag.py:3947} INFO - Setting next_dagrun for example_subdag_operator.section-1 to None, run_after=None
[2024-07-20T15:24:01.037+0000] {logging_mixin.py:188} INFO - [2024-07-20T15:24:01.036+0000] {dag.py:3947} INFO - Setting next_dagrun for example_subdag_operator.section-2 to None, run_after=None
[2024-07-20T15:24:01.053+0000] {processor.py:183} INFO - Processing /home/airflow/.local/lib/python3.12/site-packages/airflow/example_dags/example_subdag_operator.py took 0.208 seconds
