[2024-07-20T15:18:43.158+0000] {processor.py:161} INFO - Started process (PID=72) to work on /home/airflow/.local/lib/python3.12/site-packages/airflow/example_dags/example_external_task_marker_dag.py
[2024-07-20T15:18:43.159+0000] {processor.py:830} INFO - Processing file /home/airflow/.local/lib/python3.12/site-packages/airflow/example_dags/example_external_task_marker_dag.py for tasks to queue
[2024-07-20T15:18:43.160+0000] {logging_mixin.py:188} INFO - [2024-07-20T15:18:43.160+0000] {dagbag.py:545} INFO - Filling up the DagBag from /home/airflow/.local/lib/python3.12/site-packages/airflow/example_dags/example_external_task_marker_dag.py
[2024-07-20T15:18:43.221+0000] {processor.py:840} INFO - DAG(s) 'example_external_task_marker_child', 'example_external_task_marker_parent' retrieved from /home/airflow/.local/lib/python3.12/site-packages/airflow/example_dags/example_external_task_marker_dag.py
[2024-07-20T15:18:43.622+0000] {logging_mixin.py:188} INFO - [2024-07-20T15:18:43.621+0000] {dag.py:3089} INFO - Sync 2 DAGs
[2024-07-20T15:18:43.648+0000] {logging_mixin.py:188} INFO - [2024-07-20T15:18:43.647+0000] {dag.py:3947} INFO - Setting next_dagrun for example_external_task_marker_child to None, run_after=None
[2024-07-20T15:18:43.654+0000] {logging_mixin.py:188} INFO - [2024-07-20T15:18:43.654+0000] {dag.py:3947} INFO - Setting next_dagrun for example_external_task_marker_parent to None, run_after=None
[2024-07-20T15:18:43.703+0000] {processor.py:183} INFO - Processing /home/airflow/.local/lib/python3.12/site-packages/airflow/example_dags/example_external_task_marker_dag.py took 0.622 seconds
[2024-07-20T15:19:13.744+0000] {processor.py:161} INFO - Started process (PID=130) to work on /home/airflow/.local/lib/python3.12/site-packages/airflow/example_dags/example_external_task_marker_dag.py
[2024-07-20T15:19:13.745+0000] {processor.py:830} INFO - Processing file /home/airflow/.local/lib/python3.12/site-packages/airflow/example_dags/example_external_task_marker_dag.py for tasks to queue
[2024-07-20T15:19:13.747+0000] {logging_mixin.py:188} INFO - [2024-07-20T15:19:13.746+0000] {dagbag.py:545} INFO - Filling up the DagBag from /home/airflow/.local/lib/python3.12/site-packages/airflow/example_dags/example_external_task_marker_dag.py
[2024-07-20T15:19:13.752+0000] {processor.py:840} INFO - DAG(s) 'example_external_task_marker_parent', 'example_external_task_marker_child' retrieved from /home/airflow/.local/lib/python3.12/site-packages/airflow/example_dags/example_external_task_marker_dag.py
[2024-07-20T15:19:13.774+0000] {logging_mixin.py:188} INFO - [2024-07-20T15:19:13.774+0000] {dag.py:3089} INFO - Sync 2 DAGs
[2024-07-20T15:19:13.787+0000] {logging_mixin.py:188} INFO - [2024-07-20T15:19:13.787+0000] {dag.py:3947} INFO - Setting next_dagrun for example_external_task_marker_child to None, run_after=None
[2024-07-20T15:19:13.791+0000] {logging_mixin.py:188} INFO - [2024-07-20T15:19:13.791+0000] {dag.py:3947} INFO - Setting next_dagrun for example_external_task_marker_parent to None, run_after=None
[2024-07-20T15:19:13.809+0000] {processor.py:183} INFO - Processing /home/airflow/.local/lib/python3.12/site-packages/airflow/example_dags/example_external_task_marker_dag.py took 0.070 seconds
[2024-07-20T15:19:44.084+0000] {processor.py:161} INFO - Started process (PID=189) to work on /home/airflow/.local/lib/python3.12/site-packages/airflow/example_dags/example_external_task_marker_dag.py
[2024-07-20T15:19:44.084+0000] {processor.py:830} INFO - Processing file /home/airflow/.local/lib/python3.12/site-packages/airflow/example_dags/example_external_task_marker_dag.py for tasks to queue
[2024-07-20T15:19:44.086+0000] {logging_mixin.py:188} INFO - [2024-07-20T15:19:44.086+0000] {dagbag.py:545} INFO - Filling up the DagBag from /home/airflow/.local/lib/python3.12/site-packages/airflow/example_dags/example_external_task_marker_dag.py
[2024-07-20T15:19:44.092+0000] {processor.py:840} INFO - DAG(s) 'example_external_task_marker_child', 'example_external_task_marker_parent' retrieved from /home/airflow/.local/lib/python3.12/site-packages/airflow/example_dags/example_external_task_marker_dag.py
[2024-07-20T15:19:44.113+0000] {logging_mixin.py:188} INFO - [2024-07-20T15:19:44.113+0000] {dag.py:3089} INFO - Sync 2 DAGs
[2024-07-20T15:19:44.127+0000] {logging_mixin.py:188} INFO - [2024-07-20T15:19:44.126+0000] {dag.py:3947} INFO - Setting next_dagrun for example_external_task_marker_child to None, run_after=None
[2024-07-20T15:19:44.131+0000] {logging_mixin.py:188} INFO - [2024-07-20T15:19:44.131+0000] {dag.py:3947} INFO - Setting next_dagrun for example_external_task_marker_parent to None, run_after=None
[2024-07-20T15:19:44.146+0000] {processor.py:183} INFO - Processing /home/airflow/.local/lib/python3.12/site-packages/airflow/example_dags/example_external_task_marker_dag.py took 0.067 seconds
[2024-07-20T15:20:14.232+0000] {processor.py:161} INFO - Started process (PID=247) to work on /home/airflow/.local/lib/python3.12/site-packages/airflow/example_dags/example_external_task_marker_dag.py
[2024-07-20T15:20:14.233+0000] {processor.py:830} INFO - Processing file /home/airflow/.local/lib/python3.12/site-packages/airflow/example_dags/example_external_task_marker_dag.py for tasks to queue
[2024-07-20T15:20:14.234+0000] {logging_mixin.py:188} INFO - [2024-07-20T15:20:14.234+0000] {dagbag.py:545} INFO - Filling up the DagBag from /home/airflow/.local/lib/python3.12/site-packages/airflow/example_dags/example_external_task_marker_dag.py
[2024-07-20T15:20:14.240+0000] {processor.py:840} INFO - DAG(s) 'example_external_task_marker_child', 'example_external_task_marker_parent' retrieved from /home/airflow/.local/lib/python3.12/site-packages/airflow/example_dags/example_external_task_marker_dag.py
[2024-07-20T15:20:14.263+0000] {logging_mixin.py:188} INFO - [2024-07-20T15:20:14.262+0000] {dag.py:3089} INFO - Sync 2 DAGs
[2024-07-20T15:20:14.276+0000] {logging_mixin.py:188} INFO - [2024-07-20T15:20:14.275+0000] {dag.py:3947} INFO - Setting next_dagrun for example_external_task_marker_child to None, run_after=None
[2024-07-20T15:20:14.279+0000] {logging_mixin.py:188} INFO - [2024-07-20T15:20:14.279+0000] {dag.py:3947} INFO - Setting next_dagrun for example_external_task_marker_parent to None, run_after=None
[2024-07-20T15:20:14.295+0000] {processor.py:183} INFO - Processing /home/airflow/.local/lib/python3.12/site-packages/airflow/example_dags/example_external_task_marker_dag.py took 0.068 seconds
[2024-07-20T15:20:45.111+0000] {processor.py:161} INFO - Started process (PID=305) to work on /home/airflow/.local/lib/python3.12/site-packages/airflow/example_dags/example_external_task_marker_dag.py
[2024-07-20T15:20:45.112+0000] {processor.py:830} INFO - Processing file /home/airflow/.local/lib/python3.12/site-packages/airflow/example_dags/example_external_task_marker_dag.py for tasks to queue
[2024-07-20T15:20:45.114+0000] {logging_mixin.py:188} INFO - [2024-07-20T15:20:45.114+0000] {dagbag.py:545} INFO - Filling up the DagBag from /home/airflow/.local/lib/python3.12/site-packages/airflow/example_dags/example_external_task_marker_dag.py
[2024-07-20T15:20:45.120+0000] {processor.py:840} INFO - DAG(s) 'example_external_task_marker_child', 'example_external_task_marker_parent' retrieved from /home/airflow/.local/lib/python3.12/site-packages/airflow/example_dags/example_external_task_marker_dag.py
[2024-07-20T15:20:45.147+0000] {logging_mixin.py:188} INFO - [2024-07-20T15:20:45.146+0000] {dag.py:3089} INFO - Sync 2 DAGs
[2024-07-20T15:20:45.162+0000] {logging_mixin.py:188} INFO - [2024-07-20T15:20:45.161+0000] {dag.py:3947} INFO - Setting next_dagrun for example_external_task_marker_child to None, run_after=None
[2024-07-20T15:20:45.166+0000] {logging_mixin.py:188} INFO - [2024-07-20T15:20:45.165+0000] {dag.py:3947} INFO - Setting next_dagrun for example_external_task_marker_parent to None, run_after=None
[2024-07-20T15:20:45.182+0000] {processor.py:183} INFO - Processing /home/airflow/.local/lib/python3.12/site-packages/airflow/example_dags/example_external_task_marker_dag.py took 0.078 seconds
[2024-07-20T15:21:15.595+0000] {processor.py:161} INFO - Started process (PID=363) to work on /home/airflow/.local/lib/python3.12/site-packages/airflow/example_dags/example_external_task_marker_dag.py
[2024-07-20T15:21:15.596+0000] {processor.py:830} INFO - Processing file /home/airflow/.local/lib/python3.12/site-packages/airflow/example_dags/example_external_task_marker_dag.py for tasks to queue
[2024-07-20T15:21:15.598+0000] {logging_mixin.py:188} INFO - [2024-07-20T15:21:15.598+0000] {dagbag.py:545} INFO - Filling up the DagBag from /home/airflow/.local/lib/python3.12/site-packages/airflow/example_dags/example_external_task_marker_dag.py
[2024-07-20T15:21:15.604+0000] {processor.py:840} INFO - DAG(s) 'example_external_task_marker_parent', 'example_external_task_marker_child' retrieved from /home/airflow/.local/lib/python3.12/site-packages/airflow/example_dags/example_external_task_marker_dag.py
[2024-07-20T15:21:15.629+0000] {logging_mixin.py:188} INFO - [2024-07-20T15:21:15.629+0000] {dag.py:3089} INFO - Sync 2 DAGs
[2024-07-20T15:21:15.643+0000] {logging_mixin.py:188} INFO - [2024-07-20T15:21:15.643+0000] {dag.py:3947} INFO - Setting next_dagrun for example_external_task_marker_child to None, run_after=None
[2024-07-20T15:21:15.648+0000] {logging_mixin.py:188} INFO - [2024-07-20T15:21:15.648+0000] {dag.py:3947} INFO - Setting next_dagrun for example_external_task_marker_parent to None, run_after=None
[2024-07-20T15:21:15.665+0000] {processor.py:183} INFO - Processing /home/airflow/.local/lib/python3.12/site-packages/airflow/example_dags/example_external_task_marker_dag.py took 0.076 seconds
[2024-07-20T15:21:46.470+0000] {processor.py:161} INFO - Started process (PID=421) to work on /home/airflow/.local/lib/python3.12/site-packages/airflow/example_dags/example_external_task_marker_dag.py
[2024-07-20T15:21:46.470+0000] {processor.py:830} INFO - Processing file /home/airflow/.local/lib/python3.12/site-packages/airflow/example_dags/example_external_task_marker_dag.py for tasks to queue
[2024-07-20T15:21:46.472+0000] {logging_mixin.py:188} INFO - [2024-07-20T15:21:46.472+0000] {dagbag.py:545} INFO - Filling up the DagBag from /home/airflow/.local/lib/python3.12/site-packages/airflow/example_dags/example_external_task_marker_dag.py
[2024-07-20T15:21:46.478+0000] {processor.py:840} INFO - DAG(s) 'example_external_task_marker_child', 'example_external_task_marker_parent' retrieved from /home/airflow/.local/lib/python3.12/site-packages/airflow/example_dags/example_external_task_marker_dag.py
[2024-07-20T15:21:46.506+0000] {logging_mixin.py:188} INFO - [2024-07-20T15:21:46.505+0000] {dag.py:3089} INFO - Sync 2 DAGs
[2024-07-20T15:21:46.522+0000] {logging_mixin.py:188} INFO - [2024-07-20T15:21:46.522+0000] {dag.py:3947} INFO - Setting next_dagrun for example_external_task_marker_child to None, run_after=None
[2024-07-20T15:21:46.526+0000] {logging_mixin.py:188} INFO - [2024-07-20T15:21:46.526+0000] {dag.py:3947} INFO - Setting next_dagrun for example_external_task_marker_parent to None, run_after=None
[2024-07-20T15:21:46.552+0000] {processor.py:183} INFO - Processing /home/airflow/.local/lib/python3.12/site-packages/airflow/example_dags/example_external_task_marker_dag.py took 0.088 seconds
[2024-07-20T15:22:16.804+0000] {processor.py:161} INFO - Started process (PID=478) to work on /home/airflow/.local/lib/python3.12/site-packages/airflow/example_dags/example_external_task_marker_dag.py
[2024-07-20T15:22:16.805+0000] {processor.py:830} INFO - Processing file /home/airflow/.local/lib/python3.12/site-packages/airflow/example_dags/example_external_task_marker_dag.py for tasks to queue
[2024-07-20T15:22:16.807+0000] {logging_mixin.py:188} INFO - [2024-07-20T15:22:16.806+0000] {dagbag.py:545} INFO - Filling up the DagBag from /home/airflow/.local/lib/python3.12/site-packages/airflow/example_dags/example_external_task_marker_dag.py
[2024-07-20T15:22:16.813+0000] {processor.py:840} INFO - DAG(s) 'example_external_task_marker_child', 'example_external_task_marker_parent' retrieved from /home/airflow/.local/lib/python3.12/site-packages/airflow/example_dags/example_external_task_marker_dag.py
[2024-07-20T15:22:16.835+0000] {logging_mixin.py:188} INFO - [2024-07-20T15:22:16.835+0000] {dag.py:3089} INFO - Sync 2 DAGs
[2024-07-20T15:22:16.848+0000] {logging_mixin.py:188} INFO - [2024-07-20T15:22:16.848+0000] {dag.py:3947} INFO - Setting next_dagrun for example_external_task_marker_child to None, run_after=None
[2024-07-20T15:22:16.852+0000] {logging_mixin.py:188} INFO - [2024-07-20T15:22:16.852+0000] {dag.py:3947} INFO - Setting next_dagrun for example_external_task_marker_parent to None, run_after=None
[2024-07-20T15:22:16.867+0000] {processor.py:183} INFO - Processing /home/airflow/.local/lib/python3.12/site-packages/airflow/example_dags/example_external_task_marker_dag.py took 0.068 seconds
[2024-07-20T15:23:28.474+0000] {processor.py:161} INFO - Started process (PID=67) to work on /home/airflow/.local/lib/python3.12/site-packages/airflow/example_dags/example_external_task_marker_dag.py
[2024-07-20T15:23:28.474+0000] {processor.py:830} INFO - Processing file /home/airflow/.local/lib/python3.12/site-packages/airflow/example_dags/example_external_task_marker_dag.py for tasks to queue
[2024-07-20T15:23:28.476+0000] {logging_mixin.py:188} INFO - [2024-07-20T15:23:28.476+0000] {dagbag.py:545} INFO - Filling up the DagBag from /home/airflow/.local/lib/python3.12/site-packages/airflow/example_dags/example_external_task_marker_dag.py
[2024-07-20T15:23:28.483+0000] {processor.py:840} INFO - DAG(s) 'example_external_task_marker_parent', 'example_external_task_marker_child' retrieved from /home/airflow/.local/lib/python3.12/site-packages/airflow/example_dags/example_external_task_marker_dag.py
[2024-07-20T15:23:28.495+0000] {logging_mixin.py:188} INFO - [2024-07-20T15:23:28.495+0000] {dag.py:3089} INFO - Sync 2 DAGs
[2024-07-20T15:23:28.512+0000] {logging_mixin.py:188} INFO - [2024-07-20T15:23:28.512+0000] {dag.py:3947} INFO - Setting next_dagrun for example_external_task_marker_child to None, run_after=None
[2024-07-20T15:23:28.518+0000] {logging_mixin.py:188} INFO - [2024-07-20T15:23:28.518+0000] {dag.py:3947} INFO - Setting next_dagrun for example_external_task_marker_parent to None, run_after=None
[2024-07-20T15:23:28.538+0000] {processor.py:183} INFO - Processing /home/airflow/.local/lib/python3.12/site-packages/airflow/example_dags/example_external_task_marker_dag.py took 0.074 seconds
[2024-07-20T15:24:00.721+0000] {processor.py:161} INFO - Started process (PID=127) to work on /home/airflow/.local/lib/python3.12/site-packages/airflow/example_dags/example_external_task_marker_dag.py
[2024-07-20T15:24:00.722+0000] {processor.py:830} INFO - Processing file /home/airflow/.local/lib/python3.12/site-packages/airflow/example_dags/example_external_task_marker_dag.py for tasks to queue
[2024-07-20T15:24:00.723+0000] {logging_mixin.py:188} INFO - [2024-07-20T15:24:00.723+0000] {dagbag.py:545} INFO - Filling up the DagBag from /home/airflow/.local/lib/python3.12/site-packages/airflow/example_dags/example_external_task_marker_dag.py
[2024-07-20T15:24:00.728+0000] {processor.py:840} INFO - DAG(s) 'example_external_task_marker_child', 'example_external_task_marker_parent' retrieved from /home/airflow/.local/lib/python3.12/site-packages/airflow/example_dags/example_external_task_marker_dag.py
[2024-07-20T15:24:00.855+0000] {logging_mixin.py:188} INFO - [2024-07-20T15:24:00.855+0000] {dag.py:3089} INFO - Sync 2 DAGs
[2024-07-20T15:24:00.873+0000] {logging_mixin.py:188} INFO - [2024-07-20T15:24:00.872+0000] {dag.py:3947} INFO - Setting next_dagrun for example_external_task_marker_child to None, run_after=None
[2024-07-20T15:24:00.878+0000] {logging_mixin.py:188} INFO - [2024-07-20T15:24:00.878+0000] {dag.py:3947} INFO - Setting next_dagrun for example_external_task_marker_parent to None, run_after=None
[2024-07-20T15:24:00.911+0000] {processor.py:183} INFO - Processing /home/airflow/.local/lib/python3.12/site-packages/airflow/example_dags/example_external_task_marker_dag.py took 0.195 seconds
