[2024-07-20T15:18:39.272+0000] {processor.py:161} INFO - Started process (PID=59) to work on /home/airflow/.local/lib/python3.12/site-packages/airflow/example_dags/example_branch_python_dop_operator_3.py
[2024-07-20T15:18:39.272+0000] {processor.py:830} INFO - Processing file /home/airflow/.local/lib/python3.12/site-packages/airflow/example_dags/example_branch_python_dop_operator_3.py for tasks to queue
[2024-07-20T15:18:39.275+0000] {logging_mixin.py:188} INFO - [2024-07-20T15:18:39.274+0000] {dagbag.py:545} INFO - Filling up the DagBag from /home/airflow/.local/lib/python3.12/site-packages/airflow/example_dags/example_branch_python_dop_operator_3.py
[2024-07-20T15:18:39.287+0000] {processor.py:840} INFO - DAG(s) 'example_branch_dop_operator_v3' retrieved from /home/airflow/.local/lib/python3.12/site-packages/airflow/example_dags/example_branch_python_dop_operator_3.py
[2024-07-20T15:18:39.499+0000] {logging_mixin.py:188} INFO - [2024-07-20T15:18:39.499+0000] {dag.py:3089} INFO - Sync 1 DAGs
[2024-07-20T15:18:39.542+0000] {logging_mixin.py:188} INFO - [2024-07-20T15:18:39.542+0000] {dag.py:3947} INFO - Setting next_dagrun for example_branch_dop_operator_v3 to 2024-07-20 15:17:00+00:00, run_after=2024-07-20 15:18:00+00:00
[2024-07-20T15:18:39.638+0000] {processor.py:183} INFO - Processing /home/airflow/.local/lib/python3.12/site-packages/airflow/example_dags/example_branch_python_dop_operator_3.py took 0.372 seconds
[2024-07-20T15:19:09.904+0000] {processor.py:161} INFO - Started process (PID=117) to work on /home/airflow/.local/lib/python3.12/site-packages/airflow/example_dags/example_branch_python_dop_operator_3.py
[2024-07-20T15:19:09.905+0000] {processor.py:830} INFO - Processing file /home/airflow/.local/lib/python3.12/site-packages/airflow/example_dags/example_branch_python_dop_operator_3.py for tasks to queue
[2024-07-20T15:19:09.906+0000] {logging_mixin.py:188} INFO - [2024-07-20T15:19:09.906+0000] {dagbag.py:545} INFO - Filling up the DagBag from /home/airflow/.local/lib/python3.12/site-packages/airflow/example_dags/example_branch_python_dop_operator_3.py
[2024-07-20T15:19:09.915+0000] {processor.py:840} INFO - DAG(s) 'example_branch_dop_operator_v3' retrieved from /home/airflow/.local/lib/python3.12/site-packages/airflow/example_dags/example_branch_python_dop_operator_3.py
[2024-07-20T15:19:09.938+0000] {logging_mixin.py:188} INFO - [2024-07-20T15:19:09.938+0000] {dag.py:3089} INFO - Sync 1 DAGs
[2024-07-20T15:19:09.965+0000] {logging_mixin.py:188} INFO - [2024-07-20T15:19:09.965+0000] {dag.py:3947} INFO - Setting next_dagrun for example_branch_dop_operator_v3 to 2024-07-20 15:18:00+00:00, run_after=2024-07-20 15:19:00+00:00
[2024-07-20T15:19:09.987+0000] {processor.py:183} INFO - Processing /home/airflow/.local/lib/python3.12/site-packages/airflow/example_dags/example_branch_python_dop_operator_3.py took 0.089 seconds
[2024-07-20T15:19:40.152+0000] {processor.py:161} INFO - Started process (PID=176) to work on /home/airflow/.local/lib/python3.12/site-packages/airflow/example_dags/example_branch_python_dop_operator_3.py
[2024-07-20T15:19:40.153+0000] {processor.py:830} INFO - Processing file /home/airflow/.local/lib/python3.12/site-packages/airflow/example_dags/example_branch_python_dop_operator_3.py for tasks to queue
[2024-07-20T15:19:40.154+0000] {logging_mixin.py:188} INFO - [2024-07-20T15:19:40.154+0000] {dagbag.py:545} INFO - Filling up the DagBag from /home/airflow/.local/lib/python3.12/site-packages/airflow/example_dags/example_branch_python_dop_operator_3.py
[2024-07-20T15:19:40.168+0000] {processor.py:840} INFO - DAG(s) 'example_branch_dop_operator_v3' retrieved from /home/airflow/.local/lib/python3.12/site-packages/airflow/example_dags/example_branch_python_dop_operator_3.py
[2024-07-20T15:19:40.187+0000] {logging_mixin.py:188} INFO - [2024-07-20T15:19:40.187+0000] {dag.py:3089} INFO - Sync 1 DAGs
[2024-07-20T15:19:40.212+0000] {logging_mixin.py:188} INFO - [2024-07-20T15:19:40.212+0000] {dag.py:3947} INFO - Setting next_dagrun for example_branch_dop_operator_v3 to 2024-07-20 15:18:00+00:00, run_after=2024-07-20 15:19:00+00:00
[2024-07-20T15:19:40.229+0000] {processor.py:183} INFO - Processing /home/airflow/.local/lib/python3.12/site-packages/airflow/example_dags/example_branch_python_dop_operator_3.py took 0.083 seconds
[2024-07-20T15:20:10.314+0000] {processor.py:161} INFO - Started process (PID=234) to work on /home/airflow/.local/lib/python3.12/site-packages/airflow/example_dags/example_branch_python_dop_operator_3.py
[2024-07-20T15:20:10.315+0000] {processor.py:830} INFO - Processing file /home/airflow/.local/lib/python3.12/site-packages/airflow/example_dags/example_branch_python_dop_operator_3.py for tasks to queue
[2024-07-20T15:20:10.316+0000] {logging_mixin.py:188} INFO - [2024-07-20T15:20:10.316+0000] {dagbag.py:545} INFO - Filling up the DagBag from /home/airflow/.local/lib/python3.12/site-packages/airflow/example_dags/example_branch_python_dop_operator_3.py
[2024-07-20T15:20:10.324+0000] {processor.py:840} INFO - DAG(s) 'example_branch_dop_operator_v3' retrieved from /home/airflow/.local/lib/python3.12/site-packages/airflow/example_dags/example_branch_python_dop_operator_3.py
[2024-07-20T15:20:10.343+0000] {logging_mixin.py:188} INFO - [2024-07-20T15:20:10.343+0000] {dag.py:3089} INFO - Sync 1 DAGs
[2024-07-20T15:20:10.368+0000] {logging_mixin.py:188} INFO - [2024-07-20T15:20:10.368+0000] {dag.py:3947} INFO - Setting next_dagrun for example_branch_dop_operator_v3 to 2024-07-20 15:19:00+00:00, run_after=2024-07-20 15:20:00+00:00
[2024-07-20T15:20:10.387+0000] {processor.py:183} INFO - Processing /home/airflow/.local/lib/python3.12/site-packages/airflow/example_dags/example_branch_python_dop_operator_3.py took 0.079 seconds
[2024-07-20T15:20:41.310+0000] {processor.py:161} INFO - Started process (PID=292) to work on /home/airflow/.local/lib/python3.12/site-packages/airflow/example_dags/example_branch_python_dop_operator_3.py
[2024-07-20T15:20:41.311+0000] {processor.py:830} INFO - Processing file /home/airflow/.local/lib/python3.12/site-packages/airflow/example_dags/example_branch_python_dop_operator_3.py for tasks to queue
[2024-07-20T15:20:41.313+0000] {logging_mixin.py:188} INFO - [2024-07-20T15:20:41.312+0000] {dagbag.py:545} INFO - Filling up the DagBag from /home/airflow/.local/lib/python3.12/site-packages/airflow/example_dags/example_branch_python_dop_operator_3.py
[2024-07-20T15:20:41.320+0000] {processor.py:840} INFO - DAG(s) 'example_branch_dop_operator_v3' retrieved from /home/airflow/.local/lib/python3.12/site-packages/airflow/example_dags/example_branch_python_dop_operator_3.py
[2024-07-20T15:20:41.340+0000] {logging_mixin.py:188} INFO - [2024-07-20T15:20:41.340+0000] {dag.py:3089} INFO - Sync 1 DAGs
[2024-07-20T15:20:41.365+0000] {logging_mixin.py:188} INFO - [2024-07-20T15:20:41.365+0000] {dag.py:3947} INFO - Setting next_dagrun for example_branch_dop_operator_v3 to 2024-07-20 15:19:00+00:00, run_after=2024-07-20 15:20:00+00:00
[2024-07-20T15:20:41.383+0000] {processor.py:183} INFO - Processing /home/airflow/.local/lib/python3.12/site-packages/airflow/example_dags/example_branch_python_dop_operator_3.py took 0.078 seconds
[2024-07-20T15:21:11.469+0000] {processor.py:161} INFO - Started process (PID=350) to work on /home/airflow/.local/lib/python3.12/site-packages/airflow/example_dags/example_branch_python_dop_operator_3.py
[2024-07-20T15:21:11.470+0000] {processor.py:830} INFO - Processing file /home/airflow/.local/lib/python3.12/site-packages/airflow/example_dags/example_branch_python_dop_operator_3.py for tasks to queue
[2024-07-20T15:21:11.471+0000] {logging_mixin.py:188} INFO - [2024-07-20T15:21:11.471+0000] {dagbag.py:545} INFO - Filling up the DagBag from /home/airflow/.local/lib/python3.12/site-packages/airflow/example_dags/example_branch_python_dop_operator_3.py
[2024-07-20T15:21:11.480+0000] {processor.py:840} INFO - DAG(s) 'example_branch_dop_operator_v3' retrieved from /home/airflow/.local/lib/python3.12/site-packages/airflow/example_dags/example_branch_python_dop_operator_3.py
[2024-07-20T15:21:11.501+0000] {logging_mixin.py:188} INFO - [2024-07-20T15:21:11.501+0000] {dag.py:3089} INFO - Sync 1 DAGs
[2024-07-20T15:21:11.532+0000] {logging_mixin.py:188} INFO - [2024-07-20T15:21:11.532+0000] {dag.py:3947} INFO - Setting next_dagrun for example_branch_dop_operator_v3 to 2024-07-20 15:20:00+00:00, run_after=2024-07-20 15:21:00+00:00
[2024-07-20T15:21:11.559+0000] {processor.py:183} INFO - Processing /home/airflow/.local/lib/python3.12/site-packages/airflow/example_dags/example_branch_python_dop_operator_3.py took 0.096 seconds
[2024-07-20T15:21:41.643+0000] {processor.py:161} INFO - Started process (PID=408) to work on /home/airflow/.local/lib/python3.12/site-packages/airflow/example_dags/example_branch_python_dop_operator_3.py
[2024-07-20T15:21:41.644+0000] {processor.py:830} INFO - Processing file /home/airflow/.local/lib/python3.12/site-packages/airflow/example_dags/example_branch_python_dop_operator_3.py for tasks to queue
[2024-07-20T15:21:41.645+0000] {logging_mixin.py:188} INFO - [2024-07-20T15:21:41.645+0000] {dagbag.py:545} INFO - Filling up the DagBag from /home/airflow/.local/lib/python3.12/site-packages/airflow/example_dags/example_branch_python_dop_operator_3.py
[2024-07-20T15:21:41.653+0000] {processor.py:840} INFO - DAG(s) 'example_branch_dop_operator_v3' retrieved from /home/airflow/.local/lib/python3.12/site-packages/airflow/example_dags/example_branch_python_dop_operator_3.py
[2024-07-20T15:21:41.674+0000] {logging_mixin.py:188} INFO - [2024-07-20T15:21:41.673+0000] {dag.py:3089} INFO - Sync 1 DAGs
[2024-07-20T15:21:41.703+0000] {logging_mixin.py:188} INFO - [2024-07-20T15:21:41.702+0000] {dag.py:3947} INFO - Setting next_dagrun for example_branch_dop_operator_v3 to 2024-07-20 15:20:00+00:00, run_after=2024-07-20 15:21:00+00:00
[2024-07-20T15:21:41.727+0000] {processor.py:183} INFO - Processing /home/airflow/.local/lib/python3.12/site-packages/airflow/example_dags/example_branch_python_dop_operator_3.py took 0.091 seconds
[2024-07-20T15:22:12.278+0000] {processor.py:161} INFO - Started process (PID=466) to work on /home/airflow/.local/lib/python3.12/site-packages/airflow/example_dags/example_branch_python_dop_operator_3.py
[2024-07-20T15:22:12.279+0000] {processor.py:830} INFO - Processing file /home/airflow/.local/lib/python3.12/site-packages/airflow/example_dags/example_branch_python_dop_operator_3.py for tasks to queue
[2024-07-20T15:22:12.281+0000] {logging_mixin.py:188} INFO - [2024-07-20T15:22:12.281+0000] {dagbag.py:545} INFO - Filling up the DagBag from /home/airflow/.local/lib/python3.12/site-packages/airflow/example_dags/example_branch_python_dop_operator_3.py
[2024-07-20T15:22:12.289+0000] {processor.py:840} INFO - DAG(s) 'example_branch_dop_operator_v3' retrieved from /home/airflow/.local/lib/python3.12/site-packages/airflow/example_dags/example_branch_python_dop_operator_3.py
[2024-07-20T15:22:12.310+0000] {logging_mixin.py:188} INFO - [2024-07-20T15:22:12.310+0000] {dag.py:3089} INFO - Sync 1 DAGs
[2024-07-20T15:22:12.336+0000] {logging_mixin.py:188} INFO - [2024-07-20T15:22:12.336+0000] {dag.py:3947} INFO - Setting next_dagrun for example_branch_dop_operator_v3 to 2024-07-20 15:21:00+00:00, run_after=2024-07-20 15:22:00+00:00
[2024-07-20T15:22:12.355+0000] {processor.py:183} INFO - Processing /home/airflow/.local/lib/python3.12/site-packages/airflow/example_dags/example_branch_python_dop_operator_3.py took 0.082 seconds
[2024-07-20T15:23:26.947+0000] {processor.py:161} INFO - Started process (PID=54) to work on /home/airflow/.local/lib/python3.12/site-packages/airflow/example_dags/example_branch_python_dop_operator_3.py
[2024-07-20T15:23:26.948+0000] {processor.py:830} INFO - Processing file /home/airflow/.local/lib/python3.12/site-packages/airflow/example_dags/example_branch_python_dop_operator_3.py for tasks to queue
[2024-07-20T15:23:26.957+0000] {logging_mixin.py:188} INFO - [2024-07-20T15:23:26.956+0000] {dagbag.py:545} INFO - Filling up the DagBag from /home/airflow/.local/lib/python3.12/site-packages/airflow/example_dags/example_branch_python_dop_operator_3.py
[2024-07-20T15:23:26.976+0000] {processor.py:840} INFO - DAG(s) 'example_branch_dop_operator_v3' retrieved from /home/airflow/.local/lib/python3.12/site-packages/airflow/example_dags/example_branch_python_dop_operator_3.py
[2024-07-20T15:23:26.996+0000] {logging_mixin.py:188} INFO - [2024-07-20T15:23:26.996+0000] {dag.py:3089} INFO - Sync 1 DAGs
[2024-07-20T15:23:27.036+0000] {logging_mixin.py:188} INFO - [2024-07-20T15:23:27.035+0000] {dag.py:3947} INFO - Setting next_dagrun for example_branch_dop_operator_v3 to 2024-07-20 15:22:00+00:00, run_after=2024-07-20 15:23:00+00:00
[2024-07-20T15:23:27.059+0000] {processor.py:183} INFO - Processing /home/airflow/.local/lib/python3.12/site-packages/airflow/example_dags/example_branch_python_dop_operator_3.py took 0.118 seconds
[2024-07-20T15:23:58.865+0000] {processor.py:161} INFO - Started process (PID=114) to work on /home/airflow/.local/lib/python3.12/site-packages/airflow/example_dags/example_branch_python_dop_operator_3.py
[2024-07-20T15:23:58.868+0000] {processor.py:830} INFO - Processing file /home/airflow/.local/lib/python3.12/site-packages/airflow/example_dags/example_branch_python_dop_operator_3.py for tasks to queue
[2024-07-20T15:23:58.870+0000] {logging_mixin.py:188} INFO - [2024-07-20T15:23:58.870+0000] {dagbag.py:545} INFO - Filling up the DagBag from /home/airflow/.local/lib/python3.12/site-packages/airflow/example_dags/example_branch_python_dop_operator_3.py
[2024-07-20T15:23:58.881+0000] {processor.py:840} INFO - DAG(s) 'example_branch_dop_operator_v3' retrieved from /home/airflow/.local/lib/python3.12/site-packages/airflow/example_dags/example_branch_python_dop_operator_3.py
[2024-07-20T15:23:59.002+0000] {logging_mixin.py:188} INFO - [2024-07-20T15:23:59.002+0000] {dag.py:3089} INFO - Sync 1 DAGs
[2024-07-20T15:23:59.027+0000] {logging_mixin.py:188} INFO - [2024-07-20T15:23:59.026+0000] {dag.py:3947} INFO - Setting next_dagrun for example_branch_dop_operator_v3 to 2024-07-20 15:22:00+00:00, run_after=2024-07-20 15:23:00+00:00
[2024-07-20T15:23:59.058+0000] {processor.py:183} INFO - Processing /home/airflow/.local/lib/python3.12/site-packages/airflow/example_dags/example_branch_python_dop_operator_3.py took 0.198 seconds
