[2024-07-20T15:18:37.039+0000] {processor.py:161} INFO - Started process (PID=52) to work on /home/airflow/.local/lib/python3.12/site-packages/airflow/example_dags/example_sla_dag.py
[2024-07-20T15:18:37.040+0000] {processor.py:830} INFO - Processing file /home/airflow/.local/lib/python3.12/site-packages/airflow/example_dags/example_sla_dag.py for tasks to queue
[2024-07-20T15:18:37.042+0000] {logging_mixin.py:188} INFO - [2024-07-20T15:18:37.042+0000] {dagbag.py:545} INFO - Filling up the DagBag from /home/airflow/.local/lib/python3.12/site-packages/airflow/example_dags/example_sla_dag.py
[2024-07-20T15:18:37.062+0000] {processor.py:840} INFO - DAG(s) 'example_sla_dag' retrieved from /home/airflow/.local/lib/python3.12/site-packages/airflow/example_dags/example_sla_dag.py
[2024-07-20T15:18:37.451+0000] {logging_mixin.py:188} INFO - [2024-07-20T15:18:37.450+0000] {dag.py:3089} INFO - Sync 1 DAGs
[2024-07-20T15:18:37.552+0000] {logging_mixin.py:188} INFO - [2024-07-20T15:18:37.552+0000] {dag.py:3947} INFO - Setting next_dagrun for example_sla_dag to 2024-07-20 15:16:00+00:00, run_after=2024-07-20 15:18:00+00:00
[2024-07-20T15:18:37.681+0000] {processor.py:183} INFO - Processing /home/airflow/.local/lib/python3.12/site-packages/airflow/example_dags/example_sla_dag.py took 0.648 seconds
[2024-07-20T15:19:08.465+0000] {processor.py:161} INFO - Started process (PID=110) to work on /home/airflow/.local/lib/python3.12/site-packages/airflow/example_dags/example_sla_dag.py
[2024-07-20T15:19:08.466+0000] {processor.py:830} INFO - Processing file /home/airflow/.local/lib/python3.12/site-packages/airflow/example_dags/example_sla_dag.py for tasks to queue
[2024-07-20T15:19:08.468+0000] {logging_mixin.py:188} INFO - [2024-07-20T15:19:08.468+0000] {dagbag.py:545} INFO - Filling up the DagBag from /home/airflow/.local/lib/python3.12/site-packages/airflow/example_dags/example_sla_dag.py
[2024-07-20T15:19:08.504+0000] {processor.py:840} INFO - DAG(s) 'example_sla_dag' retrieved from /home/airflow/.local/lib/python3.12/site-packages/airflow/example_dags/example_sla_dag.py
[2024-07-20T15:19:08.555+0000] {logging_mixin.py:188} INFO - [2024-07-20T15:19:08.554+0000] {dag.py:3089} INFO - Sync 1 DAGs
[2024-07-20T15:19:08.581+0000] {logging_mixin.py:188} INFO - [2024-07-20T15:19:08.580+0000] {dag.py:3947} INFO - Setting next_dagrun for example_sla_dag to 2024-07-20 15:16:00+00:00, run_after=2024-07-20 15:18:00+00:00
[2024-07-20T15:19:08.627+0000] {processor.py:183} INFO - Processing /home/airflow/.local/lib/python3.12/site-packages/airflow/example_dags/example_sla_dag.py took 0.168 seconds
[2024-07-20T15:19:38.653+0000] {processor.py:161} INFO - Started process (PID=169) to work on /home/airflow/.local/lib/python3.12/site-packages/airflow/example_dags/example_sla_dag.py
[2024-07-20T15:19:38.654+0000] {processor.py:830} INFO - Processing file /home/airflow/.local/lib/python3.12/site-packages/airflow/example_dags/example_sla_dag.py for tasks to queue
[2024-07-20T15:19:38.656+0000] {logging_mixin.py:188} INFO - [2024-07-20T15:19:38.656+0000] {dagbag.py:545} INFO - Filling up the DagBag from /home/airflow/.local/lib/python3.12/site-packages/airflow/example_dags/example_sla_dag.py
[2024-07-20T15:19:38.664+0000] {processor.py:840} INFO - DAG(s) 'example_sla_dag' retrieved from /home/airflow/.local/lib/python3.12/site-packages/airflow/example_dags/example_sla_dag.py
[2024-07-20T15:19:38.683+0000] {logging_mixin.py:188} INFO - [2024-07-20T15:19:38.683+0000] {dag.py:3089} INFO - Sync 1 DAGs
[2024-07-20T15:19:38.707+0000] {logging_mixin.py:188} INFO - [2024-07-20T15:19:38.707+0000] {dag.py:3947} INFO - Setting next_dagrun for example_sla_dag to 2024-07-20 15:16:00+00:00, run_after=2024-07-20 15:18:00+00:00
[2024-07-20T15:19:38.724+0000] {processor.py:183} INFO - Processing /home/airflow/.local/lib/python3.12/site-packages/airflow/example_dags/example_sla_dag.py took 0.076 seconds
[2024-07-20T15:20:08.805+0000] {processor.py:161} INFO - Started process (PID=227) to work on /home/airflow/.local/lib/python3.12/site-packages/airflow/example_dags/example_sla_dag.py
[2024-07-20T15:20:08.806+0000] {processor.py:830} INFO - Processing file /home/airflow/.local/lib/python3.12/site-packages/airflow/example_dags/example_sla_dag.py for tasks to queue
[2024-07-20T15:20:08.808+0000] {logging_mixin.py:188} INFO - [2024-07-20T15:20:08.808+0000] {dagbag.py:545} INFO - Filling up the DagBag from /home/airflow/.local/lib/python3.12/site-packages/airflow/example_dags/example_sla_dag.py
[2024-07-20T15:20:08.817+0000] {processor.py:840} INFO - DAG(s) 'example_sla_dag' retrieved from /home/airflow/.local/lib/python3.12/site-packages/airflow/example_dags/example_sla_dag.py
[2024-07-20T15:20:08.835+0000] {logging_mixin.py:188} INFO - [2024-07-20T15:20:08.834+0000] {dag.py:3089} INFO - Sync 1 DAGs
[2024-07-20T15:20:08.861+0000] {logging_mixin.py:188} INFO - [2024-07-20T15:20:08.860+0000] {dag.py:3947} INFO - Setting next_dagrun for example_sla_dag to 2024-07-20 15:18:00+00:00, run_after=2024-07-20 15:20:00+00:00
[2024-07-20T15:20:08.882+0000] {processor.py:183} INFO - Processing /home/airflow/.local/lib/python3.12/site-packages/airflow/example_dags/example_sla_dag.py took 0.082 seconds
[2024-07-20T15:20:38.906+0000] {processor.py:161} INFO - Started process (PID=285) to work on /home/airflow/.local/lib/python3.12/site-packages/airflow/example_dags/example_sla_dag.py
[2024-07-20T15:20:38.907+0000] {processor.py:830} INFO - Processing file /home/airflow/.local/lib/python3.12/site-packages/airflow/example_dags/example_sla_dag.py for tasks to queue
[2024-07-20T15:20:38.909+0000] {logging_mixin.py:188} INFO - [2024-07-20T15:20:38.909+0000] {dagbag.py:545} INFO - Filling up the DagBag from /home/airflow/.local/lib/python3.12/site-packages/airflow/example_dags/example_sla_dag.py
[2024-07-20T15:20:38.917+0000] {processor.py:840} INFO - DAG(s) 'example_sla_dag' retrieved from /home/airflow/.local/lib/python3.12/site-packages/airflow/example_dags/example_sla_dag.py
[2024-07-20T15:20:38.936+0000] {logging_mixin.py:188} INFO - [2024-07-20T15:20:38.936+0000] {dag.py:3089} INFO - Sync 1 DAGs
[2024-07-20T15:20:38.962+0000] {logging_mixin.py:188} INFO - [2024-07-20T15:20:38.962+0000] {dag.py:3947} INFO - Setting next_dagrun for example_sla_dag to 2024-07-20 15:18:00+00:00, run_after=2024-07-20 15:20:00+00:00
[2024-07-20T15:20:38.981+0000] {processor.py:183} INFO - Processing /home/airflow/.local/lib/python3.12/site-packages/airflow/example_dags/example_sla_dag.py took 0.081 seconds
[2024-07-20T15:21:09.111+0000] {processor.py:161} INFO - Started process (PID=343) to work on /home/airflow/.local/lib/python3.12/site-packages/airflow/example_dags/example_sla_dag.py
[2024-07-20T15:21:09.112+0000] {processor.py:830} INFO - Processing file /home/airflow/.local/lib/python3.12/site-packages/airflow/example_dags/example_sla_dag.py for tasks to queue
[2024-07-20T15:21:09.116+0000] {logging_mixin.py:188} INFO - [2024-07-20T15:21:09.115+0000] {dagbag.py:545} INFO - Filling up the DagBag from /home/airflow/.local/lib/python3.12/site-packages/airflow/example_dags/example_sla_dag.py
[2024-07-20T15:21:09.129+0000] {processor.py:840} INFO - DAG(s) 'example_sla_dag' retrieved from /home/airflow/.local/lib/python3.12/site-packages/airflow/example_dags/example_sla_dag.py
[2024-07-20T15:21:09.154+0000] {logging_mixin.py:188} INFO - [2024-07-20T15:21:09.154+0000] {dag.py:3089} INFO - Sync 1 DAGs
[2024-07-20T15:21:09.193+0000] {logging_mixin.py:188} INFO - [2024-07-20T15:21:09.193+0000] {dag.py:3947} INFO - Setting next_dagrun for example_sla_dag to 2024-07-20 15:18:00+00:00, run_after=2024-07-20 15:20:00+00:00
[2024-07-20T15:21:09.223+0000] {processor.py:183} INFO - Processing /home/airflow/.local/lib/python3.12/site-packages/airflow/example_dags/example_sla_dag.py took 0.120 seconds
[2024-07-20T15:21:39.327+0000] {processor.py:161} INFO - Started process (PID=401) to work on /home/airflow/.local/lib/python3.12/site-packages/airflow/example_dags/example_sla_dag.py
[2024-07-20T15:21:39.328+0000] {processor.py:830} INFO - Processing file /home/airflow/.local/lib/python3.12/site-packages/airflow/example_dags/example_sla_dag.py for tasks to queue
[2024-07-20T15:21:39.329+0000] {logging_mixin.py:188} INFO - [2024-07-20T15:21:39.329+0000] {dagbag.py:545} INFO - Filling up the DagBag from /home/airflow/.local/lib/python3.12/site-packages/airflow/example_dags/example_sla_dag.py
[2024-07-20T15:21:39.338+0000] {processor.py:840} INFO - DAG(s) 'example_sla_dag' retrieved from /home/airflow/.local/lib/python3.12/site-packages/airflow/example_dags/example_sla_dag.py
[2024-07-20T15:21:39.358+0000] {logging_mixin.py:188} INFO - [2024-07-20T15:21:39.358+0000] {dag.py:3089} INFO - Sync 1 DAGs
[2024-07-20T15:21:39.385+0000] {logging_mixin.py:188} INFO - [2024-07-20T15:21:39.385+0000] {dag.py:3947} INFO - Setting next_dagrun for example_sla_dag to 2024-07-20 15:18:00+00:00, run_after=2024-07-20 15:20:00+00:00
[2024-07-20T15:21:39.406+0000] {processor.py:183} INFO - Processing /home/airflow/.local/lib/python3.12/site-packages/airflow/example_dags/example_sla_dag.py took 0.085 seconds
[2024-07-20T15:22:09.990+0000] {processor.py:161} INFO - Started process (PID=459) to work on /home/airflow/.local/lib/python3.12/site-packages/airflow/example_dags/example_sla_dag.py
[2024-07-20T15:22:09.991+0000] {processor.py:830} INFO - Processing file /home/airflow/.local/lib/python3.12/site-packages/airflow/example_dags/example_sla_dag.py for tasks to queue
[2024-07-20T15:22:09.993+0000] {logging_mixin.py:188} INFO - [2024-07-20T15:22:09.993+0000] {dagbag.py:545} INFO - Filling up the DagBag from /home/airflow/.local/lib/python3.12/site-packages/airflow/example_dags/example_sla_dag.py
[2024-07-20T15:22:10.002+0000] {processor.py:840} INFO - DAG(s) 'example_sla_dag' retrieved from /home/airflow/.local/lib/python3.12/site-packages/airflow/example_dags/example_sla_dag.py
[2024-07-20T15:22:10.019+0000] {logging_mixin.py:188} INFO - [2024-07-20T15:22:10.019+0000] {dag.py:3089} INFO - Sync 1 DAGs
[2024-07-20T15:22:10.043+0000] {logging_mixin.py:188} INFO - [2024-07-20T15:22:10.043+0000] {dag.py:3947} INFO - Setting next_dagrun for example_sla_dag to 2024-07-20 15:20:00+00:00, run_after=2024-07-20 15:22:00+00:00
[2024-07-20T15:22:10.063+0000] {processor.py:183} INFO - Processing /home/airflow/.local/lib/python3.12/site-packages/airflow/example_dags/example_sla_dag.py took 0.079 seconds
[2024-07-20T15:23:26.481+0000] {processor.py:161} INFO - Started process (PID=47) to work on /home/airflow/.local/lib/python3.12/site-packages/airflow/example_dags/example_sla_dag.py
[2024-07-20T15:23:26.483+0000] {processor.py:830} INFO - Processing file /home/airflow/.local/lib/python3.12/site-packages/airflow/example_dags/example_sla_dag.py for tasks to queue
[2024-07-20T15:23:26.485+0000] {logging_mixin.py:188} INFO - [2024-07-20T15:23:26.484+0000] {dagbag.py:545} INFO - Filling up the DagBag from /home/airflow/.local/lib/python3.12/site-packages/airflow/example_dags/example_sla_dag.py
[2024-07-20T15:23:26.497+0000] {processor.py:840} INFO - DAG(s) 'example_sla_dag' retrieved from /home/airflow/.local/lib/python3.12/site-packages/airflow/example_dags/example_sla_dag.py
[2024-07-20T15:23:26.508+0000] {logging_mixin.py:188} INFO - [2024-07-20T15:23:26.507+0000] {dag.py:3089} INFO - Sync 1 DAGs
[2024-07-20T15:23:26.536+0000] {logging_mixin.py:188} INFO - [2024-07-20T15:23:26.536+0000] {dag.py:3947} INFO - Setting next_dagrun for example_sla_dag to 2024-07-20 15:20:00+00:00, run_after=2024-07-20 15:22:00+00:00
[2024-07-20T15:23:26.564+0000] {processor.py:183} INFO - Processing /home/airflow/.local/lib/python3.12/site-packages/airflow/example_dags/example_sla_dag.py took 0.091 seconds
[2024-07-20T15:23:58.024+0000] {processor.py:161} INFO - Started process (PID=107) to work on /home/airflow/.local/lib/python3.12/site-packages/airflow/example_dags/example_sla_dag.py
[2024-07-20T15:23:58.025+0000] {processor.py:830} INFO - Processing file /home/airflow/.local/lib/python3.12/site-packages/airflow/example_dags/example_sla_dag.py for tasks to queue
[2024-07-20T15:23:58.027+0000] {logging_mixin.py:188} INFO - [2024-07-20T15:23:58.027+0000] {dagbag.py:545} INFO - Filling up the DagBag from /home/airflow/.local/lib/python3.12/site-packages/airflow/example_dags/example_sla_dag.py
[2024-07-20T15:23:58.042+0000] {processor.py:840} INFO - DAG(s) 'example_sla_dag' retrieved from /home/airflow/.local/lib/python3.12/site-packages/airflow/example_dags/example_sla_dag.py
[2024-07-20T15:23:58.211+0000] {logging_mixin.py:188} INFO - [2024-07-20T15:23:58.211+0000] {dag.py:3089} INFO - Sync 1 DAGs
[2024-07-20T15:23:58.244+0000] {logging_mixin.py:188} INFO - [2024-07-20T15:23:58.244+0000] {dag.py:3947} INFO - Setting next_dagrun for example_sla_dag to 2024-07-20 15:20:00+00:00, run_after=2024-07-20 15:22:00+00:00
[2024-07-20T15:23:58.282+0000] {processor.py:183} INFO - Processing /home/airflow/.local/lib/python3.12/site-packages/airflow/example_dags/example_sla_dag.py took 0.268 seconds
