[2024-07-20T15:18:42.204+0000] {processor.py:161} INFO - Started process (PID=69) to work on /home/airflow/.local/lib/python3.12/site-packages/airflow/example_dags/example_bash_operator.py
[2024-07-20T15:18:42.205+0000] {processor.py:830} INFO - Processing file /home/airflow/.local/lib/python3.12/site-packages/airflow/example_dags/example_bash_operator.py for tasks to queue
[2024-07-20T15:18:42.207+0000] {logging_mixin.py:188} INFO - [2024-07-20T15:18:42.206+0000] {dagbag.py:545} INFO - Filling up the DagBag from /home/airflow/.local/lib/python3.12/site-packages/airflow/example_dags/example_bash_operator.py
[2024-07-20T15:18:42.250+0000] {processor.py:840} INFO - DAG(s) 'example_bash_operator' retrieved from /home/airflow/.local/lib/python3.12/site-packages/airflow/example_dags/example_bash_operator.py
[2024-07-20T15:18:42.510+0000] {logging_mixin.py:188} INFO - [2024-07-20T15:18:42.510+0000] {dag.py:3089} INFO - Sync 1 DAGs
[2024-07-20T15:18:42.548+0000] {logging_mixin.py:188} INFO - [2024-07-20T15:18:42.548+0000] {dag.py:3947} INFO - Setting next_dagrun for example_bash_operator to 2024-07-19 00:00:00+00:00, run_after=2024-07-20 00:00:00+00:00
[2024-07-20T15:18:42.611+0000] {processor.py:183} INFO - Processing /home/airflow/.local/lib/python3.12/site-packages/airflow/example_dags/example_bash_operator.py took 0.422 seconds
[2024-07-20T15:19:13.519+0000] {processor.py:161} INFO - Started process (PID=127) to work on /home/airflow/.local/lib/python3.12/site-packages/airflow/example_dags/example_bash_operator.py
[2024-07-20T15:19:13.522+0000] {processor.py:830} INFO - Processing file /home/airflow/.local/lib/python3.12/site-packages/airflow/example_dags/example_bash_operator.py for tasks to queue
[2024-07-20T15:19:13.524+0000] {logging_mixin.py:188} INFO - [2024-07-20T15:19:13.523+0000] {dagbag.py:545} INFO - Filling up the DagBag from /home/airflow/.local/lib/python3.12/site-packages/airflow/example_dags/example_bash_operator.py
[2024-07-20T15:19:13.536+0000] {processor.py:840} INFO - DAG(s) 'example_bash_operator' retrieved from /home/airflow/.local/lib/python3.12/site-packages/airflow/example_dags/example_bash_operator.py
[2024-07-20T15:19:13.567+0000] {logging_mixin.py:188} INFO - [2024-07-20T15:19:13.567+0000] {dag.py:3089} INFO - Sync 1 DAGs
[2024-07-20T15:19:13.590+0000] {logging_mixin.py:188} INFO - [2024-07-20T15:19:13.590+0000] {dag.py:3947} INFO - Setting next_dagrun for example_bash_operator to 2024-07-19 00:00:00+00:00, run_after=2024-07-20 00:00:00+00:00
[2024-07-20T15:19:13.614+0000] {processor.py:183} INFO - Processing /home/airflow/.local/lib/python3.12/site-packages/airflow/example_dags/example_bash_operator.py took 0.101 seconds
[2024-07-20T15:19:43.881+0000] {processor.py:161} INFO - Started process (PID=186) to work on /home/airflow/.local/lib/python3.12/site-packages/airflow/example_dags/example_bash_operator.py
[2024-07-20T15:19:43.882+0000] {processor.py:830} INFO - Processing file /home/airflow/.local/lib/python3.12/site-packages/airflow/example_dags/example_bash_operator.py for tasks to queue
[2024-07-20T15:19:43.884+0000] {logging_mixin.py:188} INFO - [2024-07-20T15:19:43.883+0000] {dagbag.py:545} INFO - Filling up the DagBag from /home/airflow/.local/lib/python3.12/site-packages/airflow/example_dags/example_bash_operator.py
[2024-07-20T15:19:43.894+0000] {processor.py:840} INFO - DAG(s) 'example_bash_operator' retrieved from /home/airflow/.local/lib/python3.12/site-packages/airflow/example_dags/example_bash_operator.py
[2024-07-20T15:19:43.921+0000] {logging_mixin.py:188} INFO - [2024-07-20T15:19:43.920+0000] {dag.py:3089} INFO - Sync 1 DAGs
[2024-07-20T15:19:43.944+0000] {logging_mixin.py:188} INFO - [2024-07-20T15:19:43.943+0000] {dag.py:3947} INFO - Setting next_dagrun for example_bash_operator to 2024-07-19 00:00:00+00:00, run_after=2024-07-20 00:00:00+00:00
[2024-07-20T15:19:43.964+0000] {processor.py:183} INFO - Processing /home/airflow/.local/lib/python3.12/site-packages/airflow/example_dags/example_bash_operator.py took 0.088 seconds
[2024-07-20T15:20:14.018+0000] {processor.py:161} INFO - Started process (PID=244) to work on /home/airflow/.local/lib/python3.12/site-packages/airflow/example_dags/example_bash_operator.py
[2024-07-20T15:20:14.019+0000] {processor.py:830} INFO - Processing file /home/airflow/.local/lib/python3.12/site-packages/airflow/example_dags/example_bash_operator.py for tasks to queue
[2024-07-20T15:20:14.021+0000] {logging_mixin.py:188} INFO - [2024-07-20T15:20:14.020+0000] {dagbag.py:545} INFO - Filling up the DagBag from /home/airflow/.local/lib/python3.12/site-packages/airflow/example_dags/example_bash_operator.py
[2024-07-20T15:20:14.032+0000] {processor.py:840} INFO - DAG(s) 'example_bash_operator' retrieved from /home/airflow/.local/lib/python3.12/site-packages/airflow/example_dags/example_bash_operator.py
[2024-07-20T15:20:14.063+0000] {logging_mixin.py:188} INFO - [2024-07-20T15:20:14.063+0000] {dag.py:3089} INFO - Sync 1 DAGs
[2024-07-20T15:20:14.089+0000] {logging_mixin.py:188} INFO - [2024-07-20T15:20:14.089+0000] {dag.py:3947} INFO - Setting next_dagrun for example_bash_operator to 2024-07-19 00:00:00+00:00, run_after=2024-07-20 00:00:00+00:00
[2024-07-20T15:20:14.112+0000] {processor.py:183} INFO - Processing /home/airflow/.local/lib/python3.12/site-packages/airflow/example_dags/example_bash_operator.py took 0.100 seconds
[2024-07-20T15:20:44.885+0000] {processor.py:161} INFO - Started process (PID=302) to work on /home/airflow/.local/lib/python3.12/site-packages/airflow/example_dags/example_bash_operator.py
[2024-07-20T15:20:44.886+0000] {processor.py:830} INFO - Processing file /home/airflow/.local/lib/python3.12/site-packages/airflow/example_dags/example_bash_operator.py for tasks to queue
[2024-07-20T15:20:44.887+0000] {logging_mixin.py:188} INFO - [2024-07-20T15:20:44.887+0000] {dagbag.py:545} INFO - Filling up the DagBag from /home/airflow/.local/lib/python3.12/site-packages/airflow/example_dags/example_bash_operator.py
[2024-07-20T15:20:44.898+0000] {processor.py:840} INFO - DAG(s) 'example_bash_operator' retrieved from /home/airflow/.local/lib/python3.12/site-packages/airflow/example_dags/example_bash_operator.py
[2024-07-20T15:20:44.928+0000] {logging_mixin.py:188} INFO - [2024-07-20T15:20:44.927+0000] {dag.py:3089} INFO - Sync 1 DAGs
[2024-07-20T15:20:44.953+0000] {logging_mixin.py:188} INFO - [2024-07-20T15:20:44.953+0000] {dag.py:3947} INFO - Setting next_dagrun for example_bash_operator to 2024-07-19 00:00:00+00:00, run_after=2024-07-20 00:00:00+00:00
[2024-07-20T15:20:44.971+0000] {processor.py:183} INFO - Processing /home/airflow/.local/lib/python3.12/site-packages/airflow/example_dags/example_bash_operator.py took 0.091 seconds
[2024-07-20T15:21:15.359+0000] {processor.py:161} INFO - Started process (PID=360) to work on /home/airflow/.local/lib/python3.12/site-packages/airflow/example_dags/example_bash_operator.py
[2024-07-20T15:21:15.360+0000] {processor.py:830} INFO - Processing file /home/airflow/.local/lib/python3.12/site-packages/airflow/example_dags/example_bash_operator.py for tasks to queue
[2024-07-20T15:21:15.361+0000] {logging_mixin.py:188} INFO - [2024-07-20T15:21:15.361+0000] {dagbag.py:545} INFO - Filling up the DagBag from /home/airflow/.local/lib/python3.12/site-packages/airflow/example_dags/example_bash_operator.py
[2024-07-20T15:21:15.372+0000] {processor.py:840} INFO - DAG(s) 'example_bash_operator' retrieved from /home/airflow/.local/lib/python3.12/site-packages/airflow/example_dags/example_bash_operator.py
[2024-07-20T15:21:15.403+0000] {logging_mixin.py:188} INFO - [2024-07-20T15:21:15.403+0000] {dag.py:3089} INFO - Sync 1 DAGs
[2024-07-20T15:21:15.428+0000] {logging_mixin.py:188} INFO - [2024-07-20T15:21:15.428+0000] {dag.py:3947} INFO - Setting next_dagrun for example_bash_operator to 2024-07-19 00:00:00+00:00, run_after=2024-07-20 00:00:00+00:00
[2024-07-20T15:21:15.446+0000] {processor.py:183} INFO - Processing /home/airflow/.local/lib/python3.12/site-packages/airflow/example_dags/example_bash_operator.py took 0.093 seconds
[2024-07-20T15:21:46.121+0000] {processor.py:161} INFO - Started process (PID=418) to work on /home/airflow/.local/lib/python3.12/site-packages/airflow/example_dags/example_bash_operator.py
[2024-07-20T15:21:46.122+0000] {processor.py:830} INFO - Processing file /home/airflow/.local/lib/python3.12/site-packages/airflow/example_dags/example_bash_operator.py for tasks to queue
[2024-07-20T15:21:46.124+0000] {logging_mixin.py:188} INFO - [2024-07-20T15:21:46.123+0000] {dagbag.py:545} INFO - Filling up the DagBag from /home/airflow/.local/lib/python3.12/site-packages/airflow/example_dags/example_bash_operator.py
[2024-07-20T15:21:46.135+0000] {processor.py:840} INFO - DAG(s) 'example_bash_operator' retrieved from /home/airflow/.local/lib/python3.12/site-packages/airflow/example_dags/example_bash_operator.py
[2024-07-20T15:21:46.166+0000] {logging_mixin.py:188} INFO - [2024-07-20T15:21:46.166+0000] {dag.py:3089} INFO - Sync 1 DAGs
[2024-07-20T15:21:46.191+0000] {logging_mixin.py:188} INFO - [2024-07-20T15:21:46.191+0000] {dag.py:3947} INFO - Setting next_dagrun for example_bash_operator to 2024-07-19 00:00:00+00:00, run_after=2024-07-20 00:00:00+00:00
[2024-07-20T15:21:46.208+0000] {processor.py:183} INFO - Processing /home/airflow/.local/lib/python3.12/site-packages/airflow/example_dags/example_bash_operator.py took 0.092 seconds
[2024-07-20T15:22:16.676+0000] {processor.py:161} INFO - Started process (PID=475) to work on /home/airflow/.local/lib/python3.12/site-packages/airflow/example_dags/example_bash_operator.py
[2024-07-20T15:22:16.677+0000] {processor.py:830} INFO - Processing file /home/airflow/.local/lib/python3.12/site-packages/airflow/example_dags/example_bash_operator.py for tasks to queue
[2024-07-20T15:22:16.679+0000] {logging_mixin.py:188} INFO - [2024-07-20T15:22:16.678+0000] {dagbag.py:545} INFO - Filling up the DagBag from /home/airflow/.local/lib/python3.12/site-packages/airflow/example_dags/example_bash_operator.py
[2024-07-20T15:22:16.690+0000] {processor.py:840} INFO - DAG(s) 'example_bash_operator' retrieved from /home/airflow/.local/lib/python3.12/site-packages/airflow/example_dags/example_bash_operator.py
[2024-07-20T15:22:16.717+0000] {logging_mixin.py:188} INFO - [2024-07-20T15:22:16.717+0000] {dag.py:3089} INFO - Sync 1 DAGs
[2024-07-20T15:22:16.741+0000] {logging_mixin.py:188} INFO - [2024-07-20T15:22:16.741+0000] {dag.py:3947} INFO - Setting next_dagrun for example_bash_operator to 2024-07-19 00:00:00+00:00, run_after=2024-07-20 00:00:00+00:00
[2024-07-20T15:22:16.757+0000] {processor.py:183} INFO - Processing /home/airflow/.local/lib/python3.12/site-packages/airflow/example_dags/example_bash_operator.py took 0.087 seconds
[2024-07-20T15:23:28.274+0000] {processor.py:161} INFO - Started process (PID=64) to work on /home/airflow/.local/lib/python3.12/site-packages/airflow/example_dags/example_bash_operator.py
[2024-07-20T15:23:28.275+0000] {processor.py:830} INFO - Processing file /home/airflow/.local/lib/python3.12/site-packages/airflow/example_dags/example_bash_operator.py for tasks to queue
[2024-07-20T15:23:28.276+0000] {logging_mixin.py:188} INFO - [2024-07-20T15:23:28.276+0000] {dagbag.py:545} INFO - Filling up the DagBag from /home/airflow/.local/lib/python3.12/site-packages/airflow/example_dags/example_bash_operator.py
[2024-07-20T15:23:28.290+0000] {processor.py:840} INFO - DAG(s) 'example_bash_operator' retrieved from /home/airflow/.local/lib/python3.12/site-packages/airflow/example_dags/example_bash_operator.py
[2024-07-20T15:23:28.302+0000] {logging_mixin.py:188} INFO - [2024-07-20T15:23:28.302+0000] {dag.py:3089} INFO - Sync 1 DAGs
[2024-07-20T15:23:28.326+0000] {logging_mixin.py:188} INFO - [2024-07-20T15:23:28.325+0000] {dag.py:3947} INFO - Setting next_dagrun for example_bash_operator to 2024-07-19 00:00:00+00:00, run_after=2024-07-20 00:00:00+00:00
[2024-07-20T15:23:28.344+0000] {processor.py:183} INFO - Processing /home/airflow/.local/lib/python3.12/site-packages/airflow/example_dags/example_bash_operator.py took 0.077 seconds
[2024-07-20T15:24:00.447+0000] {processor.py:161} INFO - Started process (PID=124) to work on /home/airflow/.local/lib/python3.12/site-packages/airflow/example_dags/example_bash_operator.py
[2024-07-20T15:24:00.448+0000] {processor.py:830} INFO - Processing file /home/airflow/.local/lib/python3.12/site-packages/airflow/example_dags/example_bash_operator.py for tasks to queue
[2024-07-20T15:24:00.451+0000] {logging_mixin.py:188} INFO - [2024-07-20T15:24:00.450+0000] {dagbag.py:545} INFO - Filling up the DagBag from /home/airflow/.local/lib/python3.12/site-packages/airflow/example_dags/example_bash_operator.py
[2024-07-20T15:24:00.471+0000] {processor.py:840} INFO - DAG(s) 'example_bash_operator' retrieved from /home/airflow/.local/lib/python3.12/site-packages/airflow/example_dags/example_bash_operator.py
[2024-07-20T15:24:00.589+0000] {logging_mixin.py:188} INFO - [2024-07-20T15:24:00.588+0000] {dag.py:3089} INFO - Sync 1 DAGs
[2024-07-20T15:24:00.611+0000] {logging_mixin.py:188} INFO - [2024-07-20T15:24:00.611+0000] {dag.py:3947} INFO - Setting next_dagrun for example_bash_operator to 2024-07-19 00:00:00+00:00, run_after=2024-07-20 00:00:00+00:00
[2024-07-20T15:24:00.633+0000] {processor.py:183} INFO - Processing /home/airflow/.local/lib/python3.12/site-packages/airflow/example_dags/example_bash_operator.py took 0.194 seconds
