[2024-07-20T15:18:37.408+0000] {processor.py:161} INFO - Started process (PID=53) to work on /home/airflow/.local/lib/python3.12/site-packages/airflow/example_dags/example_branch_labels.py
[2024-07-20T15:18:37.424+0000] {processor.py:830} INFO - Processing file /home/airflow/.local/lib/python3.12/site-packages/airflow/example_dags/example_branch_labels.py for tasks to queue
[2024-07-20T15:18:37.435+0000] {logging_mixin.py:188} INFO - [2024-07-20T15:18:37.432+0000] {dagbag.py:545} INFO - Filling up the DagBag from /home/airflow/.local/lib/python3.12/site-packages/airflow/example_dags/example_branch_labels.py
[2024-07-20T15:18:37.479+0000] {processor.py:840} INFO - DAG(s) 'example_branch_labels' retrieved from /home/airflow/.local/lib/python3.12/site-packages/airflow/example_dags/example_branch_labels.py
[2024-07-20T15:18:37.810+0000] {logging_mixin.py:188} INFO - [2024-07-20T15:18:37.809+0000] {dag.py:3089} INFO - Sync 1 DAGs
[2024-07-20T15:18:37.857+0000] {logging_mixin.py:188} INFO - [2024-07-20T15:18:37.857+0000] {dag.py:3947} INFO - Setting next_dagrun for example_branch_labels to 2024-07-19 00:00:00+00:00, run_after=2024-07-20 00:00:00+00:00
[2024-07-20T15:18:37.987+0000] {processor.py:183} INFO - Processing /home/airflow/.local/lib/python3.12/site-packages/airflow/example_dags/example_branch_labels.py took 0.591 seconds
[2024-07-20T15:19:08.470+0000] {processor.py:161} INFO - Started process (PID=111) to work on /home/airflow/.local/lib/python3.12/site-packages/airflow/example_dags/example_branch_labels.py
[2024-07-20T15:19:08.471+0000] {processor.py:830} INFO - Processing file /home/airflow/.local/lib/python3.12/site-packages/airflow/example_dags/example_branch_labels.py for tasks to queue
[2024-07-20T15:19:08.473+0000] {logging_mixin.py:188} INFO - [2024-07-20T15:19:08.472+0000] {dagbag.py:545} INFO - Filling up the DagBag from /home/airflow/.local/lib/python3.12/site-packages/airflow/example_dags/example_branch_labels.py
[2024-07-20T15:19:08.481+0000] {processor.py:840} INFO - DAG(s) 'example_branch_labels' retrieved from /home/airflow/.local/lib/python3.12/site-packages/airflow/example_dags/example_branch_labels.py
[2024-07-20T15:19:08.556+0000] {logging_mixin.py:188} INFO - [2024-07-20T15:19:08.556+0000] {dag.py:3089} INFO - Sync 1 DAGs
[2024-07-20T15:19:08.591+0000] {logging_mixin.py:188} INFO - [2024-07-20T15:19:08.591+0000] {dag.py:3947} INFO - Setting next_dagrun for example_branch_labels to 2024-07-19 00:00:00+00:00, run_after=2024-07-20 00:00:00+00:00
[2024-07-20T15:19:08.634+0000] {processor.py:183} INFO - Processing /home/airflow/.local/lib/python3.12/site-packages/airflow/example_dags/example_branch_labels.py took 0.172 seconds
[2024-07-20T15:19:38.746+0000] {processor.py:161} INFO - Started process (PID=170) to work on /home/airflow/.local/lib/python3.12/site-packages/airflow/example_dags/example_branch_labels.py
[2024-07-20T15:19:38.747+0000] {processor.py:830} INFO - Processing file /home/airflow/.local/lib/python3.12/site-packages/airflow/example_dags/example_branch_labels.py for tasks to queue
[2024-07-20T15:19:38.749+0000] {logging_mixin.py:188} INFO - [2024-07-20T15:19:38.748+0000] {dagbag.py:545} INFO - Filling up the DagBag from /home/airflow/.local/lib/python3.12/site-packages/airflow/example_dags/example_branch_labels.py
[2024-07-20T15:19:38.755+0000] {processor.py:840} INFO - DAG(s) 'example_branch_labels' retrieved from /home/airflow/.local/lib/python3.12/site-packages/airflow/example_dags/example_branch_labels.py
[2024-07-20T15:19:38.776+0000] {logging_mixin.py:188} INFO - [2024-07-20T15:19:38.776+0000] {dag.py:3089} INFO - Sync 1 DAGs
[2024-07-20T15:19:38.798+0000] {logging_mixin.py:188} INFO - [2024-07-20T15:19:38.798+0000] {dag.py:3947} INFO - Setting next_dagrun for example_branch_labels to 2024-07-19 00:00:00+00:00, run_after=2024-07-20 00:00:00+00:00
[2024-07-20T15:19:38.817+0000] {processor.py:183} INFO - Processing /home/airflow/.local/lib/python3.12/site-packages/airflow/example_dags/example_branch_labels.py took 0.076 seconds
[2024-07-20T15:20:08.905+0000] {processor.py:161} INFO - Started process (PID=228) to work on /home/airflow/.local/lib/python3.12/site-packages/airflow/example_dags/example_branch_labels.py
[2024-07-20T15:20:08.906+0000] {processor.py:830} INFO - Processing file /home/airflow/.local/lib/python3.12/site-packages/airflow/example_dags/example_branch_labels.py for tasks to queue
[2024-07-20T15:20:08.908+0000] {logging_mixin.py:188} INFO - [2024-07-20T15:20:08.907+0000] {dagbag.py:545} INFO - Filling up the DagBag from /home/airflow/.local/lib/python3.12/site-packages/airflow/example_dags/example_branch_labels.py
[2024-07-20T15:20:08.915+0000] {processor.py:840} INFO - DAG(s) 'example_branch_labels' retrieved from /home/airflow/.local/lib/python3.12/site-packages/airflow/example_dags/example_branch_labels.py
[2024-07-20T15:20:08.935+0000] {logging_mixin.py:188} INFO - [2024-07-20T15:20:08.935+0000] {dag.py:3089} INFO - Sync 1 DAGs
[2024-07-20T15:20:08.959+0000] {logging_mixin.py:188} INFO - [2024-07-20T15:20:08.958+0000] {dag.py:3947} INFO - Setting next_dagrun for example_branch_labels to 2024-07-19 00:00:00+00:00, run_after=2024-07-20 00:00:00+00:00
[2024-07-20T15:20:08.977+0000] {processor.py:183} INFO - Processing /home/airflow/.local/lib/python3.12/site-packages/airflow/example_dags/example_branch_labels.py took 0.077 seconds
[2024-07-20T15:20:39.006+0000] {processor.py:161} INFO - Started process (PID=286) to work on /home/airflow/.local/lib/python3.12/site-packages/airflow/example_dags/example_branch_labels.py
[2024-07-20T15:20:39.007+0000] {processor.py:830} INFO - Processing file /home/airflow/.local/lib/python3.12/site-packages/airflow/example_dags/example_branch_labels.py for tasks to queue
[2024-07-20T15:20:39.008+0000] {logging_mixin.py:188} INFO - [2024-07-20T15:20:39.008+0000] {dagbag.py:545} INFO - Filling up the DagBag from /home/airflow/.local/lib/python3.12/site-packages/airflow/example_dags/example_branch_labels.py
[2024-07-20T15:20:39.015+0000] {processor.py:840} INFO - DAG(s) 'example_branch_labels' retrieved from /home/airflow/.local/lib/python3.12/site-packages/airflow/example_dags/example_branch_labels.py
[2024-07-20T15:20:39.036+0000] {logging_mixin.py:188} INFO - [2024-07-20T15:20:39.036+0000] {dag.py:3089} INFO - Sync 1 DAGs
[2024-07-20T15:20:39.061+0000] {logging_mixin.py:188} INFO - [2024-07-20T15:20:39.060+0000] {dag.py:3947} INFO - Setting next_dagrun for example_branch_labels to 2024-07-19 00:00:00+00:00, run_after=2024-07-20 00:00:00+00:00
[2024-07-20T15:20:39.079+0000] {processor.py:183} INFO - Processing /home/airflow/.local/lib/python3.12/site-packages/airflow/example_dags/example_branch_labels.py took 0.078 seconds
[2024-07-20T15:21:09.114+0000] {processor.py:161} INFO - Started process (PID=344) to work on /home/airflow/.local/lib/python3.12/site-packages/airflow/example_dags/example_branch_labels.py
[2024-07-20T15:21:09.114+0000] {processor.py:830} INFO - Processing file /home/airflow/.local/lib/python3.12/site-packages/airflow/example_dags/example_branch_labels.py for tasks to queue
[2024-07-20T15:21:09.116+0000] {logging_mixin.py:188} INFO - [2024-07-20T15:21:09.116+0000] {dagbag.py:545} INFO - Filling up the DagBag from /home/airflow/.local/lib/python3.12/site-packages/airflow/example_dags/example_branch_labels.py
[2024-07-20T15:21:09.132+0000] {processor.py:840} INFO - DAG(s) 'example_branch_labels' retrieved from /home/airflow/.local/lib/python3.12/site-packages/airflow/example_dags/example_branch_labels.py
[2024-07-20T15:21:09.159+0000] {logging_mixin.py:188} INFO - [2024-07-20T15:21:09.159+0000] {dag.py:3089} INFO - Sync 1 DAGs
[2024-07-20T15:21:09.192+0000] {logging_mixin.py:188} INFO - [2024-07-20T15:21:09.191+0000] {dag.py:3947} INFO - Setting next_dagrun for example_branch_labels to 2024-07-19 00:00:00+00:00, run_after=2024-07-20 00:00:00+00:00
[2024-07-20T15:21:09.219+0000] {processor.py:183} INFO - Processing /home/airflow/.local/lib/python3.12/site-packages/airflow/example_dags/example_branch_labels.py took 0.111 seconds
[2024-07-20T15:21:39.333+0000] {processor.py:161} INFO - Started process (PID=402) to work on /home/airflow/.local/lib/python3.12/site-packages/airflow/example_dags/example_branch_labels.py
[2024-07-20T15:21:39.334+0000] {processor.py:830} INFO - Processing file /home/airflow/.local/lib/python3.12/site-packages/airflow/example_dags/example_branch_labels.py for tasks to queue
[2024-07-20T15:21:39.336+0000] {logging_mixin.py:188} INFO - [2024-07-20T15:21:39.335+0000] {dagbag.py:545} INFO - Filling up the DagBag from /home/airflow/.local/lib/python3.12/site-packages/airflow/example_dags/example_branch_labels.py
[2024-07-20T15:21:39.345+0000] {processor.py:840} INFO - DAG(s) 'example_branch_labels' retrieved from /home/airflow/.local/lib/python3.12/site-packages/airflow/example_dags/example_branch_labels.py
[2024-07-20T15:21:39.369+0000] {logging_mixin.py:188} INFO - [2024-07-20T15:21:39.369+0000] {dag.py:3089} INFO - Sync 1 DAGs
[2024-07-20T15:21:39.394+0000] {logging_mixin.py:188} INFO - [2024-07-20T15:21:39.393+0000] {dag.py:3947} INFO - Setting next_dagrun for example_branch_labels to 2024-07-19 00:00:00+00:00, run_after=2024-07-20 00:00:00+00:00
[2024-07-20T15:21:39.412+0000] {processor.py:183} INFO - Processing /home/airflow/.local/lib/python3.12/site-packages/airflow/example_dags/example_branch_labels.py took 0.085 seconds
[2024-07-20T15:22:09.996+0000] {processor.py:161} INFO - Started process (PID=460) to work on /home/airflow/.local/lib/python3.12/site-packages/airflow/example_dags/example_branch_labels.py
[2024-07-20T15:22:09.997+0000] {processor.py:830} INFO - Processing file /home/airflow/.local/lib/python3.12/site-packages/airflow/example_dags/example_branch_labels.py for tasks to queue
[2024-07-20T15:22:09.998+0000] {logging_mixin.py:188} INFO - [2024-07-20T15:22:09.998+0000] {dagbag.py:545} INFO - Filling up the DagBag from /home/airflow/.local/lib/python3.12/site-packages/airflow/example_dags/example_branch_labels.py
[2024-07-20T15:22:10.007+0000] {processor.py:840} INFO - DAG(s) 'example_branch_labels' retrieved from /home/airflow/.local/lib/python3.12/site-packages/airflow/example_dags/example_branch_labels.py
[2024-07-20T15:22:10.026+0000] {logging_mixin.py:188} INFO - [2024-07-20T15:22:10.026+0000] {dag.py:3089} INFO - Sync 1 DAGs
[2024-07-20T15:22:10.048+0000] {logging_mixin.py:188} INFO - [2024-07-20T15:22:10.047+0000] {dag.py:3947} INFO - Setting next_dagrun for example_branch_labels to 2024-07-19 00:00:00+00:00, run_after=2024-07-20 00:00:00+00:00
[2024-07-20T15:22:10.067+0000] {processor.py:183} INFO - Processing /home/airflow/.local/lib/python3.12/site-packages/airflow/example_dags/example_branch_labels.py took 0.077 seconds
[2024-07-20T15:23:26.568+0000] {processor.py:161} INFO - Started process (PID=48) to work on /home/airflow/.local/lib/python3.12/site-packages/airflow/example_dags/example_branch_labels.py
[2024-07-20T15:23:26.569+0000] {processor.py:830} INFO - Processing file /home/airflow/.local/lib/python3.12/site-packages/airflow/example_dags/example_branch_labels.py for tasks to queue
[2024-07-20T15:23:26.571+0000] {logging_mixin.py:188} INFO - [2024-07-20T15:23:26.571+0000] {dagbag.py:545} INFO - Filling up the DagBag from /home/airflow/.local/lib/python3.12/site-packages/airflow/example_dags/example_branch_labels.py
[2024-07-20T15:23:26.583+0000] {processor.py:840} INFO - DAG(s) 'example_branch_labels' retrieved from /home/airflow/.local/lib/python3.12/site-packages/airflow/example_dags/example_branch_labels.py
[2024-07-20T15:23:26.599+0000] {logging_mixin.py:188} INFO - [2024-07-20T15:23:26.599+0000] {dag.py:3089} INFO - Sync 1 DAGs
[2024-07-20T15:23:26.648+0000] {logging_mixin.py:188} INFO - [2024-07-20T15:23:26.647+0000] {dag.py:3947} INFO - Setting next_dagrun for example_branch_labels to 2024-07-19 00:00:00+00:00, run_after=2024-07-20 00:00:00+00:00
[2024-07-20T15:23:26.671+0000] {processor.py:183} INFO - Processing /home/airflow/.local/lib/python3.12/site-packages/airflow/example_dags/example_branch_labels.py took 0.110 seconds
[2024-07-20T15:23:58.163+0000] {processor.py:161} INFO - Started process (PID=108) to work on /home/airflow/.local/lib/python3.12/site-packages/airflow/example_dags/example_branch_labels.py
[2024-07-20T15:23:58.163+0000] {processor.py:830} INFO - Processing file /home/airflow/.local/lib/python3.12/site-packages/airflow/example_dags/example_branch_labels.py for tasks to queue
[2024-07-20T15:23:58.165+0000] {logging_mixin.py:188} INFO - [2024-07-20T15:23:58.164+0000] {dagbag.py:545} INFO - Filling up the DagBag from /home/airflow/.local/lib/python3.12/site-packages/airflow/example_dags/example_branch_labels.py
[2024-07-20T15:23:58.173+0000] {processor.py:840} INFO - DAG(s) 'example_branch_labels' retrieved from /home/airflow/.local/lib/python3.12/site-packages/airflow/example_dags/example_branch_labels.py
[2024-07-20T15:23:58.310+0000] {logging_mixin.py:188} INFO - [2024-07-20T15:23:58.310+0000] {dag.py:3089} INFO - Sync 1 DAGs
[2024-07-20T15:23:58.335+0000] {logging_mixin.py:188} INFO - [2024-07-20T15:23:58.335+0000] {dag.py:3947} INFO - Setting next_dagrun for example_branch_labels to 2024-07-19 00:00:00+00:00, run_after=2024-07-20 00:00:00+00:00
[2024-07-20T15:23:58.364+0000] {processor.py:183} INFO - Processing /home/airflow/.local/lib/python3.12/site-packages/airflow/example_dags/example_branch_labels.py took 0.208 seconds
