[2024-07-20T15:18:41.791+0000] {processor.py:161} INFO - Started process (PID=67) to work on /home/airflow/.local/lib/python3.12/site-packages/airflow/example_dags/example_python_operator.py
[2024-07-20T15:18:41.792+0000] {processor.py:830} INFO - Processing file /home/airflow/.local/lib/python3.12/site-packages/airflow/example_dags/example_python_operator.py for tasks to queue
[2024-07-20T15:18:41.794+0000] {logging_mixin.py:188} INFO - [2024-07-20T15:18:41.793+0000] {dagbag.py:545} INFO - Filling up the DagBag from /home/airflow/.local/lib/python3.12/site-packages/airflow/example_dags/example_python_operator.py
[2024-07-20T15:18:41.821+0000] {processor.py:840} INFO - DAG(s) 'example_python_operator' retrieved from /home/airflow/.local/lib/python3.12/site-packages/airflow/example_dags/example_python_operator.py
[2024-07-20T15:18:42.076+0000] {logging_mixin.py:188} INFO - [2024-07-20T15:18:42.076+0000] {dag.py:3089} INFO - Sync 1 DAGs
[2024-07-20T15:18:42.092+0000] {logging_mixin.py:188} INFO - [2024-07-20T15:18:42.092+0000] {dag.py:3947} INFO - Setting next_dagrun for example_python_operator to None, run_after=None
[2024-07-20T15:18:42.142+0000] {processor.py:183} INFO - Processing /home/airflow/.local/lib/python3.12/site-packages/airflow/example_dags/example_python_operator.py took 0.371 seconds
[2024-07-20T15:19:12.400+0000] {processor.py:161} INFO - Started process (PID=125) to work on /home/airflow/.local/lib/python3.12/site-packages/airflow/example_dags/example_python_operator.py
[2024-07-20T15:19:12.402+0000] {processor.py:830} INFO - Processing file /home/airflow/.local/lib/python3.12/site-packages/airflow/example_dags/example_python_operator.py for tasks to queue
[2024-07-20T15:19:12.404+0000] {logging_mixin.py:188} INFO - [2024-07-20T15:19:12.404+0000] {dagbag.py:545} INFO - Filling up the DagBag from /home/airflow/.local/lib/python3.12/site-packages/airflow/example_dags/example_python_operator.py
[2024-07-20T15:19:12.416+0000] {processor.py:840} INFO - DAG(s) 'example_python_operator' retrieved from /home/airflow/.local/lib/python3.12/site-packages/airflow/example_dags/example_python_operator.py
[2024-07-20T15:19:12.442+0000] {logging_mixin.py:188} INFO - [2024-07-20T15:19:12.441+0000] {dag.py:3089} INFO - Sync 1 DAGs
[2024-07-20T15:19:12.459+0000] {logging_mixin.py:188} INFO - [2024-07-20T15:19:12.458+0000] {dag.py:3947} INFO - Setting next_dagrun for example_python_operator to None, run_after=None
[2024-07-20T15:19:12.488+0000] {processor.py:183} INFO - Processing /home/airflow/.local/lib/python3.12/site-packages/airflow/example_dags/example_python_operator.py took 0.096 seconds
[2024-07-20T15:19:42.787+0000] {processor.py:161} INFO - Started process (PID=184) to work on /home/airflow/.local/lib/python3.12/site-packages/airflow/example_dags/example_python_operator.py
[2024-07-20T15:19:42.788+0000] {processor.py:830} INFO - Processing file /home/airflow/.local/lib/python3.12/site-packages/airflow/example_dags/example_python_operator.py for tasks to queue
[2024-07-20T15:19:42.789+0000] {logging_mixin.py:188} INFO - [2024-07-20T15:19:42.789+0000] {dagbag.py:545} INFO - Filling up the DagBag from /home/airflow/.local/lib/python3.12/site-packages/airflow/example_dags/example_python_operator.py
[2024-07-20T15:19:42.798+0000] {processor.py:840} INFO - DAG(s) 'example_python_operator' retrieved from /home/airflow/.local/lib/python3.12/site-packages/airflow/example_dags/example_python_operator.py
[2024-07-20T15:19:42.819+0000] {logging_mixin.py:188} INFO - [2024-07-20T15:19:42.819+0000] {dag.py:3089} INFO - Sync 1 DAGs
[2024-07-20T15:19:42.831+0000] {logging_mixin.py:188} INFO - [2024-07-20T15:19:42.831+0000] {dag.py:3947} INFO - Setting next_dagrun for example_python_operator to None, run_after=None
[2024-07-20T15:19:42.850+0000] {processor.py:183} INFO - Processing /home/airflow/.local/lib/python3.12/site-packages/airflow/example_dags/example_python_operator.py took 0.068 seconds
[2024-07-20T15:20:13.657+0000] {processor.py:161} INFO - Started process (PID=242) to work on /home/airflow/.local/lib/python3.12/site-packages/airflow/example_dags/example_python_operator.py
[2024-07-20T15:20:13.658+0000] {processor.py:830} INFO - Processing file /home/airflow/.local/lib/python3.12/site-packages/airflow/example_dags/example_python_operator.py for tasks to queue
[2024-07-20T15:20:13.659+0000] {logging_mixin.py:188} INFO - [2024-07-20T15:20:13.659+0000] {dagbag.py:545} INFO - Filling up the DagBag from /home/airflow/.local/lib/python3.12/site-packages/airflow/example_dags/example_python_operator.py
[2024-07-20T15:20:13.670+0000] {processor.py:840} INFO - DAG(s) 'example_python_operator' retrieved from /home/airflow/.local/lib/python3.12/site-packages/airflow/example_dags/example_python_operator.py
[2024-07-20T15:20:13.693+0000] {logging_mixin.py:188} INFO - [2024-07-20T15:20:13.693+0000] {dag.py:3089} INFO - Sync 1 DAGs
[2024-07-20T15:20:13.706+0000] {logging_mixin.py:188} INFO - [2024-07-20T15:20:13.705+0000] {dag.py:3947} INFO - Setting next_dagrun for example_python_operator to None, run_after=None
[2024-07-20T15:20:13.728+0000] {processor.py:183} INFO - Processing /home/airflow/.local/lib/python3.12/site-packages/airflow/example_dags/example_python_operator.py took 0.076 seconds
[2024-07-20T15:20:44.706+0000] {processor.py:161} INFO - Started process (PID=300) to work on /home/airflow/.local/lib/python3.12/site-packages/airflow/example_dags/example_python_operator.py
[2024-07-20T15:20:44.707+0000] {processor.py:830} INFO - Processing file /home/airflow/.local/lib/python3.12/site-packages/airflow/example_dags/example_python_operator.py for tasks to queue
[2024-07-20T15:20:44.709+0000] {logging_mixin.py:188} INFO - [2024-07-20T15:20:44.708+0000] {dagbag.py:545} INFO - Filling up the DagBag from /home/airflow/.local/lib/python3.12/site-packages/airflow/example_dags/example_python_operator.py
[2024-07-20T15:20:44.718+0000] {processor.py:840} INFO - DAG(s) 'example_python_operator' retrieved from /home/airflow/.local/lib/python3.12/site-packages/airflow/example_dags/example_python_operator.py
[2024-07-20T15:20:44.739+0000] {logging_mixin.py:188} INFO - [2024-07-20T15:20:44.738+0000] {dag.py:3089} INFO - Sync 1 DAGs
[2024-07-20T15:20:44.751+0000] {logging_mixin.py:188} INFO - [2024-07-20T15:20:44.751+0000] {dag.py:3947} INFO - Setting next_dagrun for example_python_operator to None, run_after=None
[2024-07-20T15:20:44.770+0000] {processor.py:183} INFO - Processing /home/airflow/.local/lib/python3.12/site-packages/airflow/example_dags/example_python_operator.py took 0.070 seconds
[2024-07-20T15:21:14.909+0000] {processor.py:161} INFO - Started process (PID=357) to work on /home/airflow/.local/lib/python3.12/site-packages/airflow/example_dags/example_python_operator.py
[2024-07-20T15:21:14.909+0000] {processor.py:830} INFO - Processing file /home/airflow/.local/lib/python3.12/site-packages/airflow/example_dags/example_python_operator.py for tasks to queue
[2024-07-20T15:21:14.911+0000] {logging_mixin.py:188} INFO - [2024-07-20T15:21:14.911+0000] {dagbag.py:545} INFO - Filling up the DagBag from /home/airflow/.local/lib/python3.12/site-packages/airflow/example_dags/example_python_operator.py
[2024-07-20T15:21:14.924+0000] {processor.py:840} INFO - DAG(s) 'example_python_operator' retrieved from /home/airflow/.local/lib/python3.12/site-packages/airflow/example_dags/example_python_operator.py
[2024-07-20T15:21:14.948+0000] {logging_mixin.py:188} INFO - [2024-07-20T15:21:14.948+0000] {dag.py:3089} INFO - Sync 1 DAGs
[2024-07-20T15:21:14.962+0000] {logging_mixin.py:188} INFO - [2024-07-20T15:21:14.962+0000] {dag.py:3947} INFO - Setting next_dagrun for example_python_operator to None, run_after=None
[2024-07-20T15:21:14.983+0000] {processor.py:183} INFO - Processing /home/airflow/.local/lib/python3.12/site-packages/airflow/example_dags/example_python_operator.py took 0.081 seconds
[2024-07-20T15:21:45.017+0000] {processor.py:161} INFO - Started process (PID=415) to work on /home/airflow/.local/lib/python3.12/site-packages/airflow/example_dags/example_python_operator.py
[2024-07-20T15:21:45.018+0000] {processor.py:830} INFO - Processing file /home/airflow/.local/lib/python3.12/site-packages/airflow/example_dags/example_python_operator.py for tasks to queue
[2024-07-20T15:21:45.019+0000] {logging_mixin.py:188} INFO - [2024-07-20T15:21:45.019+0000] {dagbag.py:545} INFO - Filling up the DagBag from /home/airflow/.local/lib/python3.12/site-packages/airflow/example_dags/example_python_operator.py
[2024-07-20T15:21:45.029+0000] {processor.py:840} INFO - DAG(s) 'example_python_operator' retrieved from /home/airflow/.local/lib/python3.12/site-packages/airflow/example_dags/example_python_operator.py
[2024-07-20T15:21:45.055+0000] {logging_mixin.py:188} INFO - [2024-07-20T15:21:45.054+0000] {dag.py:3089} INFO - Sync 1 DAGs
[2024-07-20T15:21:45.068+0000] {logging_mixin.py:188} INFO - [2024-07-20T15:21:45.068+0000] {dag.py:3947} INFO - Setting next_dagrun for example_python_operator to None, run_after=None
[2024-07-20T15:21:45.091+0000] {processor.py:183} INFO - Processing /home/airflow/.local/lib/python3.12/site-packages/airflow/example_dags/example_python_operator.py took 0.080 seconds
[2024-07-20T15:22:15.591+0000] {processor.py:161} INFO - Started process (PID=473) to work on /home/airflow/.local/lib/python3.12/site-packages/airflow/example_dags/example_python_operator.py
[2024-07-20T15:22:15.591+0000] {processor.py:830} INFO - Processing file /home/airflow/.local/lib/python3.12/site-packages/airflow/example_dags/example_python_operator.py for tasks to queue
[2024-07-20T15:22:15.593+0000] {logging_mixin.py:188} INFO - [2024-07-20T15:22:15.593+0000] {dagbag.py:545} INFO - Filling up the DagBag from /home/airflow/.local/lib/python3.12/site-packages/airflow/example_dags/example_python_operator.py
[2024-07-20T15:22:15.603+0000] {processor.py:840} INFO - DAG(s) 'example_python_operator' retrieved from /home/airflow/.local/lib/python3.12/site-packages/airflow/example_dags/example_python_operator.py
[2024-07-20T15:22:15.625+0000] {logging_mixin.py:188} INFO - [2024-07-20T15:22:15.625+0000] {dag.py:3089} INFO - Sync 1 DAGs
[2024-07-20T15:22:15.640+0000] {logging_mixin.py:188} INFO - [2024-07-20T15:22:15.640+0000] {dag.py:3947} INFO - Setting next_dagrun for example_python_operator to None, run_after=None
[2024-07-20T15:22:15.660+0000] {processor.py:183} INFO - Processing /home/airflow/.local/lib/python3.12/site-packages/airflow/example_dags/example_python_operator.py took 0.075 seconds
[2024-07-20T15:23:27.558+0000] {processor.py:161} INFO - Started process (PID=62) to work on /home/airflow/.local/lib/python3.12/site-packages/airflow/example_dags/example_python_operator.py
[2024-07-20T15:23:27.561+0000] {processor.py:830} INFO - Processing file /home/airflow/.local/lib/python3.12/site-packages/airflow/example_dags/example_python_operator.py for tasks to queue
[2024-07-20T15:23:27.573+0000] {logging_mixin.py:188} INFO - [2024-07-20T15:23:27.569+0000] {dagbag.py:545} INFO - Filling up the DagBag from /home/airflow/.local/lib/python3.12/site-packages/airflow/example_dags/example_python_operator.py
[2024-07-20T15:23:27.618+0000] {processor.py:840} INFO - DAG(s) 'example_python_operator' retrieved from /home/airflow/.local/lib/python3.12/site-packages/airflow/example_dags/example_python_operator.py
[2024-07-20T15:23:27.630+0000] {logging_mixin.py:188} INFO - [2024-07-20T15:23:27.630+0000] {dag.py:3089} INFO - Sync 1 DAGs
[2024-07-20T15:23:27.648+0000] {logging_mixin.py:188} INFO - [2024-07-20T15:23:27.648+0000] {dag.py:3947} INFO - Setting next_dagrun for example_python_operator to None, run_after=None
[2024-07-20T15:23:28.243+0000] {processor.py:183} INFO - Processing /home/airflow/.local/lib/python3.12/site-packages/airflow/example_dags/example_python_operator.py took 0.697 seconds
[2024-07-20T15:24:00.211+0000] {processor.py:161} INFO - Started process (PID=122) to work on /home/airflow/.local/lib/python3.12/site-packages/airflow/example_dags/example_python_operator.py
[2024-07-20T15:24:00.212+0000] {processor.py:830} INFO - Processing file /home/airflow/.local/lib/python3.12/site-packages/airflow/example_dags/example_python_operator.py for tasks to queue
[2024-07-20T15:24:00.214+0000] {logging_mixin.py:188} INFO - [2024-07-20T15:24:00.213+0000] {dagbag.py:545} INFO - Filling up the DagBag from /home/airflow/.local/lib/python3.12/site-packages/airflow/example_dags/example_python_operator.py
[2024-07-20T15:24:00.231+0000] {processor.py:840} INFO - DAG(s) 'example_python_operator' retrieved from /home/airflow/.local/lib/python3.12/site-packages/airflow/example_dags/example_python_operator.py
[2024-07-20T15:24:00.387+0000] {logging_mixin.py:188} INFO - [2024-07-20T15:24:00.387+0000] {dag.py:3089} INFO - Sync 1 DAGs
[2024-07-20T15:24:00.404+0000] {logging_mixin.py:188} INFO - [2024-07-20T15:24:00.403+0000] {dag.py:3947} INFO - Setting next_dagrun for example_python_operator to None, run_after=None
[2024-07-20T15:24:00.443+0000] {processor.py:183} INFO - Processing /home/airflow/.local/lib/python3.12/site-packages/airflow/example_dags/example_python_operator.py took 0.237 seconds
