[2024-07-20T15:18:32.190+0000] {processor.py:161} INFO - Started process (PID=29) to work on /home/airflow/.local/lib/python3.12/site-packages/airflow/example_dags/tutorial.py
[2024-07-20T15:18:32.191+0000] {processor.py:830} INFO - Processing file /home/airflow/.local/lib/python3.12/site-packages/airflow/example_dags/tutorial.py for tasks to queue
[2024-07-20T15:18:32.193+0000] {logging_mixin.py:188} INFO - [2024-07-20T15:18:32.193+0000] {dagbag.py:545} INFO - Filling up the DagBag from /home/airflow/.local/lib/python3.12/site-packages/airflow/example_dags/tutorial.py
[2024-07-20T15:18:32.211+0000] {processor.py:840} INFO - DAG(s) 'tutorial' retrieved from /home/airflow/.local/lib/python3.12/site-packages/airflow/example_dags/tutorial.py
[2024-07-20T15:18:32.379+0000] {logging_mixin.py:188} INFO - [2024-07-20T15:18:32.379+0000] {dag.py:3089} INFO - Sync 1 DAGs
[2024-07-20T15:18:32.421+0000] {logging_mixin.py:188} INFO - [2024-07-20T15:18:32.421+0000] {dag.py:3947} INFO - Setting next_dagrun for tutorial to 2024-07-19 00:00:00+00:00, run_after=2024-07-20 00:00:00+00:00
[2024-07-20T15:18:32.485+0000] {processor.py:183} INFO - Processing /home/airflow/.local/lib/python3.12/site-packages/airflow/example_dags/tutorial.py took 0.309 seconds
[2024-07-20T15:19:03.463+0000] {processor.py:161} INFO - Started process (PID=87) to work on /home/airflow/.local/lib/python3.12/site-packages/airflow/example_dags/tutorial.py
[2024-07-20T15:19:03.464+0000] {processor.py:830} INFO - Processing file /home/airflow/.local/lib/python3.12/site-packages/airflow/example_dags/tutorial.py for tasks to queue
[2024-07-20T15:19:03.466+0000] {logging_mixin.py:188} INFO - [2024-07-20T15:19:03.465+0000] {dagbag.py:545} INFO - Filling up the DagBag from /home/airflow/.local/lib/python3.12/site-packages/airflow/example_dags/tutorial.py
[2024-07-20T15:19:03.476+0000] {processor.py:840} INFO - DAG(s) 'tutorial' retrieved from /home/airflow/.local/lib/python3.12/site-packages/airflow/example_dags/tutorial.py
[2024-07-20T15:19:03.503+0000] {logging_mixin.py:188} INFO - [2024-07-20T15:19:03.503+0000] {dag.py:3089} INFO - Sync 1 DAGs
[2024-07-20T15:19:03.532+0000] {logging_mixin.py:188} INFO - [2024-07-20T15:19:03.531+0000] {dag.py:3947} INFO - Setting next_dagrun for tutorial to 2024-07-19 00:00:00+00:00, run_after=2024-07-20 00:00:00+00:00
[2024-07-20T15:19:03.550+0000] {processor.py:183} INFO - Processing /home/airflow/.local/lib/python3.12/site-packages/airflow/example_dags/tutorial.py took 0.094 seconds
[2024-07-20T15:19:33.669+0000] {processor.py:161} INFO - Started process (PID=145) to work on /home/airflow/.local/lib/python3.12/site-packages/airflow/example_dags/tutorial.py
[2024-07-20T15:19:33.670+0000] {processor.py:830} INFO - Processing file /home/airflow/.local/lib/python3.12/site-packages/airflow/example_dags/tutorial.py for tasks to queue
[2024-07-20T15:19:33.672+0000] {logging_mixin.py:188} INFO - [2024-07-20T15:19:33.671+0000] {dagbag.py:545} INFO - Filling up the DagBag from /home/airflow/.local/lib/python3.12/site-packages/airflow/example_dags/tutorial.py
[2024-07-20T15:19:33.678+0000] {processor.py:840} INFO - DAG(s) 'tutorial' retrieved from /home/airflow/.local/lib/python3.12/site-packages/airflow/example_dags/tutorial.py
[2024-07-20T15:19:33.699+0000] {logging_mixin.py:188} INFO - [2024-07-20T15:19:33.699+0000] {dag.py:3089} INFO - Sync 1 DAGs
[2024-07-20T15:19:33.726+0000] {logging_mixin.py:188} INFO - [2024-07-20T15:19:33.726+0000] {dag.py:3947} INFO - Setting next_dagrun for tutorial to 2024-07-19 00:00:00+00:00, run_after=2024-07-20 00:00:00+00:00
[2024-07-20T15:19:33.746+0000] {processor.py:183} INFO - Processing /home/airflow/.local/lib/python3.12/site-packages/airflow/example_dags/tutorial.py took 0.082 seconds
[2024-07-20T15:20:03.860+0000] {processor.py:161} INFO - Started process (PID=204) to work on /home/airflow/.local/lib/python3.12/site-packages/airflow/example_dags/tutorial.py
[2024-07-20T15:20:03.861+0000] {processor.py:830} INFO - Processing file /home/airflow/.local/lib/python3.12/site-packages/airflow/example_dags/tutorial.py for tasks to queue
[2024-07-20T15:20:03.863+0000] {logging_mixin.py:188} INFO - [2024-07-20T15:20:03.862+0000] {dagbag.py:545} INFO - Filling up the DagBag from /home/airflow/.local/lib/python3.12/site-packages/airflow/example_dags/tutorial.py
[2024-07-20T15:20:03.868+0000] {processor.py:840} INFO - DAG(s) 'tutorial' retrieved from /home/airflow/.local/lib/python3.12/site-packages/airflow/example_dags/tutorial.py
[2024-07-20T15:20:03.890+0000] {logging_mixin.py:188} INFO - [2024-07-20T15:20:03.889+0000] {dag.py:3089} INFO - Sync 1 DAGs
[2024-07-20T15:20:03.914+0000] {logging_mixin.py:188} INFO - [2024-07-20T15:20:03.914+0000] {dag.py:3947} INFO - Setting next_dagrun for tutorial to 2024-07-19 00:00:00+00:00, run_after=2024-07-20 00:00:00+00:00
[2024-07-20T15:20:03.933+0000] {processor.py:183} INFO - Processing /home/airflow/.local/lib/python3.12/site-packages/airflow/example_dags/tutorial.py took 0.080 seconds
[2024-07-20T15:20:33.962+0000] {processor.py:161} INFO - Started process (PID=262) to work on /home/airflow/.local/lib/python3.12/site-packages/airflow/example_dags/tutorial.py
[2024-07-20T15:20:33.963+0000] {processor.py:830} INFO - Processing file /home/airflow/.local/lib/python3.12/site-packages/airflow/example_dags/tutorial.py for tasks to queue
[2024-07-20T15:20:33.965+0000] {logging_mixin.py:188} INFO - [2024-07-20T15:20:33.964+0000] {dagbag.py:545} INFO - Filling up the DagBag from /home/airflow/.local/lib/python3.12/site-packages/airflow/example_dags/tutorial.py
[2024-07-20T15:20:33.970+0000] {processor.py:840} INFO - DAG(s) 'tutorial' retrieved from /home/airflow/.local/lib/python3.12/site-packages/airflow/example_dags/tutorial.py
[2024-07-20T15:20:33.989+0000] {logging_mixin.py:188} INFO - [2024-07-20T15:20:33.989+0000] {dag.py:3089} INFO - Sync 1 DAGs
[2024-07-20T15:20:34.012+0000] {logging_mixin.py:188} INFO - [2024-07-20T15:20:34.012+0000] {dag.py:3947} INFO - Setting next_dagrun for tutorial to 2024-07-19 00:00:00+00:00, run_after=2024-07-20 00:00:00+00:00
[2024-07-20T15:20:34.031+0000] {processor.py:183} INFO - Processing /home/airflow/.local/lib/python3.12/site-packages/airflow/example_dags/tutorial.py took 0.074 seconds
[2024-07-20T15:21:04.237+0000] {processor.py:161} INFO - Started process (PID=320) to work on /home/airflow/.local/lib/python3.12/site-packages/airflow/example_dags/tutorial.py
[2024-07-20T15:21:04.238+0000] {processor.py:830} INFO - Processing file /home/airflow/.local/lib/python3.12/site-packages/airflow/example_dags/tutorial.py for tasks to queue
[2024-07-20T15:21:04.239+0000] {logging_mixin.py:188} INFO - [2024-07-20T15:21:04.239+0000] {dagbag.py:545} INFO - Filling up the DagBag from /home/airflow/.local/lib/python3.12/site-packages/airflow/example_dags/tutorial.py
[2024-07-20T15:21:04.245+0000] {processor.py:840} INFO - DAG(s) 'tutorial' retrieved from /home/airflow/.local/lib/python3.12/site-packages/airflow/example_dags/tutorial.py
[2024-07-20T15:21:04.265+0000] {logging_mixin.py:188} INFO - [2024-07-20T15:21:04.265+0000] {dag.py:3089} INFO - Sync 1 DAGs
[2024-07-20T15:21:04.286+0000] {logging_mixin.py:188} INFO - [2024-07-20T15:21:04.286+0000] {dag.py:3947} INFO - Setting next_dagrun for tutorial to 2024-07-19 00:00:00+00:00, run_after=2024-07-20 00:00:00+00:00
[2024-07-20T15:21:04.314+0000] {processor.py:183} INFO - Processing /home/airflow/.local/lib/python3.12/site-packages/airflow/example_dags/tutorial.py took 0.082 seconds
[2024-07-20T15:21:34.397+0000] {processor.py:161} INFO - Started process (PID=378) to work on /home/airflow/.local/lib/python3.12/site-packages/airflow/example_dags/tutorial.py
[2024-07-20T15:21:34.398+0000] {processor.py:830} INFO - Processing file /home/airflow/.local/lib/python3.12/site-packages/airflow/example_dags/tutorial.py for tasks to queue
[2024-07-20T15:21:34.399+0000] {logging_mixin.py:188} INFO - [2024-07-20T15:21:34.399+0000] {dagbag.py:545} INFO - Filling up the DagBag from /home/airflow/.local/lib/python3.12/site-packages/airflow/example_dags/tutorial.py
[2024-07-20T15:21:34.405+0000] {processor.py:840} INFO - DAG(s) 'tutorial' retrieved from /home/airflow/.local/lib/python3.12/site-packages/airflow/example_dags/tutorial.py
[2024-07-20T15:21:34.424+0000] {logging_mixin.py:188} INFO - [2024-07-20T15:21:34.424+0000] {dag.py:3089} INFO - Sync 1 DAGs
[2024-07-20T15:21:34.450+0000] {logging_mixin.py:188} INFO - [2024-07-20T15:21:34.449+0000] {dag.py:3947} INFO - Setting next_dagrun for tutorial to 2024-07-19 00:00:00+00:00, run_after=2024-07-20 00:00:00+00:00
[2024-07-20T15:21:34.468+0000] {processor.py:183} INFO - Processing /home/airflow/.local/lib/python3.12/site-packages/airflow/example_dags/tutorial.py took 0.077 seconds
[2024-07-20T15:22:05.026+0000] {processor.py:161} INFO - Started process (PID=436) to work on /home/airflow/.local/lib/python3.12/site-packages/airflow/example_dags/tutorial.py
[2024-07-20T15:22:05.027+0000] {processor.py:830} INFO - Processing file /home/airflow/.local/lib/python3.12/site-packages/airflow/example_dags/tutorial.py for tasks to queue
[2024-07-20T15:22:05.031+0000] {logging_mixin.py:188} INFO - [2024-07-20T15:22:05.031+0000] {dagbag.py:545} INFO - Filling up the DagBag from /home/airflow/.local/lib/python3.12/site-packages/airflow/example_dags/tutorial.py
[2024-07-20T15:22:05.045+0000] {processor.py:840} INFO - DAG(s) 'tutorial' retrieved from /home/airflow/.local/lib/python3.12/site-packages/airflow/example_dags/tutorial.py
[2024-07-20T15:22:05.070+0000] {logging_mixin.py:188} INFO - [2024-07-20T15:22:05.070+0000] {dag.py:3089} INFO - Sync 1 DAGs
[2024-07-20T15:22:05.095+0000] {logging_mixin.py:188} INFO - [2024-07-20T15:22:05.095+0000] {dag.py:3947} INFO - Setting next_dagrun for tutorial to 2024-07-19 00:00:00+00:00, run_after=2024-07-20 00:00:00+00:00
[2024-07-20T15:22:05.117+0000] {processor.py:183} INFO - Processing /home/airflow/.local/lib/python3.12/site-packages/airflow/example_dags/tutorial.py took 0.096 seconds
[2024-07-20T15:23:25.159+0000] {processor.py:161} INFO - Started process (PID=30) to work on /home/airflow/.local/lib/python3.12/site-packages/airflow/example_dags/tutorial.py
[2024-07-20T15:23:25.160+0000] {processor.py:830} INFO - Processing file /home/airflow/.local/lib/python3.12/site-packages/airflow/example_dags/tutorial.py for tasks to queue
[2024-07-20T15:23:25.161+0000] {logging_mixin.py:188} INFO - [2024-07-20T15:23:25.161+0000] {dagbag.py:545} INFO - Filling up the DagBag from /home/airflow/.local/lib/python3.12/site-packages/airflow/example_dags/tutorial.py
[2024-07-20T15:23:25.169+0000] {processor.py:840} INFO - DAG(s) 'tutorial' retrieved from /home/airflow/.local/lib/python3.12/site-packages/airflow/example_dags/tutorial.py
[2024-07-20T15:23:25.179+0000] {logging_mixin.py:188} INFO - [2024-07-20T15:23:25.179+0000] {dag.py:3089} INFO - Sync 1 DAGs
[2024-07-20T15:23:25.212+0000] {logging_mixin.py:188} INFO - [2024-07-20T15:23:25.212+0000] {dag.py:3947} INFO - Setting next_dagrun for tutorial to 2024-07-19 00:00:00+00:00, run_after=2024-07-20 00:00:00+00:00
[2024-07-20T15:23:25.240+0000] {processor.py:183} INFO - Processing /home/airflow/.local/lib/python3.12/site-packages/airflow/example_dags/tutorial.py took 0.087 seconds
[2024-07-20T15:23:55.359+0000] {processor.py:161} INFO - Started process (PID=88) to work on /home/airflow/.local/lib/python3.12/site-packages/airflow/example_dags/tutorial.py
[2024-07-20T15:23:55.359+0000] {processor.py:830} INFO - Processing file /home/airflow/.local/lib/python3.12/site-packages/airflow/example_dags/tutorial.py for tasks to queue
[2024-07-20T15:23:55.361+0000] {logging_mixin.py:188} INFO - [2024-07-20T15:23:55.361+0000] {dagbag.py:545} INFO - Filling up the DagBag from /home/airflow/.local/lib/python3.12/site-packages/airflow/example_dags/tutorial.py
[2024-07-20T15:23:55.366+0000] {processor.py:840} INFO - DAG(s) 'tutorial' retrieved from /home/airflow/.local/lib/python3.12/site-packages/airflow/example_dags/tutorial.py
[2024-07-20T15:23:55.473+0000] {logging_mixin.py:188} INFO - [2024-07-20T15:23:55.473+0000] {dag.py:3089} INFO - Sync 1 DAGs
[2024-07-20T15:23:55.493+0000] {logging_mixin.py:188} INFO - [2024-07-20T15:23:55.493+0000] {dag.py:3947} INFO - Setting next_dagrun for tutorial to 2024-07-19 00:00:00+00:00, run_after=2024-07-20 00:00:00+00:00
[2024-07-20T15:23:55.515+0000] {processor.py:183} INFO - Processing /home/airflow/.local/lib/python3.12/site-packages/airflow/example_dags/tutorial.py took 0.162 seconds
[2024-07-20T15:24:26.022+0000] {processor.py:161} INFO - Started process (PID=149) to work on /home/airflow/.local/lib/python3.12/site-packages/airflow/example_dags/tutorial.py
[2024-07-20T15:24:26.024+0000] {processor.py:830} INFO - Processing file /home/airflow/.local/lib/python3.12/site-packages/airflow/example_dags/tutorial.py for tasks to queue
[2024-07-20T15:24:26.026+0000] {logging_mixin.py:188} INFO - [2024-07-20T15:24:26.025+0000] {dagbag.py:545} INFO - Filling up the DagBag from /home/airflow/.local/lib/python3.12/site-packages/airflow/example_dags/tutorial.py
[2024-07-20T15:24:26.031+0000] {processor.py:840} INFO - DAG(s) 'tutorial' retrieved from /home/airflow/.local/lib/python3.12/site-packages/airflow/example_dags/tutorial.py
[2024-07-20T15:24:26.054+0000] {logging_mixin.py:188} INFO - [2024-07-20T15:24:26.053+0000] {dag.py:3089} INFO - Sync 1 DAGs
[2024-07-20T15:24:26.076+0000] {logging_mixin.py:188} INFO - [2024-07-20T15:24:26.076+0000] {dag.py:3947} INFO - Setting next_dagrun for tutorial to 2024-07-19 00:00:00+00:00, run_after=2024-07-20 00:00:00+00:00
[2024-07-20T15:24:26.093+0000] {processor.py:183} INFO - Processing /home/airflow/.local/lib/python3.12/site-packages/airflow/example_dags/tutorial.py took 0.082 seconds
