[2024-07-20T15:18:32.564+0000] {processor.py:161} INFO - Started process (PID=31) to work on /home/airflow/.local/lib/python3.12/site-packages/airflow/example_dags/tutorial_dag.py
[2024-07-20T15:18:32.565+0000] {processor.py:830} INFO - Processing file /home/airflow/.local/lib/python3.12/site-packages/airflow/example_dags/tutorial_dag.py for tasks to queue
[2024-07-20T15:18:32.566+0000] {logging_mixin.py:188} INFO - [2024-07-20T15:18:32.566+0000] {dagbag.py:545} INFO - Filling up the DagBag from /home/airflow/.local/lib/python3.12/site-packages/airflow/example_dags/tutorial_dag.py
[2024-07-20T15:18:32.588+0000] {processor.py:840} INFO - DAG(s) 'tutorial_dag' retrieved from /home/airflow/.local/lib/python3.12/site-packages/airflow/example_dags/tutorial_dag.py
[2024-07-20T15:18:32.845+0000] {logging_mixin.py:188} INFO - [2024-07-20T15:18:32.845+0000] {dag.py:3089} INFO - Sync 1 DAGs
[2024-07-20T15:18:32.861+0000] {logging_mixin.py:188} INFO - [2024-07-20T15:18:32.860+0000] {dag.py:3947} INFO - Setting next_dagrun for tutorial_dag to None, run_after=None
[2024-07-20T15:18:32.893+0000] {processor.py:183} INFO - Processing /home/airflow/.local/lib/python3.12/site-packages/airflow/example_dags/tutorial_dag.py took 0.344 seconds
[2024-07-20T15:19:03.575+0000] {processor.py:161} INFO - Started process (PID=89) to work on /home/airflow/.local/lib/python3.12/site-packages/airflow/example_dags/tutorial_dag.py
[2024-07-20T15:19:03.576+0000] {processor.py:830} INFO - Processing file /home/airflow/.local/lib/python3.12/site-packages/airflow/example_dags/tutorial_dag.py for tasks to queue
[2024-07-20T15:19:03.577+0000] {logging_mixin.py:188} INFO - [2024-07-20T15:19:03.577+0000] {dagbag.py:545} INFO - Filling up the DagBag from /home/airflow/.local/lib/python3.12/site-packages/airflow/example_dags/tutorial_dag.py
[2024-07-20T15:19:03.583+0000] {processor.py:840} INFO - DAG(s) 'tutorial_dag' retrieved from /home/airflow/.local/lib/python3.12/site-packages/airflow/example_dags/tutorial_dag.py
[2024-07-20T15:19:03.603+0000] {logging_mixin.py:188} INFO - [2024-07-20T15:19:03.602+0000] {dag.py:3089} INFO - Sync 1 DAGs
[2024-07-20T15:19:03.615+0000] {logging_mixin.py:188} INFO - [2024-07-20T15:19:03.615+0000] {dag.py:3947} INFO - Setting next_dagrun for tutorial_dag to None, run_after=None
[2024-07-20T15:19:03.634+0000] {processor.py:183} INFO - Processing /home/airflow/.local/lib/python3.12/site-packages/airflow/example_dags/tutorial_dag.py took 0.065 seconds
[2024-07-20T15:19:33.775+0000] {processor.py:161} INFO - Started process (PID=147) to work on /home/airflow/.local/lib/python3.12/site-packages/airflow/example_dags/tutorial_dag.py
[2024-07-20T15:19:33.776+0000] {processor.py:830} INFO - Processing file /home/airflow/.local/lib/python3.12/site-packages/airflow/example_dags/tutorial_dag.py for tasks to queue
[2024-07-20T15:19:33.778+0000] {logging_mixin.py:188} INFO - [2024-07-20T15:19:33.777+0000] {dagbag.py:545} INFO - Filling up the DagBag from /home/airflow/.local/lib/python3.12/site-packages/airflow/example_dags/tutorial_dag.py
[2024-07-20T15:19:33.783+0000] {processor.py:840} INFO - DAG(s) 'tutorial_dag' retrieved from /home/airflow/.local/lib/python3.12/site-packages/airflow/example_dags/tutorial_dag.py
[2024-07-20T15:19:33.810+0000] {logging_mixin.py:188} INFO - [2024-07-20T15:19:33.810+0000] {dag.py:3089} INFO - Sync 1 DAGs
[2024-07-20T15:19:33.824+0000] {logging_mixin.py:188} INFO - [2024-07-20T15:19:33.823+0000] {dag.py:3947} INFO - Setting next_dagrun for tutorial_dag to None, run_after=None
[2024-07-20T15:19:33.845+0000] {processor.py:183} INFO - Processing /home/airflow/.local/lib/python3.12/site-packages/airflow/example_dags/tutorial_dag.py took 0.076 seconds
[2024-07-20T15:20:03.956+0000] {processor.py:161} INFO - Started process (PID=206) to work on /home/airflow/.local/lib/python3.12/site-packages/airflow/example_dags/tutorial_dag.py
[2024-07-20T15:20:03.958+0000] {processor.py:830} INFO - Processing file /home/airflow/.local/lib/python3.12/site-packages/airflow/example_dags/tutorial_dag.py for tasks to queue
[2024-07-20T15:20:03.960+0000] {logging_mixin.py:188} INFO - [2024-07-20T15:20:03.959+0000] {dagbag.py:545} INFO - Filling up the DagBag from /home/airflow/.local/lib/python3.12/site-packages/airflow/example_dags/tutorial_dag.py
[2024-07-20T15:20:03.964+0000] {processor.py:840} INFO - DAG(s) 'tutorial_dag' retrieved from /home/airflow/.local/lib/python3.12/site-packages/airflow/example_dags/tutorial_dag.py
[2024-07-20T15:20:03.982+0000] {logging_mixin.py:188} INFO - [2024-07-20T15:20:03.982+0000] {dag.py:3089} INFO - Sync 1 DAGs
[2024-07-20T15:20:03.995+0000] {logging_mixin.py:188} INFO - [2024-07-20T15:20:03.995+0000] {dag.py:3947} INFO - Setting next_dagrun for tutorial_dag to None, run_after=None
[2024-07-20T15:20:04.022+0000] {processor.py:183} INFO - Processing /home/airflow/.local/lib/python3.12/site-packages/airflow/example_dags/tutorial_dag.py took 0.071 seconds
[2024-07-20T15:20:34.062+0000] {processor.py:161} INFO - Started process (PID=264) to work on /home/airflow/.local/lib/python3.12/site-packages/airflow/example_dags/tutorial_dag.py
[2024-07-20T15:20:34.062+0000] {processor.py:830} INFO - Processing file /home/airflow/.local/lib/python3.12/site-packages/airflow/example_dags/tutorial_dag.py for tasks to queue
[2024-07-20T15:20:34.064+0000] {logging_mixin.py:188} INFO - [2024-07-20T15:20:34.064+0000] {dagbag.py:545} INFO - Filling up the DagBag from /home/airflow/.local/lib/python3.12/site-packages/airflow/example_dags/tutorial_dag.py
[2024-07-20T15:20:34.069+0000] {processor.py:840} INFO - DAG(s) 'tutorial_dag' retrieved from /home/airflow/.local/lib/python3.12/site-packages/airflow/example_dags/tutorial_dag.py
[2024-07-20T15:20:34.090+0000] {logging_mixin.py:188} INFO - [2024-07-20T15:20:34.089+0000] {dag.py:3089} INFO - Sync 1 DAGs
[2024-07-20T15:20:34.104+0000] {logging_mixin.py:188} INFO - [2024-07-20T15:20:34.103+0000] {dag.py:3947} INFO - Setting next_dagrun for tutorial_dag to None, run_after=None
[2024-07-20T15:20:34.125+0000] {processor.py:183} INFO - Processing /home/airflow/.local/lib/python3.12/site-packages/airflow/example_dags/tutorial_dag.py took 0.068 seconds
[2024-07-20T15:21:04.337+0000] {processor.py:161} INFO - Started process (PID=322) to work on /home/airflow/.local/lib/python3.12/site-packages/airflow/example_dags/tutorial_dag.py
[2024-07-20T15:21:04.338+0000] {processor.py:830} INFO - Processing file /home/airflow/.local/lib/python3.12/site-packages/airflow/example_dags/tutorial_dag.py for tasks to queue
[2024-07-20T15:21:04.339+0000] {logging_mixin.py:188} INFO - [2024-07-20T15:21:04.339+0000] {dagbag.py:545} INFO - Filling up the DagBag from /home/airflow/.local/lib/python3.12/site-packages/airflow/example_dags/tutorial_dag.py
[2024-07-20T15:21:04.344+0000] {processor.py:840} INFO - DAG(s) 'tutorial_dag' retrieved from /home/airflow/.local/lib/python3.12/site-packages/airflow/example_dags/tutorial_dag.py
[2024-07-20T15:21:04.363+0000] {logging_mixin.py:188} INFO - [2024-07-20T15:21:04.362+0000] {dag.py:3089} INFO - Sync 1 DAGs
[2024-07-20T15:21:04.374+0000] {logging_mixin.py:188} INFO - [2024-07-20T15:21:04.374+0000] {dag.py:3947} INFO - Setting next_dagrun for tutorial_dag to None, run_after=None
[2024-07-20T15:21:04.394+0000] {processor.py:183} INFO - Processing /home/airflow/.local/lib/python3.12/site-packages/airflow/example_dags/tutorial_dag.py took 0.062 seconds
[2024-07-20T15:21:34.496+0000] {processor.py:161} INFO - Started process (PID=380) to work on /home/airflow/.local/lib/python3.12/site-packages/airflow/example_dags/tutorial_dag.py
[2024-07-20T15:21:34.497+0000] {processor.py:830} INFO - Processing file /home/airflow/.local/lib/python3.12/site-packages/airflow/example_dags/tutorial_dag.py for tasks to queue
[2024-07-20T15:21:34.499+0000] {logging_mixin.py:188} INFO - [2024-07-20T15:21:34.498+0000] {dagbag.py:545} INFO - Filling up the DagBag from /home/airflow/.local/lib/python3.12/site-packages/airflow/example_dags/tutorial_dag.py
[2024-07-20T15:21:34.504+0000] {processor.py:840} INFO - DAG(s) 'tutorial_dag' retrieved from /home/airflow/.local/lib/python3.12/site-packages/airflow/example_dags/tutorial_dag.py
[2024-07-20T15:21:34.524+0000] {logging_mixin.py:188} INFO - [2024-07-20T15:21:34.523+0000] {dag.py:3089} INFO - Sync 1 DAGs
[2024-07-20T15:21:34.537+0000] {logging_mixin.py:188} INFO - [2024-07-20T15:21:34.536+0000] {dag.py:3947} INFO - Setting next_dagrun for tutorial_dag to None, run_after=None
[2024-07-20T15:21:34.557+0000] {processor.py:183} INFO - Processing /home/airflow/.local/lib/python3.12/site-packages/airflow/example_dags/tutorial_dag.py took 0.069 seconds
[2024-07-20T15:22:05.137+0000] {processor.py:161} INFO - Started process (PID=438) to work on /home/airflow/.local/lib/python3.12/site-packages/airflow/example_dags/tutorial_dag.py
[2024-07-20T15:22:05.138+0000] {processor.py:830} INFO - Processing file /home/airflow/.local/lib/python3.12/site-packages/airflow/example_dags/tutorial_dag.py for tasks to queue
[2024-07-20T15:22:05.139+0000] {logging_mixin.py:188} INFO - [2024-07-20T15:22:05.139+0000] {dagbag.py:545} INFO - Filling up the DagBag from /home/airflow/.local/lib/python3.12/site-packages/airflow/example_dags/tutorial_dag.py
[2024-07-20T15:22:05.144+0000] {processor.py:840} INFO - DAG(s) 'tutorial_dag' retrieved from /home/airflow/.local/lib/python3.12/site-packages/airflow/example_dags/tutorial_dag.py
[2024-07-20T15:22:05.163+0000] {logging_mixin.py:188} INFO - [2024-07-20T15:22:05.162+0000] {dag.py:3089} INFO - Sync 1 DAGs
[2024-07-20T15:22:05.177+0000] {logging_mixin.py:188} INFO - [2024-07-20T15:22:05.177+0000] {dag.py:3947} INFO - Setting next_dagrun for tutorial_dag to None, run_after=None
[2024-07-20T15:22:05.197+0000] {processor.py:183} INFO - Processing /home/airflow/.local/lib/python3.12/site-packages/airflow/example_dags/tutorial_dag.py took 0.065 seconds
[2024-07-20T15:23:25.422+0000] {processor.py:161} INFO - Started process (PID=32) to work on /home/airflow/.local/lib/python3.12/site-packages/airflow/example_dags/tutorial_dag.py
[2024-07-20T15:23:25.422+0000] {processor.py:830} INFO - Processing file /home/airflow/.local/lib/python3.12/site-packages/airflow/example_dags/tutorial_dag.py for tasks to queue
[2024-07-20T15:23:25.424+0000] {logging_mixin.py:188} INFO - [2024-07-20T15:23:25.424+0000] {dagbag.py:545} INFO - Filling up the DagBag from /home/airflow/.local/lib/python3.12/site-packages/airflow/example_dags/tutorial_dag.py
[2024-07-20T15:23:25.432+0000] {processor.py:840} INFO - DAG(s) 'tutorial_dag' retrieved from /home/airflow/.local/lib/python3.12/site-packages/airflow/example_dags/tutorial_dag.py
[2024-07-20T15:23:25.445+0000] {logging_mixin.py:188} INFO - [2024-07-20T15:23:25.445+0000] {dag.py:3089} INFO - Sync 1 DAGs
[2024-07-20T15:23:25.460+0000] {logging_mixin.py:188} INFO - [2024-07-20T15:23:25.459+0000] {dag.py:3947} INFO - Setting next_dagrun for tutorial_dag to None, run_after=None
[2024-07-20T15:23:25.482+0000] {processor.py:183} INFO - Processing /home/airflow/.local/lib/python3.12/site-packages/airflow/example_dags/tutorial_dag.py took 0.068 seconds
[2024-07-20T15:23:55.540+0000] {processor.py:161} INFO - Started process (PID=90) to work on /home/airflow/.local/lib/python3.12/site-packages/airflow/example_dags/tutorial_dag.py
[2024-07-20T15:23:55.541+0000] {processor.py:830} INFO - Processing file /home/airflow/.local/lib/python3.12/site-packages/airflow/example_dags/tutorial_dag.py for tasks to queue
[2024-07-20T15:23:55.542+0000] {logging_mixin.py:188} INFO - [2024-07-20T15:23:55.542+0000] {dagbag.py:545} INFO - Filling up the DagBag from /home/airflow/.local/lib/python3.12/site-packages/airflow/example_dags/tutorial_dag.py
[2024-07-20T15:23:55.547+0000] {processor.py:840} INFO - DAG(s) 'tutorial_dag' retrieved from /home/airflow/.local/lib/python3.12/site-packages/airflow/example_dags/tutorial_dag.py
[2024-07-20T15:23:55.665+0000] {logging_mixin.py:188} INFO - [2024-07-20T15:23:55.665+0000] {dag.py:3089} INFO - Sync 1 DAGs
[2024-07-20T15:23:55.684+0000] {logging_mixin.py:188} INFO - [2024-07-20T15:23:55.684+0000] {dag.py:3947} INFO - Setting next_dagrun for tutorial_dag to None, run_after=None
[2024-07-20T15:23:55.720+0000] {processor.py:183} INFO - Processing /home/airflow/.local/lib/python3.12/site-packages/airflow/example_dags/tutorial_dag.py took 0.185 seconds
[2024-07-20T15:24:26.117+0000] {processor.py:161} INFO - Started process (PID=151) to work on /home/airflow/.local/lib/python3.12/site-packages/airflow/example_dags/tutorial_dag.py
[2024-07-20T15:24:26.118+0000] {processor.py:830} INFO - Processing file /home/airflow/.local/lib/python3.12/site-packages/airflow/example_dags/tutorial_dag.py for tasks to queue
[2024-07-20T15:24:26.120+0000] {logging_mixin.py:188} INFO - [2024-07-20T15:24:26.120+0000] {dagbag.py:545} INFO - Filling up the DagBag from /home/airflow/.local/lib/python3.12/site-packages/airflow/example_dags/tutorial_dag.py
[2024-07-20T15:24:26.124+0000] {processor.py:840} INFO - DAG(s) 'tutorial_dag' retrieved from /home/airflow/.local/lib/python3.12/site-packages/airflow/example_dags/tutorial_dag.py
[2024-07-20T15:24:26.142+0000] {logging_mixin.py:188} INFO - [2024-07-20T15:24:26.142+0000] {dag.py:3089} INFO - Sync 1 DAGs
[2024-07-20T15:24:26.154+0000] {logging_mixin.py:188} INFO - [2024-07-20T15:24:26.154+0000] {dag.py:3947} INFO - Setting next_dagrun for tutorial_dag to None, run_after=None
[2024-07-20T15:24:26.176+0000] {processor.py:183} INFO - Processing /home/airflow/.local/lib/python3.12/site-packages/airflow/example_dags/tutorial_dag.py took 0.064 seconds
