[2024-07-20T15:18:34.077+0000] {processor.py:161} INFO - Started process (PID=39) to work on /home/airflow/.local/lib/python3.12/site-packages/airflow/example_dags/tutorial_taskflow_api.py
[2024-07-20T15:18:34.078+0000] {processor.py:830} INFO - Processing file /home/airflow/.local/lib/python3.12/site-packages/airflow/example_dags/tutorial_taskflow_api.py for tasks to queue
[2024-07-20T15:18:34.079+0000] {logging_mixin.py:188} INFO - [2024-07-20T15:18:34.079+0000] {dagbag.py:545} INFO - Filling up the DagBag from /home/airflow/.local/lib/python3.12/site-packages/airflow/example_dags/tutorial_taskflow_api.py
[2024-07-20T15:18:34.090+0000] {processor.py:840} INFO - DAG(s) 'tutorial_taskflow_api' retrieved from /home/airflow/.local/lib/python3.12/site-packages/airflow/example_dags/tutorial_taskflow_api.py
[2024-07-20T15:18:34.343+0000] {logging_mixin.py:188} INFO - [2024-07-20T15:18:34.342+0000] {dag.py:3089} INFO - Sync 1 DAGs
[2024-07-20T15:18:34.355+0000] {logging_mixin.py:188} INFO - [2024-07-20T15:18:34.355+0000] {dag.py:3947} INFO - Setting next_dagrun for tutorial_taskflow_api to None, run_after=None
[2024-07-20T15:18:34.504+0000] {processor.py:183} INFO - Processing /home/airflow/.local/lib/python3.12/site-packages/airflow/example_dags/tutorial_taskflow_api.py took 0.440 seconds
[2024-07-20T15:19:05.018+0000] {processor.py:161} INFO - Started process (PID=97) to work on /home/airflow/.local/lib/python3.12/site-packages/airflow/example_dags/tutorial_taskflow_api.py
[2024-07-20T15:19:05.024+0000] {processor.py:830} INFO - Processing file /home/airflow/.local/lib/python3.12/site-packages/airflow/example_dags/tutorial_taskflow_api.py for tasks to queue
[2024-07-20T15:19:05.026+0000] {logging_mixin.py:188} INFO - [2024-07-20T15:19:05.025+0000] {dagbag.py:545} INFO - Filling up the DagBag from /home/airflow/.local/lib/python3.12/site-packages/airflow/example_dags/tutorial_taskflow_api.py
[2024-07-20T15:19:05.040+0000] {processor.py:840} INFO - DAG(s) 'tutorial_taskflow_api' retrieved from /home/airflow/.local/lib/python3.12/site-packages/airflow/example_dags/tutorial_taskflow_api.py
[2024-07-20T15:19:05.059+0000] {logging_mixin.py:188} INFO - [2024-07-20T15:19:05.059+0000] {dag.py:3089} INFO - Sync 1 DAGs
[2024-07-20T15:19:05.073+0000] {logging_mixin.py:188} INFO - [2024-07-20T15:19:05.073+0000] {dag.py:3947} INFO - Setting next_dagrun for tutorial_taskflow_api to None, run_after=None
[2024-07-20T15:19:05.102+0000] {processor.py:183} INFO - Processing /home/airflow/.local/lib/python3.12/site-packages/airflow/example_dags/tutorial_taskflow_api.py took 0.091 seconds
[2024-07-20T15:19:35.209+0000] {processor.py:161} INFO - Started process (PID=155) to work on /home/airflow/.local/lib/python3.12/site-packages/airflow/example_dags/tutorial_taskflow_api.py
[2024-07-20T15:19:35.213+0000] {processor.py:830} INFO - Processing file /home/airflow/.local/lib/python3.12/site-packages/airflow/example_dags/tutorial_taskflow_api.py for tasks to queue
[2024-07-20T15:19:35.215+0000] {logging_mixin.py:188} INFO - [2024-07-20T15:19:35.214+0000] {dagbag.py:545} INFO - Filling up the DagBag from /home/airflow/.local/lib/python3.12/site-packages/airflow/example_dags/tutorial_taskflow_api.py
[2024-07-20T15:19:35.224+0000] {processor.py:840} INFO - DAG(s) 'tutorial_taskflow_api' retrieved from /home/airflow/.local/lib/python3.12/site-packages/airflow/example_dags/tutorial_taskflow_api.py
[2024-07-20T15:19:35.260+0000] {logging_mixin.py:188} INFO - [2024-07-20T15:19:35.259+0000] {dag.py:3089} INFO - Sync 1 DAGs
[2024-07-20T15:19:35.273+0000] {logging_mixin.py:188} INFO - [2024-07-20T15:19:35.273+0000] {dag.py:3947} INFO - Setting next_dagrun for tutorial_taskflow_api to None, run_after=None
[2024-07-20T15:19:35.299+0000] {processor.py:183} INFO - Processing /home/airflow/.local/lib/python3.12/site-packages/airflow/example_dags/tutorial_taskflow_api.py took 0.098 seconds
[2024-07-20T15:20:05.399+0000] {processor.py:161} INFO - Started process (PID=214) to work on /home/airflow/.local/lib/python3.12/site-packages/airflow/example_dags/tutorial_taskflow_api.py
[2024-07-20T15:20:05.400+0000] {processor.py:830} INFO - Processing file /home/airflow/.local/lib/python3.12/site-packages/airflow/example_dags/tutorial_taskflow_api.py for tasks to queue
[2024-07-20T15:20:05.402+0000] {logging_mixin.py:188} INFO - [2024-07-20T15:20:05.402+0000] {dagbag.py:545} INFO - Filling up the DagBag from /home/airflow/.local/lib/python3.12/site-packages/airflow/example_dags/tutorial_taskflow_api.py
[2024-07-20T15:20:05.408+0000] {processor.py:840} INFO - DAG(s) 'tutorial_taskflow_api' retrieved from /home/airflow/.local/lib/python3.12/site-packages/airflow/example_dags/tutorial_taskflow_api.py
[2024-07-20T15:20:05.432+0000] {logging_mixin.py:188} INFO - [2024-07-20T15:20:05.428+0000] {dag.py:3089} INFO - Sync 1 DAGs
[2024-07-20T15:20:05.453+0000] {logging_mixin.py:188} INFO - [2024-07-20T15:20:05.453+0000] {dag.py:3947} INFO - Setting next_dagrun for tutorial_taskflow_api to None, run_after=None
[2024-07-20T15:20:05.470+0000] {processor.py:183} INFO - Processing /home/airflow/.local/lib/python3.12/site-packages/airflow/example_dags/tutorial_taskflow_api.py took 0.076 seconds
[2024-07-20T15:20:35.569+0000] {processor.py:161} INFO - Started process (PID=272) to work on /home/airflow/.local/lib/python3.12/site-packages/airflow/example_dags/tutorial_taskflow_api.py
[2024-07-20T15:20:35.569+0000] {processor.py:830} INFO - Processing file /home/airflow/.local/lib/python3.12/site-packages/airflow/example_dags/tutorial_taskflow_api.py for tasks to queue
[2024-07-20T15:20:35.571+0000] {logging_mixin.py:188} INFO - [2024-07-20T15:20:35.571+0000] {dagbag.py:545} INFO - Filling up the DagBag from /home/airflow/.local/lib/python3.12/site-packages/airflow/example_dags/tutorial_taskflow_api.py
[2024-07-20T15:20:35.579+0000] {processor.py:840} INFO - DAG(s) 'tutorial_taskflow_api' retrieved from /home/airflow/.local/lib/python3.12/site-packages/airflow/example_dags/tutorial_taskflow_api.py
[2024-07-20T15:20:35.609+0000] {logging_mixin.py:188} INFO - [2024-07-20T15:20:35.608+0000] {dag.py:3089} INFO - Sync 1 DAGs
[2024-07-20T15:20:35.626+0000] {logging_mixin.py:188} INFO - [2024-07-20T15:20:35.626+0000] {dag.py:3947} INFO - Setting next_dagrun for tutorial_taskflow_api to None, run_after=None
[2024-07-20T15:20:35.648+0000] {processor.py:183} INFO - Processing /home/airflow/.local/lib/python3.12/site-packages/airflow/example_dags/tutorial_taskflow_api.py took 0.085 seconds
[2024-07-20T15:21:05.758+0000] {processor.py:161} INFO - Started process (PID=330) to work on /home/airflow/.local/lib/python3.12/site-packages/airflow/example_dags/tutorial_taskflow_api.py
[2024-07-20T15:21:05.759+0000] {processor.py:830} INFO - Processing file /home/airflow/.local/lib/python3.12/site-packages/airflow/example_dags/tutorial_taskflow_api.py for tasks to queue
[2024-07-20T15:21:05.761+0000] {logging_mixin.py:188} INFO - [2024-07-20T15:21:05.760+0000] {dagbag.py:545} INFO - Filling up the DagBag from /home/airflow/.local/lib/python3.12/site-packages/airflow/example_dags/tutorial_taskflow_api.py
[2024-07-20T15:21:05.767+0000] {processor.py:840} INFO - DAG(s) 'tutorial_taskflow_api' retrieved from /home/airflow/.local/lib/python3.12/site-packages/airflow/example_dags/tutorial_taskflow_api.py
[2024-07-20T15:21:05.789+0000] {logging_mixin.py:188} INFO - [2024-07-20T15:21:05.789+0000] {dag.py:3089} INFO - Sync 1 DAGs
[2024-07-20T15:21:05.803+0000] {logging_mixin.py:188} INFO - [2024-07-20T15:21:05.802+0000] {dag.py:3947} INFO - Setting next_dagrun for tutorial_taskflow_api to None, run_after=None
[2024-07-20T15:21:05.826+0000] {processor.py:183} INFO - Processing /home/airflow/.local/lib/python3.12/site-packages/airflow/example_dags/tutorial_taskflow_api.py took 0.074 seconds
[2024-07-20T15:21:36.005+0000] {processor.py:161} INFO - Started process (PID=388) to work on /home/airflow/.local/lib/python3.12/site-packages/airflow/example_dags/tutorial_taskflow_api.py
[2024-07-20T15:21:36.006+0000] {processor.py:830} INFO - Processing file /home/airflow/.local/lib/python3.12/site-packages/airflow/example_dags/tutorial_taskflow_api.py for tasks to queue
[2024-07-20T15:21:36.007+0000] {logging_mixin.py:188} INFO - [2024-07-20T15:21:36.007+0000] {dagbag.py:545} INFO - Filling up the DagBag from /home/airflow/.local/lib/python3.12/site-packages/airflow/example_dags/tutorial_taskflow_api.py
[2024-07-20T15:21:36.013+0000] {processor.py:840} INFO - DAG(s) 'tutorial_taskflow_api' retrieved from /home/airflow/.local/lib/python3.12/site-packages/airflow/example_dags/tutorial_taskflow_api.py
[2024-07-20T15:21:36.034+0000] {logging_mixin.py:188} INFO - [2024-07-20T15:21:36.033+0000] {dag.py:3089} INFO - Sync 1 DAGs
[2024-07-20T15:21:36.047+0000] {logging_mixin.py:188} INFO - [2024-07-20T15:21:36.047+0000] {dag.py:3947} INFO - Setting next_dagrun for tutorial_taskflow_api to None, run_after=None
[2024-07-20T15:21:36.067+0000] {processor.py:183} INFO - Processing /home/airflow/.local/lib/python3.12/site-packages/airflow/example_dags/tutorial_taskflow_api.py took 0.069 seconds
[2024-07-20T15:22:06.651+0000] {processor.py:161} INFO - Started process (PID=452) to work on /home/airflow/.local/lib/python3.12/site-packages/airflow/example_dags/tutorial_taskflow_api.py
[2024-07-20T15:22:06.653+0000] {processor.py:830} INFO - Processing file /home/airflow/.local/lib/python3.12/site-packages/airflow/example_dags/tutorial_taskflow_api.py for tasks to queue
[2024-07-20T15:22:06.655+0000] {logging_mixin.py:188} INFO - [2024-07-20T15:22:06.655+0000] {dagbag.py:545} INFO - Filling up the DagBag from /home/airflow/.local/lib/python3.12/site-packages/airflow/example_dags/tutorial_taskflow_api.py
[2024-07-20T15:22:06.664+0000] {processor.py:840} INFO - DAG(s) 'tutorial_taskflow_api' retrieved from /home/airflow/.local/lib/python3.12/site-packages/airflow/example_dags/tutorial_taskflow_api.py
[2024-07-20T15:22:06.684+0000] {logging_mixin.py:188} INFO - [2024-07-20T15:22:06.684+0000] {dag.py:3089} INFO - Sync 1 DAGs
[2024-07-20T15:22:06.697+0000] {logging_mixin.py:188} INFO - [2024-07-20T15:22:06.696+0000] {dag.py:3947} INFO - Setting next_dagrun for tutorial_taskflow_api to None, run_after=None
[2024-07-20T15:22:06.715+0000] {processor.py:183} INFO - Processing /home/airflow/.local/lib/python3.12/site-packages/airflow/example_dags/tutorial_taskflow_api.py took 0.071 seconds
[2024-07-20T15:23:25.906+0000] {processor.py:161} INFO - Started process (PID=40) to work on /home/airflow/.local/lib/python3.12/site-packages/airflow/example_dags/tutorial_taskflow_api.py
[2024-07-20T15:23:25.907+0000] {processor.py:830} INFO - Processing file /home/airflow/.local/lib/python3.12/site-packages/airflow/example_dags/tutorial_taskflow_api.py for tasks to queue
[2024-07-20T15:23:25.909+0000] {logging_mixin.py:188} INFO - [2024-07-20T15:23:25.908+0000] {dagbag.py:545} INFO - Filling up the DagBag from /home/airflow/.local/lib/python3.12/site-packages/airflow/example_dags/tutorial_taskflow_api.py
[2024-07-20T15:23:25.917+0000] {processor.py:840} INFO - DAG(s) 'tutorial_taskflow_api' retrieved from /home/airflow/.local/lib/python3.12/site-packages/airflow/example_dags/tutorial_taskflow_api.py
[2024-07-20T15:23:25.938+0000] {logging_mixin.py:188} INFO - [2024-07-20T15:23:25.936+0000] {dag.py:3089} INFO - Sync 1 DAGs
[2024-07-20T15:23:25.960+0000] {logging_mixin.py:188} INFO - [2024-07-20T15:23:25.960+0000] {dag.py:3947} INFO - Setting next_dagrun for tutorial_taskflow_api to None, run_after=None
[2024-07-20T15:23:25.983+0000] {processor.py:183} INFO - Processing /home/airflow/.local/lib/python3.12/site-packages/airflow/example_dags/tutorial_taskflow_api.py took 0.084 seconds
[2024-07-20T15:23:57.060+0000] {processor.py:161} INFO - Started process (PID=100) to work on /home/airflow/.local/lib/python3.12/site-packages/airflow/example_dags/tutorial_taskflow_api.py
[2024-07-20T15:23:57.060+0000] {processor.py:830} INFO - Processing file /home/airflow/.local/lib/python3.12/site-packages/airflow/example_dags/tutorial_taskflow_api.py for tasks to queue
[2024-07-20T15:23:57.063+0000] {logging_mixin.py:188} INFO - [2024-07-20T15:23:57.063+0000] {dagbag.py:545} INFO - Filling up the DagBag from /home/airflow/.local/lib/python3.12/site-packages/airflow/example_dags/tutorial_taskflow_api.py
[2024-07-20T15:23:57.072+0000] {processor.py:840} INFO - DAG(s) 'tutorial_taskflow_api' retrieved from /home/airflow/.local/lib/python3.12/site-packages/airflow/example_dags/tutorial_taskflow_api.py
[2024-07-20T15:23:57.258+0000] {logging_mixin.py:188} INFO - [2024-07-20T15:23:57.257+0000] {dag.py:3089} INFO - Sync 1 DAGs
[2024-07-20T15:23:57.276+0000] {logging_mixin.py:188} INFO - [2024-07-20T15:23:57.275+0000] {dag.py:3947} INFO - Setting next_dagrun for tutorial_taskflow_api to None, run_after=None
[2024-07-20T15:23:57.313+0000] {processor.py:183} INFO - Processing /home/airflow/.local/lib/python3.12/site-packages/airflow/example_dags/tutorial_taskflow_api.py took 0.261 seconds
