[2024-07-20T15:23:24.895+0000] {processor.py:161} INFO - Started process (PID=26) to work on /opt/airflow/dags/spotify_ETL.py
[2024-07-20T15:23:24.896+0000] {processor.py:830} INFO - Processing file /opt/airflow/dags/spotify_ETL.py for tasks to queue
[2024-07-20T15:23:24.898+0000] {logging_mixin.py:188} INFO - [2024-07-20T15:23:24.897+0000] {dagbag.py:545} INFO - Filling up the DagBag from /opt/airflow/dags/spotify_ETL.py
[2024-07-20T15:23:25.491+0000] {logging_mixin.py:188} INFO - [2024-07-20T15:23:25.488+0000] {dagbag.py:355} ERROR - Failed to import: /opt/airflow/dags/spotify_ETL.py
Traceback (most recent call last):
  File "/home/airflow/.local/lib/python3.12/site-packages/airflow/models/dagbag.py", line 351, in parse
    loader.exec_module(new_module)
  File "<frozen importlib._bootstrap_external>", line 995, in exec_module
  File "<frozen importlib._bootstrap>", line 488, in _call_with_frames_removed
  File "/opt/airflow/dags/spotify_ETL.py", line 26, in <module>
    conn = BaseHook.get_connection("spotify_api")
           ^^^^^^^^^^^^^^^^^^^^^^^^^^^^^^^^^^^^^^
  File "/home/airflow/.local/lib/python3.12/site-packages/airflow/hooks/base.py", line 83, in get_connection
    conn = Connection.get_connection_from_secrets(conn_id)
           ^^^^^^^^^^^^^^^^^^^^^^^^^^^^^^^^^^^^^^^^^^^^^^^
  File "/home/airflow/.local/lib/python3.12/site-packages/airflow/models/connection.py", line 519, in get_connection_from_secrets
    raise AirflowNotFoundException(f"The conn_id `{conn_id}` isn't defined")
airflow.exceptions.AirflowNotFoundException: The conn_id `spotify_api` isn't defined
[2024-07-20T15:23:25.492+0000] {processor.py:842} WARNING - No viable dags retrieved from /opt/airflow/dags/spotify_ETL.py
[2024-07-20T15:23:25.502+0000] {processor.py:183} INFO - Processing /opt/airflow/dags/spotify_ETL.py took 0.613 seconds
[2024-07-20T15:23:55.744+0000] {processor.py:161} INFO - Started process (PID=91) to work on /opt/airflow/dags/spotify_ETL.py
[2024-07-20T15:23:55.744+0000] {processor.py:830} INFO - Processing file /opt/airflow/dags/spotify_ETL.py for tasks to queue
[2024-07-20T15:23:55.746+0000] {logging_mixin.py:188} INFO - [2024-07-20T15:23:55.746+0000] {dagbag.py:545} INFO - Filling up the DagBag from /opt/airflow/dags/spotify_ETL.py
[2024-07-20T15:23:56.333+0000] {logging_mixin.py:188} INFO - [2024-07-20T15:23:56.331+0000] {dagbag.py:355} ERROR - Failed to import: /opt/airflow/dags/spotify_ETL.py
Traceback (most recent call last):
  File "/home/airflow/.local/lib/python3.12/site-packages/airflow/models/dagbag.py", line 351, in parse
    loader.exec_module(new_module)
  File "<frozen importlib._bootstrap_external>", line 995, in exec_module
  File "<frozen importlib._bootstrap>", line 488, in _call_with_frames_removed
  File "/opt/airflow/dags/spotify_ETL.py", line 26, in <module>
    conn = BaseHook.get_connection("spotify_api")
           ^^^^^^^^^^^^^^^^^^^^^^^^^^^^^^^^^^^^^^
  File "/home/airflow/.local/lib/python3.12/site-packages/airflow/hooks/base.py", line 83, in get_connection
    conn = Connection.get_connection_from_secrets(conn_id)
           ^^^^^^^^^^^^^^^^^^^^^^^^^^^^^^^^^^^^^^^^^^^^^^^
  File "/home/airflow/.local/lib/python3.12/site-packages/airflow/models/connection.py", line 519, in get_connection_from_secrets
    raise AirflowNotFoundException(f"The conn_id `{conn_id}` isn't defined")
airflow.exceptions.AirflowNotFoundException: The conn_id `spotify_api` isn't defined
[2024-07-20T15:23:56.334+0000] {processor.py:842} WARNING - No viable dags retrieved from /opt/airflow/dags/spotify_ETL.py
[2024-07-20T15:23:56.341+0000] {processor.py:183} INFO - Processing /opt/airflow/dags/spotify_ETL.py took 0.603 seconds
[2024-07-20T15:24:27.192+0000] {processor.py:161} INFO - Started process (PID=152) to work on /opt/airflow/dags/spotify_ETL.py
[2024-07-20T15:24:27.197+0000] {processor.py:830} INFO - Processing file /opt/airflow/dags/spotify_ETL.py for tasks to queue
[2024-07-20T15:24:27.199+0000] {logging_mixin.py:188} INFO - [2024-07-20T15:24:27.198+0000] {dagbag.py:545} INFO - Filling up the DagBag from /opt/airflow/dags/spotify_ETL.py
